12:26:02 INFO  : Registering command handlers for SDK TCF services
12:26:02 INFO  : Launching XSCT server: xsct.bat -interactive D:\CENG3430\Lab07\Lab07.sdk\temp_xsdb_launch_script.tcl
12:26:04 INFO  : XSCT server has started successfully.
12:26:05 INFO  : Successfully done setting XSCT server connection channel  
12:26:05 INFO  : Successfully done setting SDK workspace  
12:26:05 INFO  : Processing command line option -hwspec D:/CENG3430/Lab07/Lab07.sdk/stopwatch_system_wrapper.hdf.
12:26:40 INFO  : Saving repository preferences.
12:26:40 INFO  : Reading in cores from local repositories: 
		 D:\CENG3430\Lab07
12:26:40 INFO  : Cleaning BSP projects in the workspace.
12:28:05 INFO  : Connected to target on host '127.0.0.1' and port '3121'.
12:28:06 INFO  : 'targets -set -filter {jtag_cable_name =~ "Digilent Zed 210248AA3E00" && level==0} -index 1' command is executed.
12:28:09 INFO  : FPGA configured successfully with bitstream "D:/CENG3430/Lab07/Lab07.sdk/stopwatch_system_wrapper_hw_platform_0/stopwatch_system_wrapper.bit"
12:28:32 INFO  : 'targets -set -filter {jtag_cable_name =~ "Digilent Zed 210248AA3E00" && level==0} -index 1' command is executed.
12:28:32 INFO  : 'fpga -state' command is executed.
12:28:32 INFO  : Connected to target on host '127.0.0.1' and port '3121'.
12:28:32 INFO  : Jtag cable 'Digilent Zed 210248AA3E00' is selected.
12:28:32 INFO  : 'jtag frequency' command is executed.
12:28:32 INFO  : Sourcing of 'D:/CENG3430/Lab07/Lab07.sdk/stopwatch_system_wrapper_hw_platform_0/ps7_init.tcl' is done.
12:28:32 INFO  : Context for 'APU' is selected.
12:28:32 INFO  : Hardware design information is loaded from 'D:/CENG3430/Lab07/Lab07.sdk/stopwatch_system_wrapper_hw_platform_0/system.hdf'.
12:28:32 INFO  : Context for 'APU' is selected.
12:28:32 INFO  : 'stop' command is executed.
12:28:34 INFO  : 'ps7_init' command is executed.
12:28:34 INFO  : 'ps7_post_config' command is executed.
12:28:34 INFO  : Context for processor 'ps7_cortexa9_0' is selected.
12:28:34 INFO  : Processor reset is completed for 'ps7_cortexa9_0'.
12:28:34 INFO  : Context for processor 'ps7_cortexa9_0' is selected.
12:28:37 ERROR : Memory write error at 0x100000. AP transaction timeout
12:28:37 INFO  : ----------------XSDB Script----------------
connect -url tcp:127.0.0.1:3121
source D:/CENG3430/Lab07/Lab07.sdk/stopwatch_system_wrapper_hw_platform_0/ps7_init.tcl
targets -set -nocase -filter {name =~"APU*" && jtag_cable_name =~ "Digilent Zed 210248AA3E00"} -index 0
loadhw D:/CENG3430/Lab07/Lab07.sdk/stopwatch_system_wrapper_hw_platform_0/system.hdf
targets -set -nocase -filter {name =~"APU*" && jtag_cable_name =~ "Digilent Zed 210248AA3E00"} -index 0
stop
ps7_init
ps7_post_config
targets -set -nocase -filter {name =~ "ARM*#0" && jtag_cable_name =~ "Digilent Zed 210248AA3E00"} -index 0
rst -processor
targets -set -nocase -filter {name =~ "ARM*#0" && jtag_cable_name =~ "Digilent Zed 210248AA3E00"} -index 0
dow D:/CENG3430/Lab07/Lab07.sdk/Stopwatch/Debug/Stopwatch.elf
----------------End of Script----------------

12:28:38 INFO  : Memory regions updated for context APU
12:29:03 INFO  : Connected to target on host '127.0.0.1' and port '3121'.
12:29:03 INFO  : 'targets -set -filter {jtag_cable_name =~ "Digilent Zed 210248AA3E00" && level==0} -index 1' command is executed.
12:29:05 INFO  : FPGA configured successfully with bitstream "D:/CENG3430/Lab07/Lab07.sdk/stopwatch_system_wrapper_hw_platform_0/stopwatch_system_wrapper.bit"
12:29:20 INFO  : 'targets -set -filter {jtag_cable_name =~ "Digilent Zed 210248AA3E00" && level==0} -index 1' command is executed.
12:29:20 INFO  : 'fpga -state' command is executed.
12:29:20 INFO  : Connected to target on host '127.0.0.1' and port '3121'.
12:29:21 INFO  : Jtag cable 'Digilent Zed 210248AA3E00' is selected.
12:29:21 INFO  : 'jtag frequency' command is executed.
12:29:21 INFO  : Sourcing of 'D:/CENG3430/Lab07/Lab07.sdk/stopwatch_system_wrapper_hw_platform_0/ps7_init.tcl' is done.
12:29:21 INFO  : Context for 'APU' is selected.
12:29:21 INFO  : Hardware design information is loaded from 'D:/CENG3430/Lab07/Lab07.sdk/stopwatch_system_wrapper_hw_platform_0/system.hdf'.
12:29:21 INFO  : Context for 'APU' is selected.
12:29:21 INFO  : 'stop' command is executed.
12:29:21 INFO  : 'ps7_init' command is executed.
12:29:21 INFO  : 'ps7_post_config' command is executed.
12:29:21 INFO  : Context for processor 'ps7_cortexa9_0' is selected.
12:29:21 INFO  : Processor reset is completed for 'ps7_cortexa9_0'.
12:29:21 INFO  : Context for processor 'ps7_cortexa9_0' is selected.
12:29:21 INFO  : The application 'D:/CENG3430/Lab07/Lab07.sdk/Stopwatch/Debug/Stopwatch.elf' is downloaded to processor 'ps7_cortexa9_0'.
12:29:21 INFO  : ----------------XSDB Script----------------
connect -url tcp:127.0.0.1:3121
source D:/CENG3430/Lab07/Lab07.sdk/stopwatch_system_wrapper_hw_platform_0/ps7_init.tcl
targets -set -nocase -filter {name =~"APU*" && jtag_cable_name =~ "Digilent Zed 210248AA3E00"} -index 0
loadhw D:/CENG3430/Lab07/Lab07.sdk/stopwatch_system_wrapper_hw_platform_0/system.hdf
targets -set -nocase -filter {name =~"APU*" && jtag_cable_name =~ "Digilent Zed 210248AA3E00"} -index 0
stop
ps7_init
ps7_post_config
targets -set -nocase -filter {name =~ "ARM*#0" && jtag_cable_name =~ "Digilent Zed 210248AA3E00"} -index 0
rst -processor
targets -set -nocase -filter {name =~ "ARM*#0" && jtag_cable_name =~ "Digilent Zed 210248AA3E00"} -index 0
dow D:/CENG3430/Lab07/Lab07.sdk/Stopwatch/Debug/Stopwatch.elf
----------------End of Script----------------

12:29:21 INFO  : Memory regions updated for context APU
12:29:21 INFO  : Context for processor 'ps7_cortexa9_0' is selected.
12:29:21 INFO  : 'con' command is executed.
12:29:21 INFO  : ----------------XSDB Script (After Launch)----------------
targets -set -nocase -filter {name =~ "ARM*#0" && jtag_cable_name =~ "Digilent Zed 210248AA3E00"} -index 0
con
----------------End of Script----------------

12:29:21 INFO  : Launch script is exported to file 'D:\CENG3430\Lab07\Lab07.sdk\.sdk\launch_scripts\xilinx_c-c++_application_(system_debugger)\system_debugger_using_debug_stopwatch.elf_on_local.tcl'
12:29:35 INFO  : Connected to target on host '127.0.0.1' and port '3121'.
12:29:45 INFO  : Disconnected from the channel tcfchan#1.
12:30:03 INFO  : Registering command handlers for SDK TCF services
12:30:04 INFO  : Launching XSCT server: xsct.bat -interactive D:\CENG3430\Lab07\Lab07.sdk\temp_xsdb_launch_script.tcl
12:30:06 INFO  : XSCT server has started successfully.
12:30:06 INFO  : Successfully done setting XSCT server connection channel  
12:30:06 INFO  : Successfully done setting SDK workspace  
12:30:06 INFO  : Restoring local repository preferences: 
		 D:\CENG3430\Lab07
12:30:06 INFO  : Processing command line option -hwspec D:/CENG3430/Lab07/Lab07.sdk/stopwatch_system_wrapper.hdf.
12:30:06 INFO  : Checking for hwspec changes in the project stopwatch_system_wrapper_hw_platform_0.
12:30:12 INFO  : Connected to target on host '127.0.0.1' and port '3121'.
12:30:13 INFO  : 'targets -set -filter {jtag_cable_name =~ "Digilent Zed 210248AA3E00" && level==0} -index 1' command is executed.
12:30:16 INFO  : FPGA configured successfully with bitstream "D:/CENG3430/Lab07/Lab07.sdk/stopwatch_system_wrapper_hw_platform_0/stopwatch_system_wrapper.bit"
12:30:35 INFO  : 'targets -set -filter {jtag_cable_name =~ "Digilent Zed 210248AA3E00" && level==0} -index 1' command is executed.
12:30:35 INFO  : 'fpga -state' command is executed.
12:30:35 INFO  : Connected to target on host '127.0.0.1' and port '3121'.
12:30:35 INFO  : Jtag cable 'Digilent Zed 210248AA3E00' is selected.
12:30:35 INFO  : 'jtag frequency' command is executed.
12:30:35 INFO  : Sourcing of 'D:/CENG3430/Lab07/Lab07.sdk/stopwatch_system_wrapper_hw_platform_0/ps7_init.tcl' is done.
12:30:35 INFO  : Context for 'APU' is selected.
12:30:35 INFO  : Hardware design information is loaded from 'D:/CENG3430/Lab07/Lab07.sdk/stopwatch_system_wrapper_hw_platform_0/system.hdf'.
12:30:35 INFO  : Context for 'APU' is selected.
12:30:35 INFO  : 'stop' command is executed.
12:30:36 INFO  : 'ps7_init' command is executed.
12:30:36 INFO  : 'ps7_post_config' command is executed.
12:30:36 INFO  : Context for processor 'ps7_cortexa9_0' is selected.
12:30:36 INFO  : Processor reset is completed for 'ps7_cortexa9_0'.
12:30:36 INFO  : Context for processor 'ps7_cortexa9_0' is selected.
12:30:36 INFO  : The application 'D:/CENG3430/Lab07/Lab07.sdk/Stopwatch/Release/Stopwatch.elf' is downloaded to processor 'ps7_cortexa9_0'.
12:30:36 INFO  : ----------------XSDB Script----------------
connect -url tcp:127.0.0.1:3121
source D:/CENG3430/Lab07/Lab07.sdk/stopwatch_system_wrapper_hw_platform_0/ps7_init.tcl
targets -set -nocase -filter {name =~"APU*" && jtag_cable_name =~ "Digilent Zed 210248AA3E00"} -index 0
loadhw D:/CENG3430/Lab07/Lab07.sdk/stopwatch_system_wrapper_hw_platform_0/system.hdf
targets -set -nocase -filter {name =~"APU*" && jtag_cable_name =~ "Digilent Zed 210248AA3E00"} -index 0
stop
ps7_init
ps7_post_config
targets -set -nocase -filter {name =~ "ARM*#0" && jtag_cable_name =~ "Digilent Zed 210248AA3E00"} -index 0
rst -processor
targets -set -nocase -filter {name =~ "ARM*#0" && jtag_cable_name =~ "Digilent Zed 210248AA3E00"} -index 0
dow D:/CENG3430/Lab07/Lab07.sdk/Stopwatch/Release/Stopwatch.elf
----------------End of Script----------------

12:30:36 INFO  : Memory regions updated for context APU
12:30:36 INFO  : Context for processor 'ps7_cortexa9_0' is selected.
12:30:36 INFO  : 'con' command is executed.
12:30:36 INFO  : ----------------XSDB Script (After Launch)----------------
targets -set -nocase -filter {name =~ "ARM*#0" && jtag_cable_name =~ "Digilent Zed 210248AA3E00"} -index 0
con
----------------End of Script----------------

12:30:36 INFO  : Launch script is exported to file 'D:\CENG3430\Lab07\Lab07.sdk\.sdk\launch_scripts\xilinx_c-c++_application_(system_debugger)\system_debugger_using_release_stopwatch.elf_on_local.tcl'
12:31:35 INFO  : Connected to target on host '127.0.0.1' and port '3121'.
12:31:35 INFO  : 'targets -set -filter {jtag_cable_name =~ "Digilent Zed 210248AA3E00" && level==0} -index 1' command is executed.
12:31:38 INFO  : FPGA configured successfully with bitstream "D:/CENG3430/Lab07/Lab07.sdk/stopwatch_system_wrapper_hw_platform_0/stopwatch_system_wrapper.bit"
12:32:08 INFO  : Disconnected from the channel tcfchan#1.
12:32:09 INFO  : 'targets -set -filter {jtag_cable_name =~ "Digilent Zed 210248AA3E00" && level==0} -index 1' command is executed.
12:32:09 INFO  : 'fpga -state' command is executed.
12:32:09 INFO  : Connected to target on host '127.0.0.1' and port '3121'.
12:32:09 INFO  : Jtag cable 'Digilent Zed 210248AA3E00' is selected.
12:32:09 INFO  : 'jtag frequency' command is executed.
12:32:09 INFO  : Sourcing of 'D:/CENG3430/Lab07/Lab07.sdk/stopwatch_system_wrapper_hw_platform_0/ps7_init.tcl' is done.
12:32:09 INFO  : Context for 'APU' is selected.
12:32:11 INFO  : Hardware design information is loaded from 'D:/CENG3430/Lab07/Lab07.sdk/stopwatch_system_wrapper_hw_platform_0/system.hdf'.
12:32:11 INFO  : Context for 'APU' is selected.
12:32:11 INFO  : 'stop' command is executed.
12:32:11 INFO  : 'ps7_init' command is executed.
12:32:11 INFO  : 'ps7_post_config' command is executed.
12:32:11 INFO  : Context for processor 'ps7_cortexa9_0' is selected.
12:32:11 INFO  : Processor reset is completed for 'ps7_cortexa9_0'.
12:32:11 INFO  : Context for processor 'ps7_cortexa9_0' is selected.
12:32:11 INFO  : The application 'D:/CENG3430/Lab07/Lab07.sdk/Stopwatch/Debug/Stopwatch.elf' is downloaded to processor 'ps7_cortexa9_0'.
12:32:11 INFO  : ----------------XSDB Script----------------
connect -url tcp:127.0.0.1:3121
source D:/CENG3430/Lab07/Lab07.sdk/stopwatch_system_wrapper_hw_platform_0/ps7_init.tcl
targets -set -nocase -filter {name =~"APU*" && jtag_cable_name =~ "Digilent Zed 210248AA3E00"} -index 0
loadhw D:/CENG3430/Lab07/Lab07.sdk/stopwatch_system_wrapper_hw_platform_0/system.hdf
targets -set -nocase -filter {name =~"APU*" && jtag_cable_name =~ "Digilent Zed 210248AA3E00"} -index 0
stop
ps7_init
ps7_post_config
targets -set -nocase -filter {name =~ "ARM*#0" && jtag_cable_name =~ "Digilent Zed 210248AA3E00"} -index 0
rst -processor
targets -set -nocase -filter {name =~ "ARM*#0" && jtag_cable_name =~ "Digilent Zed 210248AA3E00"} -index 0
dow D:/CENG3430/Lab07/Lab07.sdk/Stopwatch/Debug/Stopwatch.elf
----------------End of Script----------------

12:32:11 INFO  : Memory regions updated for context APU
12:32:12 INFO  : Context for processor 'ps7_cortexa9_0' is selected.
12:32:12 INFO  : 'con' command is executed.
12:32:12 INFO  : ----------------XSDB Script (After Launch)----------------
targets -set -nocase -filter {name =~ "ARM*#0" && jtag_cable_name =~ "Digilent Zed 210248AA3E00"} -index 0
con
----------------End of Script----------------

12:32:12 INFO  : Launch script is exported to file 'D:\CENG3430\Lab07\Lab07.sdk\.sdk\launch_scripts\xilinx_c-c++_application_(system_debugger)\system_debugger_using_debug_stopwatch.elf_on_local.tcl'
12:32:45 INFO  : Connected to target on host '127.0.0.1' and port '3121'.
12:32:45 INFO  : 'targets -set -filter {jtag_cable_name =~ "Digilent Zed 210248AA3E00" && level==0} -index 1' command is executed.
12:32:47 INFO  : FPGA configured successfully with bitstream "D:/CENG3430/Lab07/Lab07.sdk/stopwatch_system_wrapper_hw_platform_0/stopwatch_system_wrapper.bit"
12:33:02 INFO  : Connected to target on host '127.0.0.1' and port '3121'.
12:33:02 INFO  : 'targets -set -filter {jtag_cable_name =~ "Digilent Zed 210248AA3E00" && level==0} -index 1' command is executed.
12:33:04 INFO  : FPGA configured successfully with bitstream "D:/CENG3430/Lab07/Lab07.sdk/stopwatch_system_wrapper_hw_platform_0/stopwatch_system_wrapper.bit"
12:33:21 INFO  : Disconnected from the channel tcfchan#2.
12:33:22 INFO  : 'targets -set -filter {jtag_cable_name =~ "Digilent Zed 210248AA3E00" && level==0} -index 1' command is executed.
12:33:22 INFO  : 'fpga -state' command is executed.
12:33:22 INFO  : Connected to target on host '127.0.0.1' and port '3121'.
12:33:22 INFO  : Jtag cable 'Digilent Zed 210248AA3E00' is selected.
12:33:22 INFO  : 'jtag frequency' command is executed.
12:33:22 INFO  : Sourcing of 'D:/CENG3430/Lab07/Lab07.sdk/stopwatch_system_wrapper_hw_platform_0/ps7_init.tcl' is done.
12:33:22 INFO  : Context for 'APU' is selected.
12:33:24 INFO  : Hardware design information is loaded from 'D:/CENG3430/Lab07/Lab07.sdk/stopwatch_system_wrapper_hw_platform_0/system.hdf'.
12:33:24 INFO  : Context for 'APU' is selected.
12:33:24 INFO  : 'stop' command is executed.
12:33:25 INFO  : 'ps7_init' command is executed.
12:33:25 INFO  : 'ps7_post_config' command is executed.
12:33:25 INFO  : Context for processor 'ps7_cortexa9_0' is selected.
12:33:25 INFO  : Processor reset is completed for 'ps7_cortexa9_0'.
12:33:25 INFO  : Context for processor 'ps7_cortexa9_0' is selected.
12:33:25 INFO  : The application 'D:/CENG3430/Lab07/Lab07.sdk/Stopwatch/Debug/Stopwatch.elf' is downloaded to processor 'ps7_cortexa9_0'.
12:33:25 INFO  : ----------------XSDB Script----------------
connect -url tcp:127.0.0.1:3121
source D:/CENG3430/Lab07/Lab07.sdk/stopwatch_system_wrapper_hw_platform_0/ps7_init.tcl
targets -set -nocase -filter {name =~"APU*" && jtag_cable_name =~ "Digilent Zed 210248AA3E00"} -index 0
loadhw D:/CENG3430/Lab07/Lab07.sdk/stopwatch_system_wrapper_hw_platform_0/system.hdf
targets -set -nocase -filter {name =~"APU*" && jtag_cable_name =~ "Digilent Zed 210248AA3E00"} -index 0
stop
ps7_init
ps7_post_config
targets -set -nocase -filter {name =~ "ARM*#0" && jtag_cable_name =~ "Digilent Zed 210248AA3E00"} -index 0
rst -processor
targets -set -nocase -filter {name =~ "ARM*#0" && jtag_cable_name =~ "Digilent Zed 210248AA3E00"} -index 0
dow D:/CENG3430/Lab07/Lab07.sdk/Stopwatch/Debug/Stopwatch.elf
----------------End of Script----------------

12:33:25 INFO  : Memory regions updated for context APU
12:33:25 INFO  : Context for processor 'ps7_cortexa9_0' is selected.
12:33:25 INFO  : 'con' command is executed.
12:33:25 INFO  : ----------------XSDB Script (After Launch)----------------
targets -set -nocase -filter {name =~ "ARM*#0" && jtag_cable_name =~ "Digilent Zed 210248AA3E00"} -index 0
con
----------------End of Script----------------

12:33:25 INFO  : Launch script is exported to file 'D:\CENG3430\Lab07\Lab07.sdk\.sdk\launch_scripts\xilinx_c-c++_application_(system_debugger)\system_debugger_using_debug_stopwatch.elf_on_local.tcl'
13:01:38 INFO  : Connected to target on host '127.0.0.1' and port '3121'.
13:01:38 INFO  : 'targets -set -filter {jtag_cable_name =~ "Digilent Zed 210248AA3E00" && level==0} -index 1' command is executed.
13:01:40 INFO  : FPGA configured successfully with bitstream "D:/CENG3430/Lab07/Lab07.sdk/stopwatch_system_wrapper_hw_platform_0/stopwatch_system_wrapper.bit"
13:01:53 INFO  : Disconnected from the channel tcfchan#3.
13:01:54 INFO  : 'targets -set -filter {jtag_cable_name =~ "Digilent Zed 210248AA3E00" && level==0} -index 1' command is executed.
13:01:54 INFO  : 'fpga -state' command is executed.
13:01:54 INFO  : Connected to target on host '127.0.0.1' and port '3121'.
13:01:54 INFO  : Jtag cable 'Digilent Zed 210248AA3E00' is selected.
13:01:54 INFO  : 'jtag frequency' command is executed.
13:01:54 INFO  : Sourcing of 'D:/CENG3430/Lab07/Lab07.sdk/stopwatch_system_wrapper_hw_platform_0/ps7_init.tcl' is done.
13:01:54 INFO  : Context for 'APU' is selected.
13:01:56 INFO  : Hardware design information is loaded from 'D:/CENG3430/Lab07/Lab07.sdk/stopwatch_system_wrapper_hw_platform_0/system.hdf'.
13:01:56 INFO  : Context for 'APU' is selected.
13:01:56 INFO  : 'stop' command is executed.
13:01:58 INFO  : 'ps7_init' command is executed.
13:01:58 INFO  : 'ps7_post_config' command is executed.
13:01:58 INFO  : Context for processor 'ps7_cortexa9_0' is selected.
13:01:59 INFO  : Processor reset is completed for 'ps7_cortexa9_0'.
13:01:59 INFO  : Context for processor 'ps7_cortexa9_0' is selected.
13:02:01 ERROR : Memory write error at 0x100000. AP transaction timeout
13:02:01 INFO  : ----------------XSDB Script----------------
connect -url tcp:127.0.0.1:3121
source D:/CENG3430/Lab07/Lab07.sdk/stopwatch_system_wrapper_hw_platform_0/ps7_init.tcl
targets -set -nocase -filter {name =~"APU*" && jtag_cable_name =~ "Digilent Zed 210248AA3E00"} -index 0
loadhw D:/CENG3430/Lab07/Lab07.sdk/stopwatch_system_wrapper_hw_platform_0/system.hdf
targets -set -nocase -filter {name =~"APU*" && jtag_cable_name =~ "Digilent Zed 210248AA3E00"} -index 0
stop
ps7_init
ps7_post_config
targets -set -nocase -filter {name =~ "ARM*#0" && jtag_cable_name =~ "Digilent Zed 210248AA3E00"} -index 0
rst -processor
targets -set -nocase -filter {name =~ "ARM*#0" && jtag_cable_name =~ "Digilent Zed 210248AA3E00"} -index 0
dow D:/CENG3430/Lab07/Lab07.sdk/Stopwatch/Debug/Stopwatch.elf
----------------End of Script----------------

13:02:05 INFO  : Memory regions updated for context APU
13:02:12 INFO  : Connected to target on host '127.0.0.1' and port '3121'.
13:02:12 INFO  : 'targets -set -filter {jtag_cable_name =~ "Digilent Zed 210248AA3E00" && level==0} -index 1' command is executed.
13:02:15 INFO  : FPGA configured successfully with bitstream "D:/CENG3430/Lab07/Lab07.sdk/stopwatch_system_wrapper_hw_platform_0/stopwatch_system_wrapper.bit"
13:02:24 INFO  : 'targets -set -filter {jtag_cable_name =~ "Digilent Zed 210248AA3E00" && level==0} -index 1' command is executed.
13:02:24 INFO  : 'fpga -state' command is executed.
13:02:24 INFO  : Connected to target on host '127.0.0.1' and port '3121'.
13:02:24 INFO  : Jtag cable 'Digilent Zed 210248AA3E00' is selected.
13:02:24 INFO  : 'jtag frequency' command is executed.
13:02:24 INFO  : Sourcing of 'D:/CENG3430/Lab07/Lab07.sdk/stopwatch_system_wrapper_hw_platform_0/ps7_init.tcl' is done.
13:02:24 INFO  : Context for 'APU' is selected.
13:02:24 INFO  : Hardware design information is loaded from 'D:/CENG3430/Lab07/Lab07.sdk/stopwatch_system_wrapper_hw_platform_0/system.hdf'.
13:02:24 INFO  : Context for 'APU' is selected.
13:02:24 INFO  : 'stop' command is executed.
13:02:25 INFO  : 'ps7_init' command is executed.
13:02:25 INFO  : 'ps7_post_config' command is executed.
13:02:25 INFO  : Context for processor 'ps7_cortexa9_0' is selected.
13:02:25 INFO  : Processor reset is completed for 'ps7_cortexa9_0'.
13:02:25 INFO  : Context for processor 'ps7_cortexa9_0' is selected.
13:02:25 INFO  : The application 'D:/CENG3430/Lab07/Lab07.sdk/Stopwatch/Debug/Stopwatch.elf' is downloaded to processor 'ps7_cortexa9_0'.
13:02:25 INFO  : ----------------XSDB Script----------------
connect -url tcp:127.0.0.1:3121
source D:/CENG3430/Lab07/Lab07.sdk/stopwatch_system_wrapper_hw_platform_0/ps7_init.tcl
targets -set -nocase -filter {name =~"APU*" && jtag_cable_name =~ "Digilent Zed 210248AA3E00"} -index 0
loadhw D:/CENG3430/Lab07/Lab07.sdk/stopwatch_system_wrapper_hw_platform_0/system.hdf
targets -set -nocase -filter {name =~"APU*" && jtag_cable_name =~ "Digilent Zed 210248AA3E00"} -index 0
stop
ps7_init
ps7_post_config
targets -set -nocase -filter {name =~ "ARM*#0" && jtag_cable_name =~ "Digilent Zed 210248AA3E00"} -index 0
rst -processor
targets -set -nocase -filter {name =~ "ARM*#0" && jtag_cable_name =~ "Digilent Zed 210248AA3E00"} -index 0
dow D:/CENG3430/Lab07/Lab07.sdk/Stopwatch/Debug/Stopwatch.elf
----------------End of Script----------------

13:02:25 INFO  : Memory regions updated for context APU
13:02:25 INFO  : Context for processor 'ps7_cortexa9_0' is selected.
13:02:25 INFO  : 'con' command is executed.
13:02:25 INFO  : ----------------XSDB Script (After Launch)----------------
targets -set -nocase -filter {name =~ "ARM*#0" && jtag_cable_name =~ "Digilent Zed 210248AA3E00"} -index 0
con
----------------End of Script----------------

13:02:25 INFO  : Launch script is exported to file 'D:\CENG3430\Lab07\Lab07.sdk\.sdk\launch_scripts\xilinx_c-c++_application_(system_debugger)\system_debugger_using_debug_stopwatch.elf_on_local.tcl'
13:03:50 INFO  : Connected to target on host '127.0.0.1' and port '3121'.
13:03:50 INFO  : 'targets -set -filter {jtag_cable_name =~ "Digilent Zed 210248AA3E00" && level==0} -index 1' command is executed.
13:03:53 INFO  : FPGA configured successfully with bitstream "D:/CENG3430/Lab07/Lab07.sdk/stopwatch_system_wrapper_hw_platform_0/stopwatch_system_wrapper.bit"
13:04:05 INFO  : Disconnected from the channel tcfchan#4.
13:04:07 INFO  : 'targets -set -filter {jtag_cable_name =~ "Digilent Zed 210248AA3E00" && level==0} -index 1' command is executed.
13:04:07 INFO  : 'fpga -state' command is executed.
13:04:07 INFO  : Connected to target on host '127.0.0.1' and port '3121'.
13:04:07 INFO  : Jtag cable 'Digilent Zed 210248AA3E00' is selected.
13:04:07 INFO  : 'jtag frequency' command is executed.
13:04:07 INFO  : Sourcing of 'D:/CENG3430/Lab07/Lab07.sdk/stopwatch_system_wrapper_hw_platform_0/ps7_init.tcl' is done.
13:04:07 INFO  : Context for 'APU' is selected.
13:04:09 INFO  : Hardware design information is loaded from 'D:/CENG3430/Lab07/Lab07.sdk/stopwatch_system_wrapper_hw_platform_0/system.hdf'.
13:04:09 INFO  : Context for 'APU' is selected.
13:04:09 INFO  : 'stop' command is executed.
13:04:09 INFO  : 'ps7_init' command is executed.
13:04:09 INFO  : 'ps7_post_config' command is executed.
13:04:09 INFO  : Context for processor 'ps7_cortexa9_0' is selected.
13:04:09 INFO  : Processor reset is completed for 'ps7_cortexa9_0'.
13:04:09 INFO  : Context for processor 'ps7_cortexa9_0' is selected.
13:04:09 INFO  : The application 'D:/CENG3430/Lab07/Lab07.sdk/Stopwatch/Debug/Stopwatch.elf' is downloaded to processor 'ps7_cortexa9_0'.
13:04:09 INFO  : ----------------XSDB Script----------------
connect -url tcp:127.0.0.1:3121
source D:/CENG3430/Lab07/Lab07.sdk/stopwatch_system_wrapper_hw_platform_0/ps7_init.tcl
targets -set -nocase -filter {name =~"APU*" && jtag_cable_name =~ "Digilent Zed 210248AA3E00"} -index 0
loadhw D:/CENG3430/Lab07/Lab07.sdk/stopwatch_system_wrapper_hw_platform_0/system.hdf
targets -set -nocase -filter {name =~"APU*" && jtag_cable_name =~ "Digilent Zed 210248AA3E00"} -index 0
stop
ps7_init
ps7_post_config
targets -set -nocase -filter {name =~ "ARM*#0" && jtag_cable_name =~ "Digilent Zed 210248AA3E00"} -index 0
rst -processor
targets -set -nocase -filter {name =~ "ARM*#0" && jtag_cable_name =~ "Digilent Zed 210248AA3E00"} -index 0
dow D:/CENG3430/Lab07/Lab07.sdk/Stopwatch/Debug/Stopwatch.elf
----------------End of Script----------------

13:04:09 INFO  : Memory regions updated for context APU
13:04:09 INFO  : Context for processor 'ps7_cortexa9_0' is selected.
13:04:10 INFO  : 'con' command is executed.
13:04:10 INFO  : ----------------XSDB Script (After Launch)----------------
targets -set -nocase -filter {name =~ "ARM*#0" && jtag_cable_name =~ "Digilent Zed 210248AA3E00"} -index 0
con
----------------End of Script----------------

13:04:10 INFO  : Launch script is exported to file 'D:\CENG3430\Lab07\Lab07.sdk\.sdk\launch_scripts\xilinx_c-c++_application_(system_debugger)\system_debugger_using_debug_stopwatch.elf_on_local.tcl'
13:52:14 INFO  : Disconnected from the channel tcfchan#5.
