Copyright 1986-2021 Xilinx, Inc. All Rights Reserved.
-----------------------------------------------------------------------------------------
| Tool Version : Vivado v.2021.2 (win64) Build 3367213 Tue Oct 19 02:48:09 MDT 2021
| Date         : Mon May 16 17:41:02 2022
| Host         : DESKTOP-2D4IHUT running 64-bit major release  (build 9200)
| Command      : report_control_sets -verbose -file RunningBlock_control_sets_placed.rpt
| Design       : RunningBlock
| Device       : xc7z020
-----------------------------------------------------------------------------------------

Control Set Information

Table of Contents
-----------------
1. Summary
2. Histogram
3. Flip-Flop Distribution
4. Detailed Control Set Information

1. Summary
----------

+----------------------------------------------------------+-------+
|                          Status                          | Count |
+----------------------------------------------------------+-------+
| Total control sets                                       |    12 |
|    Minimum number of control sets                        |    12 |
|    Addition due to synthesis replication                 |     0 |
|    Addition due to physical synthesis replication        |     0 |
| Unused register locations in slices containing registers |    24 |
+----------------------------------------------------------+-------+
* Control sets can be merged at opt_design using control_set_merge or merge_equivalent_drivers
** Run report_qor_suggestions for automated merging and remapping suggestions


2. Histogram
------------

+--------------------+-------+
|       Fanout       | Count |
+--------------------+-------+
| Total control sets |    12 |
| >= 0 to < 4        |     0 |
| >= 4 to < 6        |     3 |
| >= 6 to < 8        |     1 |
| >= 8 to < 10       |     1 |
| >= 10 to < 12      |     0 |
| >= 12 to < 14      |     0 |
| >= 14 to < 16      |     1 |
| >= 16              |     6 |
+--------------------+-------+
* Control sets can be remapped at either synth_design or opt_design


3. Flip-Flop Distribution
-------------------------

+--------------+-----------------------+------------------------+-----------------+--------------+
| Clock Enable | Synchronous Set/Reset | Asynchronous Set/Reset | Total Registers | Total Slices |
+--------------+-----------------------+------------------------+-----------------+--------------+
| No           | No                    | No                     |              22 |           11 |
| No           | No                    | Yes                    |               0 |            0 |
| No           | Yes                   | No                     |             121 |           33 |
| Yes          | No                    | No                     |              15 |           10 |
| Yes          | No                    | Yes                    |               0 |            0 |
| Yes          | Yes                   | No                     |              74 |           20 |
+--------------+-----------------------+------------------------+-----------------+--------------+


4. Detailed Control Set Information
-----------------------------------

+----------------+------------------------------------+-------------------------------------+------------------+----------------+--------------+
|  Clock Signal  |            Enable Signal           |           Set/Reset Signal          | Slice Load Count | Bel Load Count | Bels / Slice |
+----------------+------------------------------------+-------------------------------------+------------------+----------------+--------------+
|  pulse_BUFG    |                                    |                                     |                2 |              4 |         2.00 |
|  clk_4_BUFG    |                                    |                                     |                3 |              4 |         1.33 |
|  clk_IBUF_BUFG | spi_master_0/busy1                 | spi_master_0/clk_toggles[4]_i_1_n_0 |                1 |              5 |         5.00 |
|  clk_IBUF_BUFG | spi_master_0/rx_data[11]_i_1_n_0   |                                     |                4 |              7 |         1.75 |
|  clk_IBUF_BUFG | spi_master_0/rx_buffer[11]_i_1_n_0 |                                     |                6 |              9 |         1.50 |
|  clk_IBUF_BUFG |                                    |                                     |                6 |             14 |         2.33 |
|  clk_IBUF_BUFG |                                    | spi_master_0/assert_data            |                8 |             28 |         3.50 |
|  pulse_BUFG    |                                    | hcount[31]_i_1_n_0                  |                9 |             31 |         3.44 |
|  clk_IBUF_BUFG |                                    | u4/pulse                            |                8 |             31 |         3.88 |
|  clk_IBUF_BUFG |                                    | u_clk50mhz/pulse_0                  |                8 |             31 |         3.88 |
|  pulse_BUFG    | vcount                             | vcount[31]_i_1_n_0                  |                9 |             32 |         3.56 |
|  clk_4_BUFG    | spi_master_0/coin_reg              | insert[0]_i_1_n_0                   |               10 |             37 |         3.70 |
+----------------+------------------------------------+-------------------------------------+------------------+----------------+--------------+


