@I [HLS-0] Workspace D:/CENG3430/Lab09/solution1 opened at Sun Mar 27 01:31:58 +0800 2022
@I [HLS-100] Execute     config_clock -quiet -name default -period 10 -default=false 
@I [SYN-201] Setting up clock 'default' with a period of 10ns.
@I [HLS-100] Command     config_clock returned 0; 0 sec.
@I [HLS-100] Execute     open_platform DefaultPlatform 
@I [HLS-100] Command     open_platform returned 0; 0 sec.
@I [HLS-100] Execute     import_lib C:/Xilinx/Vivado_HLS/2016.3/common/technology/xilinx/zynq/zynq 
@I [HLS-100] Execute       source C:/Xilinx/Vivado_HLS/2016.3/common/technology/xilinx/common/xilinx.lib 
@I [HLS-100] Execute         source C:/Xilinx/Vivado_HLS/2016.3/common/technology/xilinx/interface/xilinx_interface.lib 
@I [HLS-100] Execute           source C:/Xilinx/Vivado_HLS/2016.3/common/technology/xilinx/interface/plb46.lib 
@I [HLS-100] Command           ap_source returned 0; 0 sec.
@I [HLS-100] Execute           source C:/Xilinx/Vivado_HLS/2016.3/common/technology/xilinx/interface/fsl.lib 
@I [HLS-100] Command           ap_source returned 0; 0 sec.
@I [HLS-100] Execute           source C:/Xilinx/Vivado_HLS/2016.3/common/technology/xilinx/interface/axi4.lib 
@I [HLS-100] Command           ap_source returned 0; 0.001 sec.
@I [HLS-100] Execute           source C:/Xilinx/Vivado_HLS/2016.3/common/technology/xilinx/interface/maxi.lib 
@I [HLS-100] Command           ap_source returned 0; 0 sec.
@I [HLS-100] Execute           source C:/Xilinx/Vivado_HLS/2016.3/common/technology/xilinx/interface/saxilite.lib 
@I [HLS-100] Command           ap_source returned 0; 0 sec.
@I [HLS-100] Command         ap_source returned 0; 0.003 sec.
@I [HLS-100] Execute         source C:/Xilinx/Vivado_HLS/2016.3/common/technology/xilinx/common/dsp48.lib 
@I [HLS-100] Command         ap_source returned 0; 0.001 sec.
@I [HLS-100] Execute         source C:/Xilinx/Vivado_HLS/2016.3/common/technology/xilinx/ip/dds_compiler.lib 
@I [HLS-100] Command         ap_source returned 0; 0 sec.
@I [HLS-100] Execute         source C:/Xilinx/Vivado_HLS/2016.3/common/technology/xilinx/ip/xfft.lib 
@I [HLS-100] Command         ap_source returned 0; 0 sec.
@I [HLS-100] Execute         source C:/Xilinx/Vivado_HLS/2016.3/common/technology/xilinx/ip/xfir.lib 
@I [HLS-100] Command         ap_source returned 0; 0 sec.
@I [HLS-100] Command       ap_source returned 0; 0.007 sec.
@I [HLS-100] Execute       source C:/Xilinx/Vivado_HLS/2016.3/common/technology/xilinx/common/xilinx_old.lib 
@I [HLS-100] Command       ap_source returned 0; 0.001 sec.
@I [HLS-100] Execute       source C:/Xilinx/Vivado_HLS/2016.3/common/technology/xilinx/common/xilinx_vivado.lib 
@I [HLS-100] Command       ap_source returned 0; 0 sec.
@I [HLS-100] Execute       source C:/Xilinx/Vivado_HLS/2016.3/common/technology/xilinx/common/xilinx.hlp 
@I [HLS-100] Execute         source C:/Xilinx/Vivado_HLS/2016.3/common/technology/xilinx/common/target_info.tcl 
@I [HLS-100] Command         ap_source returned 0; 0 sec.
@I [HLS-100] Execute         source C:/Xilinx/Vivado_HLS/2016.3/common/technology/xilinx/interface/xilinx_interface.hlp 
@I [HLS-100] Execute           source C:/Xilinx/Vivado_HLS/2016.3/common/technology/xilinx/interface/maxi.hlp 
@I [HLS-100] Command           ap_source returned 0; 0.001 sec.
@I [HLS-100] Execute           source C:/Xilinx/Vivado_HLS/2016.3/common/technology/xilinx/interface/saxilite.hlp 
@I [HLS-100] Command           ap_source returned 0; 0 sec.
@I [HLS-100] Command         ap_source returned 0; 0.001 sec.
@I [HLS-100] Execute         source C:/Xilinx/Vivado_HLS/2016.3/common/technology/xilinx/common/dsp48.hlp 
@I [HLS-100] Command         ap_source returned 0; 0.001 sec.
@I [HLS-100] Command       ap_source returned 0; 0.004 sec.
@I [HLS-100] Execute       source C:/Xilinx/Vivado_HLS/2016.3/common/technology/xilinx/zynq/dsp48e1.hlp 
@I [HLS-100] Command       ap_source returned 0; 0 sec.
@I [HLS-100] Execute       get_default_platform 
@I [HLS-100] Command       get_default_platform returned 0; 0 sec.
@I [HLS-100] Execute       config_chip_info -quiet -resource  {SLICE 13300}  {LUT 53200}     {FF 106400} {DSP48E 220}   {BRAM 280}  
@I [HLS-100] Command       config_chip_info returned 0; 0 sec.
@I [HLS-100] Execute       config_chip_info -quiet -speed medium 
@I [HLS-100] Command       config_chip_info returned 0; 0 sec.
@I [HLS-100] Command     import_lib returned 0; 0.016 sec.
@I [HLS-100] Execute     source C:/Xilinx/Vivado_HLS/2016.3/common/technology/xilinx/zynq/zynq.gen 
@I [HLS-100] Execute       source C:/Xilinx/Vivado_HLS/2016.3/common/technology/xilinx/common/virtex.gen 
@I [HLS-100] Execute         source C:/Xilinx/Vivado_HLS/2016.3/common/technology/xilinx/common/xilinx.gen 
@I [HLS-100] Execute           source C:/Xilinx/Vivado_HLS/2016.3/common/technology/xilinx/interface/plb46.gen 
@I [HLS-100] Command           ap_source returned 0; 0 sec.
@I [HLS-100] Execute           source C:/Xilinx/Vivado_HLS/2016.3/common/technology/xilinx/interface/fsl.gen 
@I [HLS-100] Command           ap_source returned 0; 0 sec.
@I [HLS-100] Execute           source C:/Xilinx/Vivado_HLS/2016.3/common/technology/xilinx/interface/axi4.gen 
@I [HLS-100] Command           ap_source returned 0; 0.002 sec.
@I [HLS-100] Execute           source C:/Xilinx/Vivado_HLS/2016.3/common/technology/xilinx/interface/nativeAXI4.gen 
@I [HLS-100] Execute             source C:/Xilinx/Vivado_HLS/2016.3/common/technology/xilinx/interface/saxilite.gen 
@I [HLS-100] Command             ap_source returned 0; 0.003 sec.
@I [HLS-100] Execute             source C:/Xilinx/Vivado_HLS/2016.3/common/technology/xilinx/interface/maxi.gen 
@I [HLS-100] Command             ap_source returned 0; 0.006 sec.
@I [HLS-100] Command           ap_source returned 0; 0.01 sec.
@I [HLS-100] Execute           source C:/Xilinx/Vivado_HLS/2016.3/common/technology/xilinx/scripts/xilinxcoregen.gen 
@I [HLS-100] Command           ap_source returned 0; 0.008 sec.
@I [HLS-100] Execute           source C:/Xilinx/Vivado_HLS/2016.3/common/technology/xilinx/interface/XilEDKCoreGen.gen 
@I [HLS-100] Command           ap_source returned 0; 0.007 sec.
@I [HLS-100] Execute           source C:/Xilinx/Vivado_HLS/2016.3/common/technology/xilinx/ip/dds_compiler.gen 
@I [HLS-100] Command           ap_source returned 0; 0.003 sec.
@I [HLS-100] Execute           source C:/Xilinx/Vivado_HLS/2016.3/common/technology/xilinx/ip/util.gen 
@I [HLS-100] Command           ap_source returned 0; 0 sec.
@I [HLS-100] Execute           source C:/Xilinx/Vivado_HLS/2016.3/common/technology/xilinx/ip/xfft.gen 
@I [HLS-100] Command           ap_source returned 0; 0.085 sec.
@I [HLS-100] Execute           source C:/Xilinx/Vivado_HLS/2016.3/common/technology/xilinx/ip/xfir.gen 
@I [HLS-100] Command           ap_source returned 0; 0.001 sec.
@I [HLS-100] Command         ap_source returned 0; 0.119 sec.
@I [HLS-100] Execute         source C:/Xilinx/Vivado_HLS/2016.3/common/technology/xilinx/common/dsp48.gen 
@I [HLS-100] Command         ap_source returned 0; 0 sec.
@I [HLS-100] Command       ap_source returned 0; 0.121 sec.
@I [HLS-100] Command     ap_source returned 0; 0.122 sec.
@I [HLS-100] Execute     open_platform DefaultPlatform 
@I [HLS-100] Command     open_platform returned 0; 0 sec.
@I [HLS-100] Execute     import_lib C:/Xilinx/Vivado_HLS/2016.3/common/technology/xilinx/zynq/zynq_fpv6 
@I [HLS-100] Execute       source C:/Xilinx/Vivado_HLS/2016.3/common/technology/xilinx/common/xilinx_fpv7.lib 
@I [HLS-100] Execute         source C:/Xilinx/Vivado_HLS/2016.3/common/technology/xilinx/common/xilinx_hp.lib 
@I [HLS-100] Command         ap_source returned 0; 0 sec.
@I [HLS-100] Command       ap_source returned 0; 0.003 sec.
@I [HLS-100] Execute       source C:/Xilinx/Vivado_HLS/2016.3/common/technology/xilinx/common/xilinx_fpv.hlp 
@I [HLS-100] Execute         source C:/Xilinx/Vivado_HLS/2016.3/common/technology/xilinx/common/xilinx.hlp 
@I [HLS-100] Execute           source C:/Xilinx/Vivado_HLS/2016.3/common/technology/xilinx/common/target_info.tcl 
@I [HLS-100] Command           ap_source returned 0; 0.033 sec.
@I [HLS-100] Execute           source C:/Xilinx/Vivado_HLS/2016.3/common/technology/xilinx/interface/xilinx_interface.hlp 
@I [HLS-100] Execute             source C:/Xilinx/Vivado_HLS/2016.3/common/technology/xilinx/interface/maxi.hlp 
@I [HLS-100] Command             ap_source returned 0; 0 sec.
@I [HLS-100] Execute             source C:/Xilinx/Vivado_HLS/2016.3/common/technology/xilinx/interface/saxilite.hlp 
@I [HLS-100] Command             ap_source returned 0; 0 sec.
@I [HLS-100] Command           ap_source returned 0; 0 sec.
@I [HLS-100] Execute           source C:/Xilinx/Vivado_HLS/2016.3/common/technology/xilinx/common/dsp48.hlp 
@I [HLS-100] Command           ap_source returned 0; 0 sec.
@I [HLS-100] Command         ap_source returned 0; 0.036 sec.
@I [HLS-100] Command       ap_source returned 0; 0.036 sec.
@I [HLS-100] Execute       source C:/Xilinx/Vivado_HLS/2016.3/common/technology/xilinx/zynq/zynq_hp.hlp 
@I [HLS-100] Command       ap_source returned 0; 0.001 sec.
@I [HLS-100] Command     import_lib returned 0; 0.048 sec.
@I [HLS-100] Execute     source C:/Xilinx/Vivado_HLS/2016.3/common/technology/xilinx/zynq/zynq_fpv6.gen 
@I [HLS-100] Execute       source C:/Xilinx/Vivado_HLS/2016.3/common/technology/xilinx/common/xilinx_fpv6.gen 
@I [HLS-100] Command       ap_source returned 0; 0 sec.
@I [HLS-100] Command     ap_source returned 0; 0.001 sec.
@I [HLS-100] Execute     set_part xc7z020clg484-1 
@I [HLS-100] Execute       add_library xilinx/zynq/zynq:xc7z020:clg484:-1 
@I [HLS-100] Execute         get_default_platform 
@I [HLS-100] Command         get_default_platform returned 0; 0 sec.
@I [HLS-100] Execute         license_isbetapart xc7z020 
@I [HLS-100] Command         license_isbetapart returned 1; 0.011 sec.
@I [HLS-100] Execute         get_default_platform 
@I [HLS-100] Command         get_default_platform returned 0; 0 sec.
@I [HLS-100] Execute         config_chip_info -quiet -resource  {SLICE 13300}  {LUT 53200}     {FF 106400} {DSP48E 220}   {BRAM 280}  
@I [HLS-100] Command         config_chip_info returned 0; 0 sec.
@I [HLS-100] Execute         config_chip_info -quiet -speed slow 
@I [HLS-100] Command         config_chip_info returned 0; 0 sec.
@I [HLS-100] Command       add_library returned 0; 0.017 sec.
@I [HLS-100] Execute       add_library xilinx/zynq/zynq_fpv6 
@I [HLS-100] Execute         get_default_platform 
@I [HLS-100] Command         get_default_platform returned 0; 0 sec.
@I [HLS-100] Command       add_library returned 0; 0.004 sec.
@I [HLS-10] Setting target device to 'xc7z020clg484-1'
@I [HLS-100] Command     set_part returned 0; 0.048 sec.
@I [HLS-100] Execute     get_default_platform 
@I [HLS-100] Command     get_default_platform returned 0; 0 sec.
@I [HLS-100] Execute     config_chip_info -quiet -resource  {SLICE 13300}  {LUT 53200}     {FF 106400} {DSP48E 220}   {BRAM 280}  
@I [HLS-100] Command     config_chip_info returned 0; 0 sec.
@I [HLS-100] Execute     config_chip_info -quiet -speed slow 
@I [HLS-100] Command     config_chip_info returned 0; 0 sec.
@I [HLS-100] Command   open_solution returned 0; 0.285 sec.
@I [HLS-100] Execute   export_design -rtl vhdl -format ip_catalog -version 0.0.0 
@I [HLS-100] Execute     source D:/CENG3430/Lab09/solution1/.autopilot/db/global.setting.tcl 
@I [HLS-100] Command     ap_source returned 0; 0.001 sec.
@I [HLS-100] Execute     source C:/Xilinx/Vivado_HLS/2016.3/common/technology/generic/autopilot/common.gen 
@I [HLS-100] Execute       source C:/Xilinx/Vivado_HLS/2016.3/common/technology/generic/autopilot/APCoreGen.gen 
@I [HLS-100] Command       ap_source returned 0; 0 sec.
@I [HLS-100] Command     ap_source returned 0; 0.002 sec.
@I [HLS-100] Execute     source C:/Xilinx/Vivado_HLS/2016.3/common/technology/generic/autopilot/op.gen 
@I [HLS-100] Command     ap_source returned 0; 0 sec.
@I [HLS-100] Execute     source C:/Xilinx/Vivado_HLS/2016.3/common/technology/generic/autopilot/op_simcore.gen 
@I [HLS-100] Command     ap_source returned 0; 0.001 sec.
@I [HLS-100] Execute     source C:/Xilinx/Vivado_HLS/2016.3/common/technology/generic/autopilot/interface.gen 
@I [HLS-100] Command     ap_source returned 0; 0.001 sec.
@I [HLS-100] Execute     source D:/CENG3430/Lab09/solution1/.autopilot/db/global.setting.tcl 
@I [HLS-100] Command     ap_source returned 0; 0.028 sec.
@I [HLS-100] Execute     source C:/Xilinx/Vivado_HLS/2016.3/common/technology/xilinx/zynq/zynq.gen 
@I [HLS-100] Execute       source C:/Xilinx/Vivado_HLS/2016.3/common/technology/xilinx/common/virtex.gen 
@I [HLS-100] Execute         source C:/Xilinx/Vivado_HLS/2016.3/common/technology/xilinx/common/xilinx.gen 
@I [HLS-100] Execute           source C:/Xilinx/Vivado_HLS/2016.3/common/technology/xilinx/interface/plb46.gen 
@I [HLS-100] Command           ap_source returned 0; 0.001 sec.
@I [HLS-100] Execute           source C:/Xilinx/Vivado_HLS/2016.3/common/technology/xilinx/interface/fsl.gen 
@I [HLS-100] Command           ap_source returned 0; 0 sec.
@I [HLS-100] Execute           source C:/Xilinx/Vivado_HLS/2016.3/common/technology/xilinx/interface/axi4.gen 
@I [HLS-100] Command           ap_source returned 0; 0.002 sec.
@I [HLS-100] Execute           source C:/Xilinx/Vivado_HLS/2016.3/common/technology/xilinx/interface/nativeAXI4.gen 
@I [HLS-100] Execute             source C:/Xilinx/Vivado_HLS/2016.3/common/technology/xilinx/interface/saxilite.gen 
@I [HLS-100] Command             ap_source returned 0; 0.003 sec.
@I [HLS-100] Execute             source C:/Xilinx/Vivado_HLS/2016.3/common/technology/xilinx/interface/maxi.gen 
@I [HLS-100] Command             ap_source returned 0; 0.007 sec.
@I [HLS-100] Command           ap_source returned 0; 0.01 sec.
@I [HLS-100] Execute           source C:/Xilinx/Vivado_HLS/2016.3/common/technology/xilinx/scripts/xilinxcoregen.gen 
@I [HLS-100] Command           ap_source returned 0; 0.008 sec.
@I [HLS-100] Execute           source C:/Xilinx/Vivado_HLS/2016.3/common/technology/xilinx/interface/XilEDKCoreGen.gen 
@I [HLS-100] Command           ap_source returned 0; 0.006 sec.
@I [HLS-100] Execute           source C:/Xilinx/Vivado_HLS/2016.3/common/technology/xilinx/ip/dds_compiler.gen 
@I [HLS-100] Command           ap_source returned 0; 0.002 sec.
@I [HLS-100] Execute           source C:/Xilinx/Vivado_HLS/2016.3/common/technology/xilinx/ip/util.gen 
@I [HLS-100] Command           ap_source returned 0; 0 sec.
@I [HLS-100] Execute           source C:/Xilinx/Vivado_HLS/2016.3/common/technology/xilinx/ip/xfft.gen 
@I [HLS-100] Command           ap_source returned 0; 0.082 sec.
@I [HLS-100] Execute           source C:/Xilinx/Vivado_HLS/2016.3/common/technology/xilinx/ip/xfir.gen 
@I [HLS-100] Command           ap_source returned 0; 0.001 sec.
@I [HLS-100] Command         ap_source returned 0; 0.115 sec.
@I [HLS-100] Execute         source C:/Xilinx/Vivado_HLS/2016.3/common/technology/xilinx/common/dsp48.gen 
@I [HLS-100] Command         ap_source returned 0; 0 sec.
@I [HLS-100] Command       ap_source returned 0; 0.118 sec.
@I [HLS-100] Command     ap_source returned 0; 0.118 sec.
@I [HLS-100] Execute     source C:/Xilinx/Vivado_HLS/2016.3/common/technology/xilinx/zynq/zynq_fpv6.gen 
@I [HLS-100] Execute       source C:/Xilinx/Vivado_HLS/2016.3/common/technology/xilinx/common/xilinx_fpv6.gen 
@I [HLS-100] Command       ap_source returned 0; 0.002 sec.
@I [HLS-100] Command     ap_source returned 0; 0.003 sec.
@I [HLS-100] Execute     source D:/CENG3430/Lab09/solution1/.autopilot/db/global.setting.tcl 
@I [HLS-100] Command     ap_source returned 0; 0.002 sec.
@I [IMPL-8] Exporting RTL as an IP in IP-XACT.
@I [HLS-100] Execute     source D:/CENG3430/Lab09/solution1/.autopilot/db/global.setting.tcl 
@I [HLS-100] Command     ap_source returned 0; 0.001 sec.
@I [HLS-100] Execute     source D:/CENG3430/Lab09/solution1/.autopilot/db/global.setting.tcl 
@I [HLS-100] Command     ap_source returned 0; 0.001 sec.
@I [HLS-100] Execute     source C:/Xilinx/Vivado_HLS/2016.3/common/technology/generic/autopilot/common.gen 
@I [HLS-100] Execute       source C:/Xilinx/Vivado_HLS/2016.3/common/technology/generic/autopilot/APCoreGen.gen 
@I [HLS-100] Command       ap_source returned 0; 0.001 sec.
@I [HLS-100] Command     ap_source returned 0; 0.001 sec.
@I [HLS-100] Execute     source C:/Xilinx/Vivado_HLS/2016.3/common/technology/generic/autopilot/op.gen 
@I [HLS-100] Command     ap_source returned 0; 0.001 sec.
@I [HLS-100] Execute     source C:/Xilinx/Vivado_HLS/2016.3/common/technology/generic/autopilot/op_simcore.gen 
@I [HLS-100] Command     ap_source returned 0; 0.001 sec.
@I [HLS-100] Execute     source C:/Xilinx/Vivado_HLS/2016.3/common/technology/generic/autopilot/interface.gen 
@I [HLS-100] Command     ap_source returned 0; 0 sec.
@I [HLS-100] Execute     source D:/CENG3430/Lab09/solution1/.autopilot/db/global.setting.tcl 
@I [HLS-100] Command     ap_source returned 0; 0.027 sec.
@I [HLS-100] Execute     source C:/Xilinx/Vivado_HLS/2016.3/common/technology/xilinx/zynq/zynq.gen 
@I [HLS-100] Execute       source C:/Xilinx/Vivado_HLS/2016.3/common/technology/xilinx/common/virtex.gen 
@I [HLS-100] Execute         source C:/Xilinx/Vivado_HLS/2016.3/common/technology/xilinx/common/xilinx.gen 
@I [HLS-100] Execute           source C:/Xilinx/Vivado_HLS/2016.3/common/technology/xilinx/interface/plb46.gen 
@I [HLS-100] Command           ap_source returned 0; 0.001 sec.
@I [HLS-100] Execute           source C:/Xilinx/Vivado_HLS/2016.3/common/technology/xilinx/interface/fsl.gen 
@I [HLS-100] Command           ap_source returned 0; 0 sec.
@I [HLS-100] Execute           source C:/Xilinx/Vivado_HLS/2016.3/common/technology/xilinx/interface/axi4.gen 
@I [HLS-100] Command           ap_source returned 0; 0.001 sec.
@I [HLS-100] Execute           source C:/Xilinx/Vivado_HLS/2016.3/common/technology/xilinx/interface/nativeAXI4.gen 
@I [HLS-100] Execute             source C:/Xilinx/Vivado_HLS/2016.3/common/technology/xilinx/interface/saxilite.gen 
@I [HLS-100] Command             ap_source returned 0; 0.003 sec.
@I [HLS-100] Execute             source C:/Xilinx/Vivado_HLS/2016.3/common/technology/xilinx/interface/maxi.gen 
@I [HLS-100] Command             ap_source returned 0; 0.007 sec.
@I [HLS-100] Command           ap_source returned 0; 0.01 sec.
@I [HLS-100] Execute           source C:/Xilinx/Vivado_HLS/2016.3/common/technology/xilinx/scripts/xilinxcoregen.gen 
@I [HLS-100] Command           ap_source returned 0; 0.008 sec.
@I [HLS-100] Execute           source C:/Xilinx/Vivado_HLS/2016.3/common/technology/xilinx/interface/XilEDKCoreGen.gen 
@I [HLS-100] Command           ap_source returned 0; 0.006 sec.
@I [HLS-100] Execute           source C:/Xilinx/Vivado_HLS/2016.3/common/technology/xilinx/ip/dds_compiler.gen 
@I [HLS-100] Command           ap_source returned 0; 0.002 sec.
@I [HLS-100] Execute           source C:/Xilinx/Vivado_HLS/2016.3/common/technology/xilinx/ip/util.gen 
@I [HLS-100] Command           ap_source returned 0; 0 sec.
@I [HLS-100] Execute           source C:/Xilinx/Vivado_HLS/2016.3/common/technology/xilinx/ip/xfft.gen 
@I [HLS-100] Command           ap_source returned 0; 0.079 sec.
@I [HLS-100] Execute           source C:/Xilinx/Vivado_HLS/2016.3/common/technology/xilinx/ip/xfir.gen 
@I [HLS-100] Command           ap_source returned 0; 0.001 sec.
@I [HLS-100] Command         ap_source returned 0; 0.11 sec.
@I [HLS-100] Execute         source C:/Xilinx/Vivado_HLS/2016.3/common/technology/xilinx/common/dsp48.gen 
@I [HLS-100] Command         ap_source returned 0; 0 sec.
@I [HLS-100] Command       ap_source returned 0; 0.112 sec.
@I [HLS-100] Command     ap_source returned 0; 0.112 sec.
@I [HLS-100] Execute     source C:/Xilinx/Vivado_HLS/2016.3/common/technology/xilinx/zynq/zynq_fpv6.gen 
@I [HLS-100] Execute       source C:/Xilinx/Vivado_HLS/2016.3/common/technology/xilinx/common/xilinx_fpv6.gen 
@I [HLS-100] Command       ap_source returned 0; 0.001 sec.
@I [HLS-100] Command     ap_source returned 0; 0.001 sec.
@I [HLS-100] Execute     source D:/CENG3430/Lab09/solution1/.autopilot/db/global.setting.tcl 
@I [HLS-100] Command     ap_source returned 0; 0.001 sec.
@I [HLS-100] Execute     source D:/CENG3430/Lab09/solution1/.autopilot/db/global.setting.tcl 
@I [HLS-100] Command     ap_source returned 0; 0.024 sec.
@I [HLS-100] Execute     source D:/CENG3430/Lab09/solution1/.autopilot/db/mmult_hw_float_32_s.compgen.tcl 
@I [HLS-100] Command     ap_source returned 0; 0.018 sec.
@I [HLS-100] Execute     source D:/CENG3430/Lab09/solution1/.autopilot/db/HLS_accel.compgen.tcl 
@I [HLS-100] Command     ap_source returned 0; 0.001 sec.
@I [HLS-100] Execute     source D:/CENG3430/Lab09/solution1/.autopilot/db/global.setting.tcl 
@I [HLS-100] Command     ap_source returned 0; 0.001 sec.
@I [HLS-100] Execute     source D:/CENG3430/Lab09/solution1/.autopilot/db/global.setting.tcl 
@I [HLS-100] Command     ap_source returned 0; 0 sec.
@I [HLS-100] Execute     source D:/CENG3430/Lab09/solution1/.autopilot/db/mmult_hw_float_32_s.compgen.tcl 
@I [HLS-100] Command     ap_source returned 0; 0.001 sec.
@I [HLS-100] Execute     source D:/CENG3430/Lab09/solution1/.autopilot/db/HLS_accel.compgen.tcl 
@I [HLS-100] Execute       source D:/CENG3430/Lab09/solution1/.autopilot/db/HLS_accel.rtl_wrap.cfg.tcl 
@I [HLS-100] Command       ap_source returned 0; 0.001 sec.
@I [HLS-100] Execute       source D:/CENG3430/Lab09/solution1/.autopilot/db/HLS_accel.rtl_wrap.cfg.tcl 
@I [HLS-100] Command       ap_source returned 0; 0.001 sec.
@I [HLS-100] Execute       source D:/CENG3430/Lab09/solution1/.autopilot/db/HLS_accel.rtl_wrap.cfg.tcl 
@I [HLS-100] Command       ap_source returned 0; 0.002 sec.
@I [HLS-100] Execute       source D:/CENG3430/Lab09/solution1/.autopilot/db/HLS_accel.tbgen.tcl 
@I [HLS-100] Command       ap_source returned 0; 0.001 sec.
@I [HLS-100] Execute       source D:/CENG3430/Lab09/solution1/.autopilot/db/HLS_accel.tbgen.tcl 
@I [HLS-100] Command       ap_source returned 0; 0.001 sec.
@I [HLS-100] Command     ap_source returned 0; 0.069 sec.
@I [HLS-100] Execute     source D:/CENG3430/Lab09/solution1/.autopilot/db/global.setting.tcl 
@I [HLS-100] Command     ap_source returned 0; 0.001 sec.
@I [HLS-100] Execute     source D:/CENG3430/Lab09/solution1/.autopilot/db/global.setting.tcl 
@I [HLS-100] Command     ap_source returned 0; 0.001 sec.
@I [HLS-100] Execute     source D:/CENG3430/Lab09/solution1/.autopilot/db/mmult_hw_float_32_s.compgen.tcl 
@I [HLS-100] Command     ap_source returned 0; 0.002 sec.
@I [HLS-100] Execute     source D:/CENG3430/Lab09/solution1/.autopilot/db/HLS_accel.compgen.tcl 
@I [HLS-100] Command     ap_source returned 0; 0.001 sec.
@I [HLS-100] Execute     source D:/CENG3430/Lab09/solution1/.autopilot/db/global.setting.tcl 
@I [HLS-100] Command     ap_source returned 0; 0.001 sec.
@I [HLS-100] Execute     source D:/CENG3430/Lab09/solution1/.autopilot/db/HLS_accel.constraint.tcl 
@I [HLS-100] Command     ap_source returned 0; 0 sec.
@I [HLS-100] Execute     source D:/CENG3430/Lab09/solution1/.autopilot/db/global.setting.tcl 
@I [HLS-100] Command     ap_source returned 0; 0.001 sec.
@I [HLS-100] Execute     source D:/CENG3430/Lab09/solution1/.autopilot/db/HLS_accel.rtl_wrap.cfg.tcl 
@I [HLS-100] Command     ap_source returned 0; 0.001 sec.
@I [HLS-100] Execute     source D:/CENG3430/Lab09/solution1/.autopilot/db/HLS_accel.rtl_wrap.cfg.tcl 
@I [HLS-100] Command     ap_source returned 0; 0.001 sec.
@I [HLS-100] Execute     source D:/CENG3430/Lab09/solution1/.autopilot/db/HLS_accel.rtl_wrap.cfg.tcl 
@I [HLS-100] Command     ap_source returned 0; 0.002 sec.
@I [HLS-100] Execute     source D:/CENG3430/Lab09/solution1/.autopilot/db/HLS_accel.tbgen.tcl 
@I [HLS-100] Command     ap_source returned 0; 0.001 sec.
@I [HLS-100] Execute     source D:/CENG3430/Lab09/solution1/.autopilot/db/HLS_accel.tbgen.tcl 
@I [HLS-100] Command     ap_source returned 0; 0.001 sec.
@I [HLS-100] Execute     source D:/CENG3430/Lab09/solution1/.autopilot/db/global.setting.tcl 
@I [HLS-100] Command     ap_source returned 0; 0 sec.
@I [HLS-100] Execute     source D:/CENG3430/Lab09/solution1/.autopilot/db/global.setting.tcl 
@I [HLS-100] Command     ap_source returned 0; 0.001 sec.
@I [HLS-100] Execute     source D:/CENG3430/Lab09/solution1/.autopilot/db/global.setting.tcl 
@I [HLS-100] Command     ap_source returned 0; 0.001 sec.
@I [HLS-100] Execute     source D:/CENG3430/Lab09/solution1/.autopilot/db/HLS_accel.rtl_wrap.cfg.tcl 
@I [HLS-100] Command     ap_source returned 0; 0.002 sec.
@I [HLS-100] Execute     source D:/CENG3430/Lab09/solution1/.autopilot/db/HLS_accel.rtl_wrap.cfg.tcl 
@I [HLS-100] Command     ap_source returned 0; 0.001 sec.
@I [HLS-100] Execute     source D:/CENG3430/Lab09/solution1/.autopilot/db/HLS_accel.tbgen.tcl 
@I [HLS-100] Command     ap_source returned 0; 0.001 sec.
@I [HLS-100] Execute     source D:/CENG3430/Lab09/solution1/.autopilot/db/HLS_accel.tbgen.tcl 
@I [HLS-100] Command     ap_source returned 0; 0.001 sec.
@I [HLS-100] Execute     source D:/CENG3430/Lab09/solution1/.autopilot/db/HLS_accel.rtl_wrap.cfg.tcl 
@I [HLS-100] Command     ap_source returned 0; 0.001 sec.
@I [HLS-100] Execute     source D:/CENG3430/Lab09/solution1/.autopilot/db/HLS_accel.rtl_wrap.cfg.tcl 
@I [HLS-100] Command     ap_source returned 0; 0.001 sec.
@I [HLS-100] Execute     source D:/CENG3430/Lab09/solution1/.autopilot/db/HLS_accel.tbgen.tcl 
@I [HLS-100] Command     ap_source returned 0; 0.001 sec.
@I [HLS-100] Execute     source D:/CENG3430/Lab09/solution1/.autopilot/db/HLS_accel.tbgen.tcl 
@I [HLS-100] Command     ap_source returned 0; 0.001 sec.
@I [HLS-100] Execute     source D:/CENG3430/Lab09/solution1/.autopilot/db/global.setting.tcl 
@I [HLS-100] Command     ap_source returned 0; 0.001 sec.
@I [HLS-100] Execute     source D:/CENG3430/Lab09/solution1/.autopilot/db/global.setting.tcl 
@I [HLS-100] Command     ap_source returned 0; 0 sec.
@I [HLS-100] Execute     source D:/CENG3430/Lab09/solution1/.autopilot/db/HLS_accel.constraint.tcl 
@I [HLS-100] Command     ap_source returned 0; 0.001 sec.
@I [HLS-100] Execute     source D:/CENG3430/Lab09/solution1/.autopilot/db/global.setting.tcl 
@I [HLS-100] Command     ap_source returned 0; 0.001 sec.
@I [HLS-100] Execute     source D:/CENG3430/Lab09/solution1/.autopilot/db/global.setting.tcl 
@I [HLS-100] Command     ap_source returned 0; 0.001 sec.
@I [HLS-100] Execute     source D:/CENG3430/Lab09/solution1/.autopilot/db/HLS_accel.constraint.tcl 
@I [HLS-100] Command     ap_source returned 0; 0.001 sec.
@I [HLS-100] Execute     source D:/CENG3430/Lab09/solution1/.autopilot/db/global.setting.tcl 
@I [HLS-100] Command     ap_source returned 0; 0 sec.
@I [HLS-100] Execute     source D:/CENG3430/Lab09/solution1/.autopilot/db/HLS_accel.constraint.tcl 
@I [HLS-100] Command     ap_source returned 0; 0 sec.
@I [HLS-100] Execute     source D:/CENG3430/Lab09/solution1/.autopilot/db/global.setting.tcl 
@I [HLS-100] Command     ap_source returned 0; 0.001 sec.
@I [HLS-100] Execute     source C:/Xilinx/Vivado_HLS/2016.3/common/technology/generic/autopilot/common.gen 
@I [HLS-100] Execute       source C:/Xilinx/Vivado_HLS/2016.3/common/technology/generic/autopilot/APCoreGen.gen 
@I [HLS-100] Command       ap_source returned 0; 0.001 sec.
@I [HLS-100] Command     ap_source returned 0; 0.001 sec.
@I [HLS-100] Execute     source C:/Xilinx/Vivado_HLS/2016.3/common/technology/generic/autopilot/op.gen 
@I [HLS-100] Command     ap_source returned 0; 0.001 sec.
@I [HLS-100] Execute     source C:/Xilinx/Vivado_HLS/2016.3/common/technology/generic/autopilot/op_simcore.gen 
@I [HLS-100] Command     ap_source returned 0; 0 sec.
@I [HLS-100] Execute     source C:/Xilinx/Vivado_HLS/2016.3/common/technology/generic/autopilot/interface.gen 
@I [HLS-100] Command     ap_source returned 0; 0 sec.
@I [HLS-100] Execute     source D:/CENG3430/Lab09/solution1/.autopilot/db/global.setting.tcl 
@I [HLS-100] Command     ap_source returned 0; 0.001 sec.
@I [HLS-100] Execute     source C:/Xilinx/Vivado_HLS/2016.3/common/technology/xilinx/zynq/zynq.gen 
@I [HLS-100] Execute       source C:/Xilinx/Vivado_HLS/2016.3/common/technology/xilinx/common/virtex.gen 
@I [HLS-100] Execute         source C:/Xilinx/Vivado_HLS/2016.3/common/technology/xilinx/common/xilinx.gen 
@I [HLS-100] Execute           source C:/Xilinx/Vivado_HLS/2016.3/common/technology/xilinx/interface/plb46.gen 
@I [HLS-100] Command           ap_source returned 0; 0 sec.
@I [HLS-100] Execute           source C:/Xilinx/Vivado_HLS/2016.3/common/technology/xilinx/interface/fsl.gen 
@I [HLS-100] Command           ap_source returned 0; 0 sec.
@I [HLS-100] Execute           source C:/Xilinx/Vivado_HLS/2016.3/common/technology/xilinx/interface/axi4.gen 
@I [HLS-100] Command           ap_source returned 0; 0.002 sec.
@I [HLS-100] Execute           source C:/Xilinx/Vivado_HLS/2016.3/common/technology/xilinx/interface/nativeAXI4.gen 
@I [HLS-100] Execute             source C:/Xilinx/Vivado_HLS/2016.3/common/technology/xilinx/interface/saxilite.gen 
@I [HLS-100] Command             ap_source returned 0; 0.003 sec.
@I [HLS-100] Execute             source C:/Xilinx/Vivado_HLS/2016.3/common/technology/xilinx/interface/maxi.gen 
@I [HLS-100] Command             ap_source returned 0; 0.007 sec.
@I [HLS-100] Command           ap_source returned 0; 0.01 sec.
@I [HLS-100] Execute           source C:/Xilinx/Vivado_HLS/2016.3/common/technology/xilinx/scripts/xilinxcoregen.gen 
@I [HLS-100] Command           ap_source returned 0; 0.008 sec.
@I [HLS-100] Execute           source C:/Xilinx/Vivado_HLS/2016.3/common/technology/xilinx/interface/XilEDKCoreGen.gen 
@I [HLS-100] Command           ap_source returned 0; 0.007 sec.
@I [HLS-100] Execute           source C:/Xilinx/Vivado_HLS/2016.3/common/technology/xilinx/ip/dds_compiler.gen 
@I [HLS-100] Command           ap_source returned 0; 0.002 sec.
@I [HLS-100] Execute           source C:/Xilinx/Vivado_HLS/2016.3/common/technology/xilinx/ip/util.gen 
@I [HLS-100] Command           ap_source returned 0; 0 sec.
@I [HLS-100] Execute           source C:/Xilinx/Vivado_HLS/2016.3/common/technology/xilinx/ip/xfft.gen 
@I [HLS-100] Command           ap_source returned 0; 0.078 sec.
@I [HLS-100] Execute           source C:/Xilinx/Vivado_HLS/2016.3/common/technology/xilinx/ip/xfir.gen 
@I [HLS-100] Command           ap_source returned 0; 0.001 sec.
@I [HLS-100] Command         ap_source returned 0; 0.11 sec.
@I [HLS-100] Execute         source C:/Xilinx/Vivado_HLS/2016.3/common/technology/xilinx/common/dsp48.gen 
@I [HLS-100] Command         ap_source returned 0; 0 sec.
@I [HLS-100] Command       ap_source returned 0; 0.112 sec.
@I [HLS-100] Command     ap_source returned 0; 0.112 sec.
@I [HLS-100] Execute     source C:/Xilinx/Vivado_HLS/2016.3/common/technology/xilinx/zynq/zynq_fpv6.gen 
@I [HLS-100] Execute       source C:/Xilinx/Vivado_HLS/2016.3/common/technology/xilinx/common/xilinx_fpv6.gen 
@I [HLS-100] Command       ap_source returned 0; 0.001 sec.
@I [HLS-100] Command     ap_source returned 0; 0.001 sec.
@I [HLS-100] Execute     source D:/CENG3430/Lab09/solution1/.autopilot/db/global.setting.tcl 
@I [HLS-100] Command     ap_source returned 0; 0.001 sec.
@I [HLS-100] Execute     source C:/Xilinx/Vivado_HLS/2016.3/common/technology/generic/autopilot/common.gen 
@I [HLS-100] Execute       source C:/Xilinx/Vivado_HLS/2016.3/common/technology/generic/autopilot/APCoreGen.gen 
@I [HLS-100] Command       ap_source returned 0; 0 sec.
@I [HLS-100] Command     ap_source returned 0; 0.001 sec.
@I [HLS-100] Execute     source C:/Xilinx/Vivado_HLS/2016.3/common/technology/generic/autopilot/op.gen 
@I [HLS-100] Command     ap_source returned 0; 0 sec.
@I [HLS-100] Execute     source C:/Xilinx/Vivado_HLS/2016.3/common/technology/generic/autopilot/op_simcore.gen 
@I [HLS-100] Command     ap_source returned 0; 0.001 sec.
@I [HLS-100] Execute     source C:/Xilinx/Vivado_HLS/2016.3/common/technology/generic/autopilot/interface.gen 
@I [HLS-100] Command     ap_source returned 0; 0 sec.
@I [HLS-100] Execute     source D:/CENG3430/Lab09/solution1/.autopilot/db/global.setting.tcl 
@I [HLS-100] Command     ap_source returned 0; 0.001 sec.
@I [HLS-100] Execute     source C:/Xilinx/Vivado_HLS/2016.3/common/technology/xilinx/zynq/zynq.gen 
@I [HLS-100] Execute       source C:/Xilinx/Vivado_HLS/2016.3/common/technology/xilinx/common/virtex.gen 
@I [HLS-100] Execute         source C:/Xilinx/Vivado_HLS/2016.3/common/technology/xilinx/common/xilinx.gen 
@I [HLS-100] Execute           source C:/Xilinx/Vivado_HLS/2016.3/common/technology/xilinx/interface/plb46.gen 
@I [HLS-100] Command           ap_source returned 0; 0.001 sec.
@I [HLS-100] Execute           source C:/Xilinx/Vivado_HLS/2016.3/common/technology/xilinx/interface/fsl.gen 
@I [HLS-100] Command           ap_source returned 0; 0 sec.
@I [HLS-100] Execute           source C:/Xilinx/Vivado_HLS/2016.3/common/technology/xilinx/interface/axi4.gen 
@I [HLS-100] Command           ap_source returned 0; 0.002 sec.
@I [HLS-100] Execute           source C:/Xilinx/Vivado_HLS/2016.3/common/technology/xilinx/interface/nativeAXI4.gen 
@I [HLS-100] Execute             source C:/Xilinx/Vivado_HLS/2016.3/common/technology/xilinx/interface/saxilite.gen 
@I [HLS-100] Command             ap_source returned 0; 0.003 sec.
@I [HLS-100] Execute             source C:/Xilinx/Vivado_HLS/2016.3/common/technology/xilinx/interface/maxi.gen 
@I [HLS-100] Command             ap_source returned 0; 0.006 sec.
@I [HLS-100] Command           ap_source returned 0; 0.009 sec.
@I [HLS-100] Execute           source C:/Xilinx/Vivado_HLS/2016.3/common/technology/xilinx/scripts/xilinxcoregen.gen 
@I [HLS-100] Command           ap_source returned 0; 0.007 sec.
@I [HLS-100] Execute           source C:/Xilinx/Vivado_HLS/2016.3/common/technology/xilinx/interface/XilEDKCoreGen.gen 
@I [HLS-100] Command           ap_source returned 0; 0.007 sec.
@I [HLS-100] Execute           source C:/Xilinx/Vivado_HLS/2016.3/common/technology/xilinx/ip/dds_compiler.gen 
@I [HLS-100] Command           ap_source returned 0; 0.003 sec.
@I [HLS-100] Execute           source C:/Xilinx/Vivado_HLS/2016.3/common/technology/xilinx/ip/util.gen 
@I [HLS-100] Command           ap_source returned 0; 0 sec.
@I [HLS-100] Execute           source C:/Xilinx/Vivado_HLS/2016.3/common/technology/xilinx/ip/xfft.gen 
@I [HLS-100] Command           ap_source returned 0; 0.077 sec.
@I [HLS-100] Execute           source C:/Xilinx/Vivado_HLS/2016.3/common/technology/xilinx/ip/xfir.gen 
@I [HLS-100] Command           ap_source returned 0; 0.001 sec.
@I [HLS-100] Command         ap_source returned 0; 0.108 sec.
@I [HLS-100] Execute         source C:/Xilinx/Vivado_HLS/2016.3/common/technology/xilinx/common/dsp48.gen 
@I [HLS-100] Command         ap_source returned 0; 0 sec.
@I [HLS-100] Command       ap_source returned 0; 0.11 sec.
@I [HLS-100] Command     ap_source returned 0; 0.11 sec.
@I [HLS-100] Execute     source C:/Xilinx/Vivado_HLS/2016.3/common/technology/xilinx/zynq/zynq_fpv6.gen 
@I [HLS-100] Execute       source C:/Xilinx/Vivado_HLS/2016.3/common/technology/xilinx/common/xilinx_fpv6.gen 
@I [HLS-100] Command       ap_source returned 0; 0.002 sec.
@I [HLS-100] Command     ap_source returned 0; 0.002 sec.
@I [HLS-100] Execute     source D:/CENG3430/Lab09/solution1/.autopilot/db/global.setting.tcl 
@I [HLS-100] Command     ap_source returned 0; 0.001 sec.
@I [HLS-100] Execute     source D:/CENG3430/Lab09/solution1/.autopilot/db/global.setting.tcl 
@I [HLS-100] Command     ap_source returned 0; 0.001 sec.
@I [HLS-100] Execute     source D:/CENG3430/Lab09/solution1/.autopilot/db/global.setting.tcl 
@I [HLS-100] Command     ap_source returned 0; 0.001 sec.
@I [HLS-100] Execute     source C:/Xilinx/Vivado_HLS/2016.3/common/technology/generic/autopilot/common.gen 
@I [HLS-100] Execute       source C:/Xilinx/Vivado_HLS/2016.3/common/technology/generic/autopilot/APCoreGen.gen 
@I [HLS-100] Command       ap_source returned 0; 0 sec.
@I [HLS-100] Command     ap_source returned 0; 0.001 sec.
@I [HLS-100] Execute     source C:/Xilinx/Vivado_HLS/2016.3/common/technology/generic/autopilot/op.gen 
@I [HLS-100] Command     ap_source returned 0; 0 sec.
@I [HLS-100] Execute     source C:/Xilinx/Vivado_HLS/2016.3/common/technology/generic/autopilot/op_simcore.gen 
@I [HLS-100] Command     ap_source returned 0; 0.001 sec.
@I [HLS-100] Execute     source C:/Xilinx/Vivado_HLS/2016.3/common/technology/generic/autopilot/interface.gen 
@I [HLS-100] Command     ap_source returned 0; 0 sec.
@I [HLS-100] Execute     source D:/CENG3430/Lab09/solution1/.autopilot/db/global.setting.tcl 
@I [HLS-100] Command     ap_source returned 0; 0.03 sec.
@I [HLS-100] Execute     source C:/Xilinx/Vivado_HLS/2016.3/common/technology/xilinx/zynq/zynq.gen 
@I [HLS-100] Execute       source C:/Xilinx/Vivado_HLS/2016.3/common/technology/xilinx/common/virtex.gen 
@I [HLS-100] Execute         source C:/Xilinx/Vivado_HLS/2016.3/common/technology/xilinx/common/xilinx.gen 
@I [HLS-100] Execute           source C:/Xilinx/Vivado_HLS/2016.3/common/technology/xilinx/interface/plb46.gen 
@I [HLS-100] Command           ap_source returned 0; 0.001 sec.
@I [HLS-100] Execute           source C:/Xilinx/Vivado_HLS/2016.3/common/technology/xilinx/interface/fsl.gen 
@I [HLS-100] Command           ap_source returned 0; 0.001 sec.
@I [HLS-100] Execute           source C:/Xilinx/Vivado_HLS/2016.3/common/technology/xilinx/interface/axi4.gen 
@I [HLS-100] Command           ap_source returned 0; 0.001 sec.
@I [HLS-100] Execute           source C:/Xilinx/Vivado_HLS/2016.3/common/technology/xilinx/interface/nativeAXI4.gen 
@I [HLS-100] Execute             source C:/Xilinx/Vivado_HLS/2016.3/common/technology/xilinx/interface/saxilite.gen 
@I [HLS-100] Command             ap_source returned 0; 0.004 sec.
@I [HLS-100] Execute             source C:/Xilinx/Vivado_HLS/2016.3/common/technology/xilinx/interface/maxi.gen 
@I [HLS-100] Command             ap_source returned 0; 0.006 sec.
@I [HLS-100] Command           ap_source returned 0; 0.011 sec.
@I [HLS-100] Execute           source C:/Xilinx/Vivado_HLS/2016.3/common/technology/xilinx/scripts/xilinxcoregen.gen 
@I [HLS-100] Command           ap_source returned 0; 0.007 sec.
@I [HLS-100] Execute           source C:/Xilinx/Vivado_HLS/2016.3/common/technology/xilinx/interface/XilEDKCoreGen.gen 
@I [HLS-100] Command           ap_source returned 0; 0.007 sec.
@I [HLS-100] Execute           source C:/Xilinx/Vivado_HLS/2016.3/common/technology/xilinx/ip/dds_compiler.gen 
@I [HLS-100] Command           ap_source returned 0; 0.003 sec.
@I [HLS-100] Execute           source C:/Xilinx/Vivado_HLS/2016.3/common/technology/xilinx/ip/util.gen 
@I [HLS-100] Command           ap_source returned 0; 0 sec.
@I [HLS-100] Execute           source C:/Xilinx/Vivado_HLS/2016.3/common/technology/xilinx/ip/xfft.gen 
@I [HLS-100] Command           ap_source returned 0; 0.077 sec.
@I [HLS-100] Execute           source C:/Xilinx/Vivado_HLS/2016.3/common/technology/xilinx/ip/xfir.gen 
@I [HLS-100] Command           ap_source returned 0; 0.001 sec.
@I [HLS-100] Command         ap_source returned 0; 0.109 sec.
@I [HLS-100] Execute         source C:/Xilinx/Vivado_HLS/2016.3/common/technology/xilinx/common/dsp48.gen 
@I [HLS-100] Command         ap_source returned 0; 0 sec.
@I [HLS-100] Command       ap_source returned 0; 0.11 sec.
@I [HLS-100] Command     ap_source returned 0; 0.11 sec.
@I [HLS-100] Execute     source C:/Xilinx/Vivado_HLS/2016.3/common/technology/xilinx/zynq/zynq_fpv6.gen 
@I [HLS-100] Execute       source C:/Xilinx/Vivado_HLS/2016.3/common/technology/xilinx/common/xilinx_fpv6.gen 
@I [HLS-100] Command       ap_source returned 0; 0.002 sec.
@I [HLS-100] Command     ap_source returned 0; 0.002 sec.
@I [HLS-100] Execute     source D:/CENG3430/Lab09/solution1/.autopilot/db/global.setting.tcl 
@I [HLS-100] Command     ap_source returned 0; 0.001 sec.
@I [HLS-100] Execute     source D:/CENG3430/Lab09/solution1/.autopilot/db/global.setting.tcl 
@I [HLS-100] Command     ap_source returned 0; 0.001 sec.
@I [HLS-100] Execute     source D:/CENG3430/Lab09/solution1/.autopilot/db/mmult_hw_float_32_s.compgen.tcl 
@I [HLS-100] Command     ap_source returned 0; 0.018 sec.
@I [HLS-100] Execute     source D:/CENG3430/Lab09/solution1/.autopilot/db/HLS_accel.compgen.tcl 
@I [HLS-100] Command     ap_source returned 0; 0.001 sec.
@I [HLS-100] Execute     source D:/CENG3430/Lab09/solution1/.autopilot/db/global.setting.tcl 
@I [HLS-100] Command     ap_source returned 0; 0.001 sec.
@I [HLS-100] Execute     source D:/CENG3430/Lab09/solution1/.autopilot/db/HLS_accel.constraint.tcl 
@I [HLS-100] Command     ap_source returned 0; 0.001 sec.
@I [HLS-100] Execute     source D:/CENG3430/Lab09/solution1/.autopilot/db/global.setting.tcl 
@I [HLS-100] Command     ap_source returned 0; 0.001 sec.
@I [HLS-100] Execute     source C:/Xilinx/Vivado_HLS/2016.3/common/technology/generic/autopilot/common.gen 
@I [HLS-100] Execute       source C:/Xilinx/Vivado_HLS/2016.3/common/technology/generic/autopilot/APCoreGen.gen 
@I [HLS-100] Command       ap_source returned 0; 0.001 sec.
@I [HLS-100] Command     ap_source returned 0; 0.001 sec.
@I [HLS-100] Execute     source C:/Xilinx/Vivado_HLS/2016.3/common/technology/generic/autopilot/op.gen 
@I [HLS-100] Command     ap_source returned 0; 0.001 sec.
@I [HLS-100] Execute     source C:/Xilinx/Vivado_HLS/2016.3/common/technology/generic/autopilot/op_simcore.gen 
@I [HLS-100] Command     ap_source returned 0; 0.001 sec.
@I [HLS-100] Execute     source C:/Xilinx/Vivado_HLS/2016.3/common/technology/generic/autopilot/interface.gen 
@I [HLS-100] Command     ap_source returned 0; 0 sec.
@I [HLS-100] Execute     source D:/CENG3430/Lab09/solution1/.autopilot/db/global.setting.tcl 
@I [HLS-100] Command     ap_source returned 0; 0.001 sec.
@I [HLS-100] Execute     source C:/Xilinx/Vivado_HLS/2016.3/common/technology/xilinx/zynq/zynq.gen 
@I [HLS-100] Execute       source C:/Xilinx/Vivado_HLS/2016.3/common/technology/xilinx/common/virtex.gen 
@I [HLS-100] Execute         source C:/Xilinx/Vivado_HLS/2016.3/common/technology/xilinx/common/xilinx.gen 
@I [HLS-100] Execute           source C:/Xilinx/Vivado_HLS/2016.3/common/technology/xilinx/interface/plb46.gen 
@I [HLS-100] Command           ap_source returned 0; 0.001 sec.
@I [HLS-100] Execute           source C:/Xilinx/Vivado_HLS/2016.3/common/technology/xilinx/interface/fsl.gen 
@I [HLS-100] Command           ap_source returned 0; 0.001 sec.
@I [HLS-100] Execute           source C:/Xilinx/Vivado_HLS/2016.3/common/technology/xilinx/interface/axi4.gen 
@I [HLS-100] Command           ap_source returned 0; 0.001 sec.
@I [HLS-100] Execute           source C:/Xilinx/Vivado_HLS/2016.3/common/technology/xilinx/interface/nativeAXI4.gen 
@I [HLS-100] Execute             source C:/Xilinx/Vivado_HLS/2016.3/common/technology/xilinx/interface/saxilite.gen 
@I [HLS-100] Command             ap_source returned 0; 0.003 sec.
@I [HLS-100] Execute             source C:/Xilinx/Vivado_HLS/2016.3/common/technology/xilinx/interface/maxi.gen 
@I [HLS-100] Command             ap_source returned 0; 0.006 sec.
@I [HLS-100] Command           ap_source returned 0; 0.009 sec.
@I [HLS-100] Execute           source C:/Xilinx/Vivado_HLS/2016.3/common/technology/xilinx/scripts/xilinxcoregen.gen 
@I [HLS-100] Command           ap_source returned 0; 0.008 sec.
@I [HLS-100] Execute           source C:/Xilinx/Vivado_HLS/2016.3/common/technology/xilinx/interface/XilEDKCoreGen.gen 
@I [HLS-100] Command           ap_source returned 0; 0.006 sec.
@I [HLS-100] Execute           source C:/Xilinx/Vivado_HLS/2016.3/common/technology/xilinx/ip/dds_compiler.gen 
@I [HLS-100] Command           ap_source returned 0; 0.002 sec.
@I [HLS-100] Execute           source C:/Xilinx/Vivado_HLS/2016.3/common/technology/xilinx/ip/util.gen 
@I [HLS-100] Command           ap_source returned 0; 0.001 sec.
@I [HLS-100] Execute           source C:/Xilinx/Vivado_HLS/2016.3/common/technology/xilinx/ip/xfft.gen 
@I [HLS-100] Command           ap_source returned 0; 0.077 sec.
@I [HLS-100] Execute           source C:/Xilinx/Vivado_HLS/2016.3/common/technology/xilinx/ip/xfir.gen 
@I [HLS-100] Command           ap_source returned 0; 0.001 sec.
@I [HLS-100] Command         ap_source returned 0; 0.108 sec.
@I [HLS-100] Execute         source C:/Xilinx/Vivado_HLS/2016.3/common/technology/xilinx/common/dsp48.gen 
@I [HLS-100] Command         ap_source returned 0; 0 sec.
@I [HLS-100] Command       ap_source returned 0; 0.109 sec.
@I [HLS-100] Command     ap_source returned 0; 0.109 sec.
@I [HLS-100] Execute     source C:/Xilinx/Vivado_HLS/2016.3/common/technology/xilinx/zynq/zynq_fpv6.gen 
@I [HLS-100] Execute       source C:/Xilinx/Vivado_HLS/2016.3/common/technology/xilinx/common/xilinx_fpv6.gen 
@I [HLS-100] Command       ap_source returned 0; 0.001 sec.
@I [HLS-100] Command     ap_source returned 0; 0.002 sec.
@I [HLS-100] Execute     source D:/CENG3430/Lab09/solution1/.autopilot/db/global.setting.tcl 
@I [HLS-100] Command     ap_source returned 0; 0.001 sec.
@I [HLS-100] Execute     source D:/CENG3430/Lab09/solution1/.autopilot/db/global.setting.tcl 
@I [HLS-100] Command     ap_source returned 0; 0 sec.
@I [HLS-100] Execute     source C:/Xilinx/Vivado_HLS/2016.3/common/technology/generic/autopilot/common.gen 
@I [HLS-100] Execute       source C:/Xilinx/Vivado_HLS/2016.3/common/technology/generic/autopilot/APCoreGen.gen 
@I [HLS-100] Command       ap_source returned 0; 0.001 sec.
@I [HLS-100] Command     ap_source returned 0; 0.001 sec.
@I [HLS-100] Execute     source C:/Xilinx/Vivado_HLS/2016.3/common/technology/generic/autopilot/op.gen 
@I [HLS-100] Command     ap_source returned 0; 0 sec.
@I [HLS-100] Execute     source C:/Xilinx/Vivado_HLS/2016.3/common/technology/generic/autopilot/op_simcore.gen 
@I [HLS-100] Command     ap_source returned 0; 0.001 sec.
@I [HLS-100] Execute     source C:/Xilinx/Vivado_HLS/2016.3/common/technology/generic/autopilot/interface.gen 
@I [HLS-100] Command     ap_source returned 0; 0 sec.
@I [HLS-100] Execute     source D:/CENG3430/Lab09/solution1/.autopilot/db/global.setting.tcl 
@I [HLS-100] Command     ap_source returned 0; 0 sec.
@I [HLS-100] Execute     source C:/Xilinx/Vivado_HLS/2016.3/common/technology/xilinx/zynq/zynq.gen 
@I [HLS-100] Execute       source C:/Xilinx/Vivado_HLS/2016.3/common/technology/xilinx/common/virtex.gen 
@I [HLS-100] Execute         source C:/Xilinx/Vivado_HLS/2016.3/common/technology/xilinx/common/xilinx.gen 
@I [HLS-100] Execute           source C:/Xilinx/Vivado_HLS/2016.3/common/technology/xilinx/interface/plb46.gen 
@I [HLS-100] Command           ap_source returned 0; 0.001 sec.
@I [HLS-100] Execute           source C:/Xilinx/Vivado_HLS/2016.3/common/technology/xilinx/interface/fsl.gen 
@I [HLS-100] Command           ap_source returned 0; 0 sec.
@I [HLS-100] Execute           source C:/Xilinx/Vivado_HLS/2016.3/common/technology/xilinx/interface/axi4.gen 
@I [HLS-100] Command           ap_source returned 0; 0.002 sec.
@I [HLS-100] Execute           source C:/Xilinx/Vivado_HLS/2016.3/common/technology/xilinx/interface/nativeAXI4.gen 
@I [HLS-100] Execute             source C:/Xilinx/Vivado_HLS/2016.3/common/technology/xilinx/interface/saxilite.gen 
@I [HLS-100] Command             ap_source returned 0; 0.003 sec.
@I [HLS-100] Execute             source C:/Xilinx/Vivado_HLS/2016.3/common/technology/xilinx/interface/maxi.gen 
@I [HLS-100] Command             ap_source returned 0; 0.006 sec.
@I [HLS-100] Command           ap_source returned 0; 0.009 sec.
@I [HLS-100] Execute           source C:/Xilinx/Vivado_HLS/2016.3/common/technology/xilinx/scripts/xilinxcoregen.gen 
@I [HLS-100] Command           ap_source returned 0; 0.008 sec.
@I [HLS-100] Execute           source C:/Xilinx/Vivado_HLS/2016.3/common/technology/xilinx/interface/XilEDKCoreGen.gen 
@I [HLS-100] Command           ap_source returned 0; 0.006 sec.
@I [HLS-100] Execute           source C:/Xilinx/Vivado_HLS/2016.3/common/technology/xilinx/ip/dds_compiler.gen 
@I [HLS-100] Command           ap_source returned 0; 0.002 sec.
@I [HLS-100] Execute           source C:/Xilinx/Vivado_HLS/2016.3/common/technology/xilinx/ip/util.gen 
@I [HLS-100] Command           ap_source returned 0; 0.001 sec.
@I [HLS-100] Execute           source C:/Xilinx/Vivado_HLS/2016.3/common/technology/xilinx/ip/xfft.gen 
@I [HLS-100] Command           ap_source returned 0; 0.078 sec.
@I [HLS-100] Execute           source C:/Xilinx/Vivado_HLS/2016.3/common/technology/xilinx/ip/xfir.gen 
@I [HLS-100] Command           ap_source returned 0; 0.001 sec.
@I [HLS-100] Command         ap_source returned 0; 0.109 sec.
@I [HLS-100] Execute         source C:/Xilinx/Vivado_HLS/2016.3/common/technology/xilinx/common/dsp48.gen 
@I [HLS-100] Command         ap_source returned 0; 0 sec.
@I [HLS-100] Command       ap_source returned 0; 0.11 sec.
@I [HLS-100] Command     ap_source returned 0; 0.111 sec.
@I [HLS-100] Execute     source C:/Xilinx/Vivado_HLS/2016.3/common/technology/xilinx/zynq/zynq_fpv6.gen 
@I [HLS-100] Execute       source C:/Xilinx/Vivado_HLS/2016.3/common/technology/xilinx/common/xilinx_fpv6.gen 
@I [HLS-100] Command       ap_source returned 0; 0.001 sec.
@I [HLS-100] Command     ap_source returned 0; 0.001 sec.
@I [HLS-100] Execute     source D:/CENG3430/Lab09/solution1/.autopilot/db/global.setting.tcl 
@I [HLS-100] Command     ap_source returned 0; 0.001 sec.
@I [HLS-100] Execute     source D:/CENG3430/Lab09/solution1/.autopilot/db/global.setting.tcl 
@I [HLS-100] Command     ap_source returned 0; 0.001 sec.
@I [HLS-100] Execute     source D:/CENG3430/Lab09/solution1/.autopilot/db/global.setting.tcl 
@I [HLS-100] Command     ap_source returned 0; 0.001 sec.
@I [HLS-100] Execute     source C:/Xilinx/Vivado_HLS/2016.3/common/technology/generic/autopilot/common.gen 
@I [HLS-100] Execute       source C:/Xilinx/Vivado_HLS/2016.3/common/technology/generic/autopilot/APCoreGen.gen 
@I [HLS-100] Command       ap_source returned 0; 0.001 sec.
@I [HLS-100] Command     ap_source returned 0; 0.001 sec.
@I [HLS-100] Execute     source C:/Xilinx/Vivado_HLS/2016.3/common/technology/generic/autopilot/op.gen 
@I [HLS-100] Command     ap_source returned 0; 0.001 sec.
@I [HLS-100] Execute     source C:/Xilinx/Vivado_HLS/2016.3/common/technology/generic/autopilot/op_simcore.gen 
@I [HLS-100] Command     ap_source returned 0; 0 sec.
@I [HLS-100] Execute     source C:/Xilinx/Vivado_HLS/2016.3/common/technology/generic/autopilot/interface.gen 
@I [HLS-100] Command     ap_source returned 0; 0 sec.
@I [HLS-100] Execute     source D:/CENG3430/Lab09/solution1/.autopilot/db/global.setting.tcl 
@I [HLS-100] Command     ap_source returned 0; 0.001 sec.
@I [HLS-100] Execute     source C:/Xilinx/Vivado_HLS/2016.3/common/technology/xilinx/zynq/zynq.gen 
@I [HLS-100] Execute       source C:/Xilinx/Vivado_HLS/2016.3/common/technology/xilinx/common/virtex.gen 
@I [HLS-100] Execute         source C:/Xilinx/Vivado_HLS/2016.3/common/technology/xilinx/common/xilinx.gen 
@I [HLS-100] Execute           source C:/Xilinx/Vivado_HLS/2016.3/common/technology/xilinx/interface/plb46.gen 
@I [HLS-100] Command           ap_source returned 0; 0.001 sec.
@I [HLS-100] Execute           source C:/Xilinx/Vivado_HLS/2016.3/common/technology/xilinx/interface/fsl.gen 
@I [HLS-100] Command           ap_source returned 0; 0.001 sec.
@I [HLS-100] Execute           source C:/Xilinx/Vivado_HLS/2016.3/common/technology/xilinx/interface/axi4.gen 
@I [HLS-100] Command           ap_source returned 0; 0.001 sec.
@I [HLS-100] Execute           source C:/Xilinx/Vivado_HLS/2016.3/common/technology/xilinx/interface/nativeAXI4.gen 
@I [HLS-100] Execute             source C:/Xilinx/Vivado_HLS/2016.3/common/technology/xilinx/interface/saxilite.gen 
@I [HLS-100] Command             ap_source returned 0; 0.003 sec.
@I [HLS-100] Execute             source C:/Xilinx/Vivado_HLS/2016.3/common/technology/xilinx/interface/maxi.gen 
@I [HLS-100] Command             ap_source returned 0; 0.006 sec.
@I [HLS-100] Command           ap_source returned 0; 0.009 sec.
@I [HLS-100] Execute           source C:/Xilinx/Vivado_HLS/2016.3/common/technology/xilinx/scripts/xilinxcoregen.gen 
@I [HLS-100] Command           ap_source returned 0; 0.008 sec.
@I [HLS-100] Execute           source C:/Xilinx/Vivado_HLS/2016.3/common/technology/xilinx/interface/XilEDKCoreGen.gen 
@I [HLS-100] Command           ap_source returned 0; 0.006 sec.
@I [HLS-100] Execute           source C:/Xilinx/Vivado_HLS/2016.3/common/technology/xilinx/ip/dds_compiler.gen 
@I [HLS-100] Command           ap_source returned 0; 0.003 sec.
@I [HLS-100] Execute           source C:/Xilinx/Vivado_HLS/2016.3/common/technology/xilinx/ip/util.gen 
@I [HLS-100] Command           ap_source returned 0; 0 sec.
@I [HLS-100] Execute           source C:/Xilinx/Vivado_HLS/2016.3/common/technology/xilinx/ip/xfft.gen 
@I [HLS-100] Command           ap_source returned 0; 0.078 sec.
@I [HLS-100] Execute           source C:/Xilinx/Vivado_HLS/2016.3/common/technology/xilinx/ip/xfir.gen 
@I [HLS-100] Command           ap_source returned 0; 0 sec.
@I [HLS-100] Command         ap_source returned 0; 0.107 sec.
@I [HLS-100] Execute         source C:/Xilinx/Vivado_HLS/2016.3/common/technology/xilinx/common/dsp48.gen 
@I [HLS-100] Command         ap_source returned 0; 0.001 sec.
@I [HLS-100] Command       ap_source returned 0; 0.109 sec.
@I [HLS-100] Command     ap_source returned 0; 0.109 sec.
@I [HLS-100] Execute     source C:/Xilinx/Vivado_HLS/2016.3/common/technology/xilinx/zynq/zynq_fpv6.gen 
@I [HLS-100] Execute       source C:/Xilinx/Vivado_HLS/2016.3/common/technology/xilinx/common/xilinx_fpv6.gen 
@I [HLS-100] Command       ap_source returned 0; 0.001 sec.
@I [HLS-100] Command     ap_source returned 0; 0.001 sec.
@I [HLS-100] Execute     source D:/CENG3430/Lab09/solution1/.autopilot/db/global.setting.tcl 
@I [HLS-100] Command     ap_source returned 0; 0.001 sec.
@I [HLS-100] Execute     source D:/CENG3430/Lab09/solution1/.autopilot/db/global.setting.tcl 
@I [HLS-100] Command     ap_source returned 0; 0 sec.
@I [HLS-100] Execute     source D:/CENG3430/Lab09/solution1/.autopilot/db/mmult_hw_float_32_s.compgen.tcl 
@I [HLS-100] Command     ap_source returned 0; 0.018 sec.
@I [HLS-100] Execute     source D:/CENG3430/Lab09/solution1/.autopilot/db/HLS_accel.compgen.tcl 
@I [HLS-100] Command     ap_source returned 0; 0.001 sec.
@I [HLS-100] Execute     source D:/CENG3430/Lab09/solution1/.autopilot/db/global.setting.tcl 
@I [HLS-100] Command     ap_source returned 0; 0.001 sec.
@I [HLS-100] Execute     source D:/CENG3430/Lab09/solution1/.autopilot/db/HLS_accel.constraint.tcl 
@I [HLS-100] Command     ap_source returned 0; 0.001 sec.
@I [HLS-100] Execute     source D:/CENG3430/Lab09/solution1/.autopilot/db/global.setting.tcl 
@I [HLS-100] Command     ap_source returned 0; 0.001 sec.
@I [HLS-100] Execute     source C:/Xilinx/Vivado_HLS/2016.3/common/technology/generic/autopilot/common.gen 
@I [HLS-100] Execute       source C:/Xilinx/Vivado_HLS/2016.3/common/technology/generic/autopilot/APCoreGen.gen 
@I [HLS-100] Command       ap_source returned 0; 0 sec.
@I [HLS-100] Command     ap_source returned 0; 0.001 sec.
@I [HLS-100] Execute     source C:/Xilinx/Vivado_HLS/2016.3/common/technology/generic/autopilot/op.gen 
@I [HLS-100] Command     ap_source returned 0; 0 sec.
@I [HLS-100] Execute     source C:/Xilinx/Vivado_HLS/2016.3/common/technology/generic/autopilot/op_simcore.gen 
@I [HLS-100] Command     ap_source returned 0; 0.001 sec.
@I [HLS-100] Execute     source C:/Xilinx/Vivado_HLS/2016.3/common/technology/generic/autopilot/interface.gen 
@I [HLS-100] Command     ap_source returned 0; 0 sec.
@I [HLS-100] Execute     source D:/CENG3430/Lab09/solution1/.autopilot/db/global.setting.tcl 
@I [HLS-100] Command     ap_source returned 0; 0.001 sec.
@I [HLS-100] Execute     source C:/Xilinx/Vivado_HLS/2016.3/common/technology/xilinx/zynq/zynq.gen 
@I [HLS-100] Execute       source C:/Xilinx/Vivado_HLS/2016.3/common/technology/xilinx/common/virtex.gen 
@I [HLS-100] Execute         source C:/Xilinx/Vivado_HLS/2016.3/common/technology/xilinx/common/xilinx.gen 
@I [HLS-100] Execute           source C:/Xilinx/Vivado_HLS/2016.3/common/technology/xilinx/interface/plb46.gen 
@I [HLS-100] Command           ap_source returned 0; 0 sec.
@I [HLS-100] Execute           source C:/Xilinx/Vivado_HLS/2016.3/common/technology/xilinx/interface/fsl.gen 
@I [HLS-100] Command           ap_source returned 0; 0.001 sec.
@I [HLS-100] Execute           source C:/Xilinx/Vivado_HLS/2016.3/common/technology/xilinx/interface/axi4.gen 
@I [HLS-100] Command           ap_source returned 0; 0.002 sec.
@I [HLS-100] Execute           source C:/Xilinx/Vivado_HLS/2016.3/common/technology/xilinx/interface/nativeAXI4.gen 
@I [HLS-100] Execute             source C:/Xilinx/Vivado_HLS/2016.3/common/technology/xilinx/interface/saxilite.gen 
@I [HLS-100] Command             ap_source returned 0; 0.002 sec.
@I [HLS-100] Execute             source C:/Xilinx/Vivado_HLS/2016.3/common/technology/xilinx/interface/maxi.gen 
@I [HLS-100] Command             ap_source returned 0; 0.006 sec.
@I [HLS-100] Command           ap_source returned 0; 0.009 sec.
@I [HLS-100] Execute           source C:/Xilinx/Vivado_HLS/2016.3/common/technology/xilinx/scripts/xilinxcoregen.gen 
@I [HLS-100] Command           ap_source returned 0; 0.008 sec.
@I [HLS-100] Execute           source C:/Xilinx/Vivado_HLS/2016.3/common/technology/xilinx/interface/XilEDKCoreGen.gen 
@I [HLS-100] Command           ap_source returned 0; 0.007 sec.
@I [HLS-100] Execute           source C:/Xilinx/Vivado_HLS/2016.3/common/technology/xilinx/ip/dds_compiler.gen 
@I [HLS-100] Command           ap_source returned 0; 0.002 sec.
@I [HLS-100] Execute           source C:/Xilinx/Vivado_HLS/2016.3/common/technology/xilinx/ip/util.gen 
@I [HLS-100] Command           ap_source returned 0; 0.001 sec.
@I [HLS-100] Execute           source C:/Xilinx/Vivado_HLS/2016.3/common/technology/xilinx/ip/xfft.gen 
@I [HLS-100] Command           ap_source returned 0; 0.077 sec.
@I [HLS-100] Execute           source C:/Xilinx/Vivado_HLS/2016.3/common/technology/xilinx/ip/xfir.gen 
@I [HLS-100] Command           ap_source returned 0; 0 sec.
@I [HLS-100] Command         ap_source returned 0; 0.107 sec.
@I [HLS-100] Execute         source C:/Xilinx/Vivado_HLS/2016.3/common/technology/xilinx/common/dsp48.gen 
@I [HLS-100] Command         ap_source returned 0; 0 sec.
@I [HLS-100] Command       ap_source returned 0; 0.11 sec.
@I [HLS-100] Command     ap_source returned 0; 0.11 sec.
@I [HLS-100] Execute     source C:/Xilinx/Vivado_HLS/2016.3/common/technology/xilinx/zynq/zynq_fpv6.gen 
@I [HLS-100] Execute       source C:/Xilinx/Vivado_HLS/2016.3/common/technology/xilinx/common/xilinx_fpv6.gen 
@I [HLS-100] Command       ap_source returned 0; 0.001 sec.
@I [HLS-100] Command     ap_source returned 0; 0.001 sec.
@I [HLS-100] Execute     source D:/CENG3430/Lab09/solution1/.autopilot/db/global.setting.tcl 
@I [HLS-100] Command     ap_source returned 0; 0.001 sec.
@I [HLS-100] Command   export_design returned 0; 31.118 sec.
@I [HLS-100] Command ap_source returned 0; 31.41 sec.
@I [HLS-100] Execute cleanup_all 
@I [HLS-100] Command cleanup_all returned 0; 0 sec.
