

================================================================
== Vivado HLS Report for 'HLS_accel'
================================================================
* Date:           Sun Mar 27 01:30:45 2022

* Version:        2016.3 (Build 1682563 on Mon Oct 10 19:41:59 MDT 2016)
* Project:        Lab09
* Solution:       solution1
* Product family: zynq
* Target device:  xc7z020clg484-1


================================================================
== Performance Estimates
================================================================
+ Timing (ns): 
    * Summary: 
    +--------+-------+----------+------------+
    |  Clock | Target| Estimated| Uncertainty|
    +--------+-------+----------+------------+
    |ap_clk  |  10.00|      8.41|        1.25|
    +--------+-------+----------+------------+

+ Latency (clock cycles): 
    * Summary: 
    +------+------+------+------+---------+
    |   Latency   |   Interval  | Pipeline|
    |  min |  max |  min |  max |   Type  |
    +------+------+------+------+---------+
    |  4270|  4270|  4271|  4271|   none  |
    +------+------+------+------+---------+

    + Detail: 
        * Instance: 
        N/A

        * Loop: 
        +----------+------+------+----------+-----------+-----------+------+----------+
        |          |   Latency   | Iteration|  Initiation Interval  | Trip |          |
        | Loop Name|  min |  max |  Latency |  achieved |   target  | Count| Pipelined|
        +----------+------+------+----------+-----------+-----------+------+----------+
        |- Loop 1  |  1024|  1024|         2|          1|          1|  1024|    yes   |
        |- Loop 2  |  1024|  1024|         2|          1|          1|  1024|    yes   |
        |- Loop 3  |  1025|  1025|         3|          1|          1|  1024|    yes   |
        +----------+------+------+----------+-----------+-----------+------+----------+

============================================================
+ Verbose Summary: Synthesis Manager
============================================================
InlineROM: 1
ExposeGlobal: 0
============================================================
+ Verbose Summary: CDFG Model
============================================================
IsTopModel: 1
ResetActiveHigh: 1
IsCombinational: 0
IsDatapathOnly: 0
HasWiredReturn: 1
HasMFsm: 0
HasVarLatency: 1
IsPipeline: 0
IsRtlPipelined: 0
IsInstanceOverlapped: 0
IsDontTouch: 0
HasImplIP: 0
IsGatedGlobalClock: 0

+ Individual pipeline summary: 
  * Pipeline-0: initiation interval (II) = 1, depth = 2
  * Pipeline-1: initiation interval (II) = 1, depth = 2
  * Pipeline-2: initiation interval (II) = 1, depth = 3


============================================================
+ Verbose Summary: Schedule
============================================================
* Number of FSM states: 12
* Pipeline: 3
  Pipeline-0: II = 1, D = 2, States = { 2 3 }
  Pipeline-1: II = 1, D = 2, States = { 5 6 }
  Pipeline-2: II = 1, D = 3, States = { 9 10 11 }
* Dataflow Pipeline: 0

* FSM state transitions: 
1 --> 
	2  / true
2 --> 
	4  / (exitcond_flatten)
	3  / (!exitcond_flatten)
3 --> 
	2  / true
4 --> 
	5  / true
5 --> 
	7  / (exitcond_flatten1)
	6  / (!exitcond_flatten1)
6 --> 
	5  / true
7 --> 
	8  / true
8 --> 
	9  / true
9 --> 
	12  / (exitcond_flatten2)
	10  / (!exitcond_flatten2)
10 --> 
	11  / true
11 --> 
	9  / true
12 --> 
* FSM state operations: 

 <State 1>: 1.57ns
ST_1: StgValue_13 (15)  [1/1] 0.00ns
:0  call void (...)* @_ssdm_op_SpecBitsMap(i32* %INPUT_STREAM_data_V), !map !55

ST_1: StgValue_14 (16)  [1/1] 0.00ns
:1  call void (...)* @_ssdm_op_SpecBitsMap(i4* %INPUT_STREAM_keep_V), !map !61

ST_1: StgValue_15 (17)  [1/1] 0.00ns
:2  call void (...)* @_ssdm_op_SpecBitsMap(i4* %INPUT_STREAM_strb_V), !map !65

ST_1: StgValue_16 (18)  [1/1] 0.00ns
:3  call void (...)* @_ssdm_op_SpecBitsMap(i4* %INPUT_STREAM_user_V), !map !69

ST_1: StgValue_17 (19)  [1/1] 0.00ns
:4  call void (...)* @_ssdm_op_SpecBitsMap(i1* %INPUT_STREAM_last_V), !map !73

ST_1: StgValue_18 (20)  [1/1] 0.00ns
:5  call void (...)* @_ssdm_op_SpecBitsMap(i5* %INPUT_STREAM_id_V), !map !77

ST_1: StgValue_19 (21)  [1/1] 0.00ns
:6  call void (...)* @_ssdm_op_SpecBitsMap(i5* %INPUT_STREAM_dest_V), !map !81

ST_1: StgValue_20 (22)  [1/1] 0.00ns
:7  call void (...)* @_ssdm_op_SpecBitsMap(i32* %OUTPUT_STREAM_data_V), !map !85

ST_1: StgValue_21 (23)  [1/1] 0.00ns
:8  call void (...)* @_ssdm_op_SpecBitsMap(i4* %OUTPUT_STREAM_keep_V), !map !91

ST_1: StgValue_22 (24)  [1/1] 0.00ns
:9  call void (...)* @_ssdm_op_SpecBitsMap(i4* %OUTPUT_STREAM_strb_V), !map !95

ST_1: StgValue_23 (25)  [1/1] 0.00ns
:10  call void (...)* @_ssdm_op_SpecBitsMap(i4* %OUTPUT_STREAM_user_V), !map !99

ST_1: StgValue_24 (26)  [1/1] 0.00ns
:11  call void (...)* @_ssdm_op_SpecBitsMap(i1* %OUTPUT_STREAM_last_V), !map !103

ST_1: StgValue_25 (27)  [1/1] 0.00ns
:12  call void (...)* @_ssdm_op_SpecBitsMap(i5* %OUTPUT_STREAM_id_V), !map !107

ST_1: StgValue_26 (28)  [1/1] 0.00ns
:13  call void (...)* @_ssdm_op_SpecBitsMap(i5* %OUTPUT_STREAM_dest_V), !map !111

ST_1: a_0 (29)  [1/1] 0.00ns  loc: Lab09_material/hls/mmult.h:129->Lab09_material/hls/mmult_accel.cpp:36
:14  %a_0 = alloca [32 x float], align 4

ST_1: a_1 (30)  [1/1] 0.00ns  loc: Lab09_material/hls/mmult.h:129->Lab09_material/hls/mmult_accel.cpp:36
:15  %a_1 = alloca [32 x float], align 4

ST_1: a_2 (31)  [1/1] 0.00ns  loc: Lab09_material/hls/mmult.h:129->Lab09_material/hls/mmult_accel.cpp:36
:16  %a_2 = alloca [32 x float], align 4

ST_1: a_3 (32)  [1/1] 0.00ns  loc: Lab09_material/hls/mmult.h:129->Lab09_material/hls/mmult_accel.cpp:36
:17  %a_3 = alloca [32 x float], align 4

ST_1: a_4 (33)  [1/1] 0.00ns  loc: Lab09_material/hls/mmult.h:129->Lab09_material/hls/mmult_accel.cpp:36
:18  %a_4 = alloca [32 x float], align 4

ST_1: a_5 (34)  [1/1] 0.00ns  loc: Lab09_material/hls/mmult.h:129->Lab09_material/hls/mmult_accel.cpp:36
:19  %a_5 = alloca [32 x float], align 4

ST_1: a_6 (35)  [1/1] 0.00ns  loc: Lab09_material/hls/mmult.h:129->Lab09_material/hls/mmult_accel.cpp:36
:20  %a_6 = alloca [32 x float], align 4

ST_1: a_7 (36)  [1/1] 0.00ns  loc: Lab09_material/hls/mmult.h:129->Lab09_material/hls/mmult_accel.cpp:36
:21  %a_7 = alloca [32 x float], align 4

ST_1: a_8 (37)  [1/1] 0.00ns  loc: Lab09_material/hls/mmult.h:129->Lab09_material/hls/mmult_accel.cpp:36
:22  %a_8 = alloca [32 x float], align 4

ST_1: a_9 (38)  [1/1] 0.00ns  loc: Lab09_material/hls/mmult.h:129->Lab09_material/hls/mmult_accel.cpp:36
:23  %a_9 = alloca [32 x float], align 4

ST_1: a_10 (39)  [1/1] 0.00ns  loc: Lab09_material/hls/mmult.h:129->Lab09_material/hls/mmult_accel.cpp:36
:24  %a_10 = alloca [32 x float], align 4

ST_1: a_11 (40)  [1/1] 0.00ns  loc: Lab09_material/hls/mmult.h:129->Lab09_material/hls/mmult_accel.cpp:36
:25  %a_11 = alloca [32 x float], align 4

ST_1: a_12 (41)  [1/1] 0.00ns  loc: Lab09_material/hls/mmult.h:129->Lab09_material/hls/mmult_accel.cpp:36
:26  %a_12 = alloca [32 x float], align 4

ST_1: a_13 (42)  [1/1] 0.00ns  loc: Lab09_material/hls/mmult.h:129->Lab09_material/hls/mmult_accel.cpp:36
:27  %a_13 = alloca [32 x float], align 4

ST_1: a_14 (43)  [1/1] 0.00ns  loc: Lab09_material/hls/mmult.h:129->Lab09_material/hls/mmult_accel.cpp:36
:28  %a_14 = alloca [32 x float], align 4

ST_1: a_15 (44)  [1/1] 0.00ns  loc: Lab09_material/hls/mmult.h:129->Lab09_material/hls/mmult_accel.cpp:36
:29  %a_15 = alloca [32 x float], align 4

ST_1: a_16 (45)  [1/1] 0.00ns  loc: Lab09_material/hls/mmult.h:129->Lab09_material/hls/mmult_accel.cpp:36
:30  %a_16 = alloca [32 x float], align 4

ST_1: a_17 (46)  [1/1] 0.00ns  loc: Lab09_material/hls/mmult.h:129->Lab09_material/hls/mmult_accel.cpp:36
:31  %a_17 = alloca [32 x float], align 4

ST_1: a_18 (47)  [1/1] 0.00ns  loc: Lab09_material/hls/mmult.h:129->Lab09_material/hls/mmult_accel.cpp:36
:32  %a_18 = alloca [32 x float], align 4

ST_1: a_19 (48)  [1/1] 0.00ns  loc: Lab09_material/hls/mmult.h:129->Lab09_material/hls/mmult_accel.cpp:36
:33  %a_19 = alloca [32 x float], align 4

ST_1: a_20 (49)  [1/1] 0.00ns  loc: Lab09_material/hls/mmult.h:129->Lab09_material/hls/mmult_accel.cpp:36
:34  %a_20 = alloca [32 x float], align 4

ST_1: a_21 (50)  [1/1] 0.00ns  loc: Lab09_material/hls/mmult.h:129->Lab09_material/hls/mmult_accel.cpp:36
:35  %a_21 = alloca [32 x float], align 4

ST_1: a_22 (51)  [1/1] 0.00ns  loc: Lab09_material/hls/mmult.h:129->Lab09_material/hls/mmult_accel.cpp:36
:36  %a_22 = alloca [32 x float], align 4

ST_1: a_23 (52)  [1/1] 0.00ns  loc: Lab09_material/hls/mmult.h:129->Lab09_material/hls/mmult_accel.cpp:36
:37  %a_23 = alloca [32 x float], align 4

ST_1: a_24 (53)  [1/1] 0.00ns  loc: Lab09_material/hls/mmult.h:129->Lab09_material/hls/mmult_accel.cpp:36
:38  %a_24 = alloca [32 x float], align 4

ST_1: a_25 (54)  [1/1] 0.00ns  loc: Lab09_material/hls/mmult.h:129->Lab09_material/hls/mmult_accel.cpp:36
:39  %a_25 = alloca [32 x float], align 4

ST_1: a_26 (55)  [1/1] 0.00ns  loc: Lab09_material/hls/mmult.h:129->Lab09_material/hls/mmult_accel.cpp:36
:40  %a_26 = alloca [32 x float], align 4

ST_1: a_27 (56)  [1/1] 0.00ns  loc: Lab09_material/hls/mmult.h:129->Lab09_material/hls/mmult_accel.cpp:36
:41  %a_27 = alloca [32 x float], align 4

ST_1: a_28 (57)  [1/1] 0.00ns  loc: Lab09_material/hls/mmult.h:129->Lab09_material/hls/mmult_accel.cpp:36
:42  %a_28 = alloca [32 x float], align 4

ST_1: a_29 (58)  [1/1] 0.00ns  loc: Lab09_material/hls/mmult.h:129->Lab09_material/hls/mmult_accel.cpp:36
:43  %a_29 = alloca [32 x float], align 4

ST_1: a_30 (59)  [1/1] 0.00ns  loc: Lab09_material/hls/mmult.h:129->Lab09_material/hls/mmult_accel.cpp:36
:44  %a_30 = alloca [32 x float], align 4

ST_1: a_31 (60)  [1/1] 0.00ns  loc: Lab09_material/hls/mmult.h:129->Lab09_material/hls/mmult_accel.cpp:36
:45  %a_31 = alloca [32 x float], align 4

ST_1: b_0 (61)  [1/1] 0.00ns  loc: Lab09_material/hls/mmult.h:130->Lab09_material/hls/mmult_accel.cpp:36
:46  %b_0 = alloca [32 x float], align 4

ST_1: b_1 (62)  [1/1] 0.00ns  loc: Lab09_material/hls/mmult.h:130->Lab09_material/hls/mmult_accel.cpp:36
:47  %b_1 = alloca [32 x float], align 4

ST_1: b_2 (63)  [1/1] 0.00ns  loc: Lab09_material/hls/mmult.h:130->Lab09_material/hls/mmult_accel.cpp:36
:48  %b_2 = alloca [32 x float], align 4

ST_1: b_3 (64)  [1/1] 0.00ns  loc: Lab09_material/hls/mmult.h:130->Lab09_material/hls/mmult_accel.cpp:36
:49  %b_3 = alloca [32 x float], align 4

ST_1: b_4 (65)  [1/1] 0.00ns  loc: Lab09_material/hls/mmult.h:130->Lab09_material/hls/mmult_accel.cpp:36
:50  %b_4 = alloca [32 x float], align 4

ST_1: b_5 (66)  [1/1] 0.00ns  loc: Lab09_material/hls/mmult.h:130->Lab09_material/hls/mmult_accel.cpp:36
:51  %b_5 = alloca [32 x float], align 4

ST_1: b_6 (67)  [1/1] 0.00ns  loc: Lab09_material/hls/mmult.h:130->Lab09_material/hls/mmult_accel.cpp:36
:52  %b_6 = alloca [32 x float], align 4

ST_1: b_7 (68)  [1/1] 0.00ns  loc: Lab09_material/hls/mmult.h:130->Lab09_material/hls/mmult_accel.cpp:36
:53  %b_7 = alloca [32 x float], align 4

ST_1: b_8 (69)  [1/1] 0.00ns  loc: Lab09_material/hls/mmult.h:130->Lab09_material/hls/mmult_accel.cpp:36
:54  %b_8 = alloca [32 x float], align 4

ST_1: b_9 (70)  [1/1] 0.00ns  loc: Lab09_material/hls/mmult.h:130->Lab09_material/hls/mmult_accel.cpp:36
:55  %b_9 = alloca [32 x float], align 4

ST_1: b_10 (71)  [1/1] 0.00ns  loc: Lab09_material/hls/mmult.h:130->Lab09_material/hls/mmult_accel.cpp:36
:56  %b_10 = alloca [32 x float], align 4

ST_1: b_11 (72)  [1/1] 0.00ns  loc: Lab09_material/hls/mmult.h:130->Lab09_material/hls/mmult_accel.cpp:36
:57  %b_11 = alloca [32 x float], align 4

ST_1: b_12 (73)  [1/1] 0.00ns  loc: Lab09_material/hls/mmult.h:130->Lab09_material/hls/mmult_accel.cpp:36
:58  %b_12 = alloca [32 x float], align 4

ST_1: b_13 (74)  [1/1] 0.00ns  loc: Lab09_material/hls/mmult.h:130->Lab09_material/hls/mmult_accel.cpp:36
:59  %b_13 = alloca [32 x float], align 4

ST_1: b_14 (75)  [1/1] 0.00ns  loc: Lab09_material/hls/mmult.h:130->Lab09_material/hls/mmult_accel.cpp:36
:60  %b_14 = alloca [32 x float], align 4

ST_1: b_15 (76)  [1/1] 0.00ns  loc: Lab09_material/hls/mmult.h:130->Lab09_material/hls/mmult_accel.cpp:36
:61  %b_15 = alloca [32 x float], align 4

ST_1: b_16 (77)  [1/1] 0.00ns  loc: Lab09_material/hls/mmult.h:130->Lab09_material/hls/mmult_accel.cpp:36
:62  %b_16 = alloca [32 x float], align 4

ST_1: b_17 (78)  [1/1] 0.00ns  loc: Lab09_material/hls/mmult.h:130->Lab09_material/hls/mmult_accel.cpp:36
:63  %b_17 = alloca [32 x float], align 4

ST_1: b_18 (79)  [1/1] 0.00ns  loc: Lab09_material/hls/mmult.h:130->Lab09_material/hls/mmult_accel.cpp:36
:64  %b_18 = alloca [32 x float], align 4

ST_1: b_19 (80)  [1/1] 0.00ns  loc: Lab09_material/hls/mmult.h:130->Lab09_material/hls/mmult_accel.cpp:36
:65  %b_19 = alloca [32 x float], align 4

ST_1: b_20 (81)  [1/1] 0.00ns  loc: Lab09_material/hls/mmult.h:130->Lab09_material/hls/mmult_accel.cpp:36
:66  %b_20 = alloca [32 x float], align 4

ST_1: b_21 (82)  [1/1] 0.00ns  loc: Lab09_material/hls/mmult.h:130->Lab09_material/hls/mmult_accel.cpp:36
:67  %b_21 = alloca [32 x float], align 4

ST_1: b_22 (83)  [1/1] 0.00ns  loc: Lab09_material/hls/mmult.h:130->Lab09_material/hls/mmult_accel.cpp:36
:68  %b_22 = alloca [32 x float], align 4

ST_1: b_23 (84)  [1/1] 0.00ns  loc: Lab09_material/hls/mmult.h:130->Lab09_material/hls/mmult_accel.cpp:36
:69  %b_23 = alloca [32 x float], align 4

ST_1: b_24 (85)  [1/1] 0.00ns  loc: Lab09_material/hls/mmult.h:130->Lab09_material/hls/mmult_accel.cpp:36
:70  %b_24 = alloca [32 x float], align 4

ST_1: b_25 (86)  [1/1] 0.00ns  loc: Lab09_material/hls/mmult.h:130->Lab09_material/hls/mmult_accel.cpp:36
:71  %b_25 = alloca [32 x float], align 4

ST_1: b_26 (87)  [1/1] 0.00ns  loc: Lab09_material/hls/mmult.h:130->Lab09_material/hls/mmult_accel.cpp:36
:72  %b_26 = alloca [32 x float], align 4

ST_1: b_27 (88)  [1/1] 0.00ns  loc: Lab09_material/hls/mmult.h:130->Lab09_material/hls/mmult_accel.cpp:36
:73  %b_27 = alloca [32 x float], align 4

ST_1: b_28 (89)  [1/1] 0.00ns  loc: Lab09_material/hls/mmult.h:130->Lab09_material/hls/mmult_accel.cpp:36
:74  %b_28 = alloca [32 x float], align 4

ST_1: b_29 (90)  [1/1] 0.00ns  loc: Lab09_material/hls/mmult.h:130->Lab09_material/hls/mmult_accel.cpp:36
:75  %b_29 = alloca [32 x float], align 4

ST_1: b_30 (91)  [1/1] 0.00ns  loc: Lab09_material/hls/mmult.h:130->Lab09_material/hls/mmult_accel.cpp:36
:76  %b_30 = alloca [32 x float], align 4

ST_1: b_31 (92)  [1/1] 0.00ns  loc: Lab09_material/hls/mmult.h:130->Lab09_material/hls/mmult_accel.cpp:36
:77  %b_31 = alloca [32 x float], align 4

ST_1: out (93)  [1/1] 0.00ns
:78  %out = alloca [1024 x float], align 4

ST_1: StgValue_92 (94)  [1/1] 0.00ns
:79  call void (...)* @_ssdm_op_SpecTopModule([10 x i8]* @HLS_accel_str) nounwind

ST_1: StgValue_93 (95)  [1/1] 0.00ns  loc: Lab09_material/hls/mmult_accel.cpp:23
:80  call void (...)* @_ssdm_op_SpecInterface(i32 0, [10 x i8]* @p_str, i32 0, i32 0, [1 x i8]* @p_str1, i32 0, i32 0, [12 x i8]* @p_str2, [1 x i8]* @p_str1, [1 x i8]* @p_str1, i32 0, i32 0, i32 0, i32 0, [1 x i8]* @p_str1, [1 x i8]* @p_str1) nounwind

ST_1: StgValue_94 (96)  [1/1] 0.00ns
:81  call void (...)* @_ssdm_op_SpecInterface(i32* %OUTPUT_STREAM_data_V, i4* %OUTPUT_STREAM_keep_V, i4* %OUTPUT_STREAM_strb_V, i4* %OUTPUT_STREAM_user_V, i1* %OUTPUT_STREAM_last_V, i5* %OUTPUT_STREAM_id_V, i5* %OUTPUT_STREAM_dest_V, [5 x i8]* @p_str3, i32 1, i32 1, [5 x i8]* @p_str4, i32 0, i32 0, [1 x i8]* @p_str1, [1 x i8]* @p_str1, [1 x i8]* @p_str1, i32 0, i32 0, i32 0, i32 0, [1 x i8]* @p_str1, [1 x i8]* @p_str1)

ST_1: StgValue_95 (97)  [1/1] 0.00ns
:82  call void (...)* @_ssdm_op_SpecInterface(i32* %INPUT_STREAM_data_V, i4* %INPUT_STREAM_keep_V, i4* %INPUT_STREAM_strb_V, i4* %INPUT_STREAM_user_V, i1* %INPUT_STREAM_last_V, i5* %INPUT_STREAM_id_V, i5* %INPUT_STREAM_dest_V, [5 x i8]* @p_str3, i32 1, i32 1, [5 x i8]* @p_str4, i32 0, i32 0, [1 x i8]* @p_str1, [1 x i8]* @p_str1, [1 x i8]* @p_str1, i32 0, i32 0, i32 0, i32 0, [1 x i8]* @p_str1, [1 x i8]* @p_str1)

ST_1: StgValue_96 (98)  [1/1] 1.57ns  loc: Lab09_material/hls/mmult.h:136->Lab09_material/hls/mmult_accel.cpp:36
:83  br label %.preheader8.i


 <State 2>: 5.28ns
ST_2: indvar_flatten (100)  [1/1] 0.00ns
.preheader8.i:0  %indvar_flatten = phi i11 [ 0, %0 ], [ %indvar_flatten_next, %1 ]

ST_2: i_0_i (101)  [1/1] 0.00ns  loc: Lab09_material/hls/mmult.h:136->Lab09_material/hls/mmult_accel.cpp:36
.preheader8.i:1  %i_0_i = phi i6 [ 0, %0 ], [ %i_0_i_cast8_mid2_v, %1 ]

ST_2: j_0_i (102)  [1/1] 0.00ns
.preheader8.i:2  %j_0_i = phi i6 [ 0, %0 ], [ %j, %1 ]

ST_2: exitcond_flatten (103)  [1/1] 2.11ns
.preheader8.i:3  %exitcond_flatten = icmp eq i11 %indvar_flatten, -1024

ST_2: indvar_flatten_next (104)  [1/1] 1.84ns
.preheader8.i:4  %indvar_flatten_next = add i11 %indvar_flatten, 1

ST_2: StgValue_102 (105)  [1/1] 0.00ns
.preheader8.i:5  br i1 %exitcond_flatten, label %.preheader6.i.preheader, label %.preheader8.i.preheader

ST_2: i (107)  [1/1] 1.72ns  loc: Lab09_material/hls/mmult.h:136->Lab09_material/hls/mmult_accel.cpp:36
.preheader8.i.preheader:0  %i = add i6 1, %i_0_i

ST_2: exitcond4_i (109)  [1/1] 1.94ns  loc: Lab09_material/hls/mmult.h:137->Lab09_material/hls/mmult_accel.cpp:36
.preheader8.i.preheader:2  %exitcond4_i = icmp eq i6 %j_0_i, -32

ST_2: j_0_i_mid2 (110)  [1/1] 1.37ns  loc: Lab09_material/hls/mmult.h:137->Lab09_material/hls/mmult_accel.cpp:36
.preheader8.i.preheader:3  %j_0_i_mid2 = select i1 %exitcond4_i, i6 0, i6 %j_0_i

ST_2: i_0_i_cast8_mid2_v (111)  [1/1] 1.37ns  loc: Lab09_material/hls/mmult.h:136->Lab09_material/hls/mmult_accel.cpp:36
.preheader8.i.preheader:4  %i_0_i_cast8_mid2_v = select i1 %exitcond4_i, i6 %i, i6 %i_0_i

ST_2: tmp_s (113)  [1/1] 0.00ns  loc: Lab09_material/hls/mmult.h:138->Lab09_material/hls/mmult_accel.cpp:36
.preheader8.i.preheader:6  %tmp_s = call i32 (...)* @_ssdm_op_SpecRegionBegin([12 x i8]* @p_str5)

ST_2: empty_17 (115)  [2/2] 0.00ns
.preheader8.i.preheader:8  %empty_17 = call { i32, i4, i4, i4, i1, i5, i5 } @_ssdm_op_Read.axis.volatile.i32P.i4P.i4P.i4P.i1P.i5P.i5P(i32* %INPUT_STREAM_data_V, i4* %INPUT_STREAM_keep_V, i4* %INPUT_STREAM_strb_V, i4* %INPUT_STREAM_user_V, i1* %INPUT_STREAM_last_V, i5* %INPUT_STREAM_id_V, i5* %INPUT_STREAM_dest_V)

ST_2: tmp_1 (118)  [1/1] 0.00ns  loc: Lab09_material/hls/mmult.h:137->Lab09_material/hls/mmult_accel.cpp:36
.preheader8.i.preheader:11  %tmp_1 = trunc i6 %j_0_i_mid2 to i5

ST_2: StgValue_110 (119)  [1/1] 1.97ns  loc: Lab09_material/hls/mmult.h:141->Lab09_material/hls/mmult_accel.cpp:36
.preheader8.i.preheader:12  switch i5 %tmp_1, label %branch31 [
    i5 0, label %branch0
    i5 1, label %branch1
    i5 2, label %branch2
    i5 3, label %branch3
    i5 4, label %branch4
    i5 5, label %branch5
    i5 6, label %branch6
    i5 7, label %branch7
    i5 8, label %branch8
    i5 9, label %branch9
    i5 10, label %branch10
    i5 11, label %branch11
    i5 12, label %branch12
    i5 13, label %branch13
    i5 14, label %branch14
    i5 15, label %branch15
    i5 -16, label %branch16
    i5 -15, label %branch17
    i5 -14, label %branch18
    i5 -13, label %branch19
    i5 -12, label %branch20
    i5 -11, label %branch21
    i5 -10, label %branch22
    i5 -9, label %branch23
    i5 -8, label %branch24
    i5 -7, label %branch25
    i5 -6, label %branch26
    i5 -5, label %branch27
    i5 -4, label %branch28
    i5 -3, label %branch29
    i5 -2, label %branch30
  ]

ST_2: empty (249)  [1/1] 0.00ns  loc: Lab09_material/hls/mmult.h:143->Lab09_material/hls/mmult_accel.cpp:36
:0  %empty = call i32 (...)* @_ssdm_op_SpecRegionEnd([12 x i8]* @p_str5, i32 %tmp_s)

ST_2: j (250)  [1/1] 1.72ns  loc: Lab09_material/hls/mmult.h:137->Lab09_material/hls/mmult_accel.cpp:36
:1  %j = add i6 %j_0_i_mid2, 1

ST_2: StgValue_113 (251)  [1/1] 0.00ns  loc: Lab09_material/hls/mmult.h:137->Lab09_material/hls/mmult_accel.cpp:36
:2  br label %.preheader8.i


 <State 3>: 2.71ns
ST_3: empty_16 (108)  [1/1] 0.00ns
.preheader8.i.preheader:1  %empty_16 = call i32 (...)* @_ssdm_op_SpecLoopTripCount(i64 1024, i64 1024, i64 1024)

ST_3: i_0_i_cast8_mid2 (112)  [1/1] 0.00ns  loc: Lab09_material/hls/mmult.h:136->Lab09_material/hls/mmult_accel.cpp:36
.preheader8.i.preheader:5  %i_0_i_cast8_mid2 = zext i6 %i_0_i_cast8_mid2_v to i32

ST_3: StgValue_116 (114)  [1/1] 0.00ns  loc: Lab09_material/hls/mmult.h:139->Lab09_material/hls/mmult_accel.cpp:36
.preheader8.i.preheader:7  call void (...)* @_ssdm_op_SpecPipeline(i32 1, i32 1, i32 1, i32 0, [1 x i8]* @p_str1) nounwind

ST_3: empty_17 (115)  [1/2] 0.00ns
.preheader8.i.preheader:8  %empty_17 = call { i32, i4, i4, i4, i1, i5, i5 } @_ssdm_op_Read.axis.volatile.i32P.i4P.i4P.i4P.i1P.i5P.i5P(i32* %INPUT_STREAM_data_V, i4* %INPUT_STREAM_keep_V, i4* %INPUT_STREAM_strb_V, i4* %INPUT_STREAM_user_V, i1* %INPUT_STREAM_last_V, i5* %INPUT_STREAM_id_V, i5* %INPUT_STREAM_dest_V)

ST_3: INPUT_STREAM_data_V_s (116)  [1/1] 0.00ns
.preheader8.i.preheader:9  %INPUT_STREAM_data_V_s = extractvalue { i32, i4, i4, i4, i1, i5, i5 } %empty_17, 0

ST_3: ret (117)  [1/1] 0.00ns  loc: Lab09_material/hls/mmult.h:82->Lab09_material/hls/mmult.h:141->Lab09_material/hls/mmult_accel.cpp:36
.preheader8.i.preheader:10  %ret = bitcast i32 %INPUT_STREAM_data_V_s to float

ST_3: a_30_addr (121)  [1/1] 0.00ns  loc: Lab09_material/hls/mmult.h:141->Lab09_material/hls/mmult_accel.cpp:36
branch30:0  %a_30_addr = getelementptr [32 x float]* %a_30, i32 0, i32 %i_0_i_cast8_mid2

ST_3: StgValue_121 (122)  [1/1] 2.71ns  loc: Lab09_material/hls/mmult.h:141->Lab09_material/hls/mmult_accel.cpp:36
branch30:1  store float %ret, float* %a_30_addr, align 4

ST_3: StgValue_122 (123)  [1/1] 0.00ns  loc: Lab09_material/hls/mmult.h:141->Lab09_material/hls/mmult_accel.cpp:36
branch30:2  br label %1

ST_3: a_29_addr (125)  [1/1] 0.00ns  loc: Lab09_material/hls/mmult.h:141->Lab09_material/hls/mmult_accel.cpp:36
branch29:0  %a_29_addr = getelementptr [32 x float]* %a_29, i32 0, i32 %i_0_i_cast8_mid2

ST_3: StgValue_124 (126)  [1/1] 2.71ns  loc: Lab09_material/hls/mmult.h:141->Lab09_material/hls/mmult_accel.cpp:36
branch29:1  store float %ret, float* %a_29_addr, align 4

ST_3: StgValue_125 (127)  [1/1] 0.00ns  loc: Lab09_material/hls/mmult.h:141->Lab09_material/hls/mmult_accel.cpp:36
branch29:2  br label %1

ST_3: a_28_addr (129)  [1/1] 0.00ns  loc: Lab09_material/hls/mmult.h:141->Lab09_material/hls/mmult_accel.cpp:36
branch28:0  %a_28_addr = getelementptr [32 x float]* %a_28, i32 0, i32 %i_0_i_cast8_mid2

ST_3: StgValue_127 (130)  [1/1] 2.71ns  loc: Lab09_material/hls/mmult.h:141->Lab09_material/hls/mmult_accel.cpp:36
branch28:1  store float %ret, float* %a_28_addr, align 4

ST_3: StgValue_128 (131)  [1/1] 0.00ns  loc: Lab09_material/hls/mmult.h:141->Lab09_material/hls/mmult_accel.cpp:36
branch28:2  br label %1

ST_3: a_27_addr (133)  [1/1] 0.00ns  loc: Lab09_material/hls/mmult.h:141->Lab09_material/hls/mmult_accel.cpp:36
branch27:0  %a_27_addr = getelementptr [32 x float]* %a_27, i32 0, i32 %i_0_i_cast8_mid2

ST_3: StgValue_130 (134)  [1/1] 2.71ns  loc: Lab09_material/hls/mmult.h:141->Lab09_material/hls/mmult_accel.cpp:36
branch27:1  store float %ret, float* %a_27_addr, align 4

ST_3: StgValue_131 (135)  [1/1] 0.00ns  loc: Lab09_material/hls/mmult.h:141->Lab09_material/hls/mmult_accel.cpp:36
branch27:2  br label %1

ST_3: a_26_addr (137)  [1/1] 0.00ns  loc: Lab09_material/hls/mmult.h:141->Lab09_material/hls/mmult_accel.cpp:36
branch26:0  %a_26_addr = getelementptr [32 x float]* %a_26, i32 0, i32 %i_0_i_cast8_mid2

ST_3: StgValue_133 (138)  [1/1] 2.71ns  loc: Lab09_material/hls/mmult.h:141->Lab09_material/hls/mmult_accel.cpp:36
branch26:1  store float %ret, float* %a_26_addr, align 4

ST_3: StgValue_134 (139)  [1/1] 0.00ns  loc: Lab09_material/hls/mmult.h:141->Lab09_material/hls/mmult_accel.cpp:36
branch26:2  br label %1

ST_3: a_25_addr (141)  [1/1] 0.00ns  loc: Lab09_material/hls/mmult.h:141->Lab09_material/hls/mmult_accel.cpp:36
branch25:0  %a_25_addr = getelementptr [32 x float]* %a_25, i32 0, i32 %i_0_i_cast8_mid2

ST_3: StgValue_136 (142)  [1/1] 2.71ns  loc: Lab09_material/hls/mmult.h:141->Lab09_material/hls/mmult_accel.cpp:36
branch25:1  store float %ret, float* %a_25_addr, align 4

ST_3: StgValue_137 (143)  [1/1] 0.00ns  loc: Lab09_material/hls/mmult.h:141->Lab09_material/hls/mmult_accel.cpp:36
branch25:2  br label %1

ST_3: a_24_addr (145)  [1/1] 0.00ns  loc: Lab09_material/hls/mmult.h:141->Lab09_material/hls/mmult_accel.cpp:36
branch24:0  %a_24_addr = getelementptr [32 x float]* %a_24, i32 0, i32 %i_0_i_cast8_mid2

ST_3: StgValue_139 (146)  [1/1] 2.71ns  loc: Lab09_material/hls/mmult.h:141->Lab09_material/hls/mmult_accel.cpp:36
branch24:1  store float %ret, float* %a_24_addr, align 4

ST_3: StgValue_140 (147)  [1/1] 0.00ns  loc: Lab09_material/hls/mmult.h:141->Lab09_material/hls/mmult_accel.cpp:36
branch24:2  br label %1

ST_3: a_23_addr (149)  [1/1] 0.00ns  loc: Lab09_material/hls/mmult.h:141->Lab09_material/hls/mmult_accel.cpp:36
branch23:0  %a_23_addr = getelementptr [32 x float]* %a_23, i32 0, i32 %i_0_i_cast8_mid2

ST_3: StgValue_142 (150)  [1/1] 2.71ns  loc: Lab09_material/hls/mmult.h:141->Lab09_material/hls/mmult_accel.cpp:36
branch23:1  store float %ret, float* %a_23_addr, align 4

ST_3: StgValue_143 (151)  [1/1] 0.00ns  loc: Lab09_material/hls/mmult.h:141->Lab09_material/hls/mmult_accel.cpp:36
branch23:2  br label %1

ST_3: a_22_addr (153)  [1/1] 0.00ns  loc: Lab09_material/hls/mmult.h:141->Lab09_material/hls/mmult_accel.cpp:36
branch22:0  %a_22_addr = getelementptr [32 x float]* %a_22, i32 0, i32 %i_0_i_cast8_mid2

ST_3: StgValue_145 (154)  [1/1] 2.71ns  loc: Lab09_material/hls/mmult.h:141->Lab09_material/hls/mmult_accel.cpp:36
branch22:1  store float %ret, float* %a_22_addr, align 4

ST_3: StgValue_146 (155)  [1/1] 0.00ns  loc: Lab09_material/hls/mmult.h:141->Lab09_material/hls/mmult_accel.cpp:36
branch22:2  br label %1

ST_3: a_21_addr (157)  [1/1] 0.00ns  loc: Lab09_material/hls/mmult.h:141->Lab09_material/hls/mmult_accel.cpp:36
branch21:0  %a_21_addr = getelementptr [32 x float]* %a_21, i32 0, i32 %i_0_i_cast8_mid2

ST_3: StgValue_148 (158)  [1/1] 2.71ns  loc: Lab09_material/hls/mmult.h:141->Lab09_material/hls/mmult_accel.cpp:36
branch21:1  store float %ret, float* %a_21_addr, align 4

ST_3: StgValue_149 (159)  [1/1] 0.00ns  loc: Lab09_material/hls/mmult.h:141->Lab09_material/hls/mmult_accel.cpp:36
branch21:2  br label %1

ST_3: a_20_addr (161)  [1/1] 0.00ns  loc: Lab09_material/hls/mmult.h:141->Lab09_material/hls/mmult_accel.cpp:36
branch20:0  %a_20_addr = getelementptr [32 x float]* %a_20, i32 0, i32 %i_0_i_cast8_mid2

ST_3: StgValue_151 (162)  [1/1] 2.71ns  loc: Lab09_material/hls/mmult.h:141->Lab09_material/hls/mmult_accel.cpp:36
branch20:1  store float %ret, float* %a_20_addr, align 4

ST_3: StgValue_152 (163)  [1/1] 0.00ns  loc: Lab09_material/hls/mmult.h:141->Lab09_material/hls/mmult_accel.cpp:36
branch20:2  br label %1

ST_3: a_19_addr (165)  [1/1] 0.00ns  loc: Lab09_material/hls/mmult.h:141->Lab09_material/hls/mmult_accel.cpp:36
branch19:0  %a_19_addr = getelementptr [32 x float]* %a_19, i32 0, i32 %i_0_i_cast8_mid2

ST_3: StgValue_154 (166)  [1/1] 2.71ns  loc: Lab09_material/hls/mmult.h:141->Lab09_material/hls/mmult_accel.cpp:36
branch19:1  store float %ret, float* %a_19_addr, align 4

ST_3: StgValue_155 (167)  [1/1] 0.00ns  loc: Lab09_material/hls/mmult.h:141->Lab09_material/hls/mmult_accel.cpp:36
branch19:2  br label %1

ST_3: a_18_addr (169)  [1/1] 0.00ns  loc: Lab09_material/hls/mmult.h:141->Lab09_material/hls/mmult_accel.cpp:36
branch18:0  %a_18_addr = getelementptr [32 x float]* %a_18, i32 0, i32 %i_0_i_cast8_mid2

ST_3: StgValue_157 (170)  [1/1] 2.71ns  loc: Lab09_material/hls/mmult.h:141->Lab09_material/hls/mmult_accel.cpp:36
branch18:1  store float %ret, float* %a_18_addr, align 4

ST_3: StgValue_158 (171)  [1/1] 0.00ns  loc: Lab09_material/hls/mmult.h:141->Lab09_material/hls/mmult_accel.cpp:36
branch18:2  br label %1

ST_3: a_17_addr (173)  [1/1] 0.00ns  loc: Lab09_material/hls/mmult.h:141->Lab09_material/hls/mmult_accel.cpp:36
branch17:0  %a_17_addr = getelementptr [32 x float]* %a_17, i32 0, i32 %i_0_i_cast8_mid2

ST_3: StgValue_160 (174)  [1/1] 2.71ns  loc: Lab09_material/hls/mmult.h:141->Lab09_material/hls/mmult_accel.cpp:36
branch17:1  store float %ret, float* %a_17_addr, align 4

ST_3: StgValue_161 (175)  [1/1] 0.00ns  loc: Lab09_material/hls/mmult.h:141->Lab09_material/hls/mmult_accel.cpp:36
branch17:2  br label %1

ST_3: a_16_addr (177)  [1/1] 0.00ns  loc: Lab09_material/hls/mmult.h:141->Lab09_material/hls/mmult_accel.cpp:36
branch16:0  %a_16_addr = getelementptr [32 x float]* %a_16, i32 0, i32 %i_0_i_cast8_mid2

ST_3: StgValue_163 (178)  [1/1] 2.71ns  loc: Lab09_material/hls/mmult.h:141->Lab09_material/hls/mmult_accel.cpp:36
branch16:1  store float %ret, float* %a_16_addr, align 4

ST_3: StgValue_164 (179)  [1/1] 0.00ns  loc: Lab09_material/hls/mmult.h:141->Lab09_material/hls/mmult_accel.cpp:36
branch16:2  br label %1

ST_3: a_15_addr (181)  [1/1] 0.00ns  loc: Lab09_material/hls/mmult.h:141->Lab09_material/hls/mmult_accel.cpp:36
branch15:0  %a_15_addr = getelementptr [32 x float]* %a_15, i32 0, i32 %i_0_i_cast8_mid2

ST_3: StgValue_166 (182)  [1/1] 2.71ns  loc: Lab09_material/hls/mmult.h:141->Lab09_material/hls/mmult_accel.cpp:36
branch15:1  store float %ret, float* %a_15_addr, align 4

ST_3: StgValue_167 (183)  [1/1] 0.00ns  loc: Lab09_material/hls/mmult.h:141->Lab09_material/hls/mmult_accel.cpp:36
branch15:2  br label %1

ST_3: a_14_addr (185)  [1/1] 0.00ns  loc: Lab09_material/hls/mmult.h:141->Lab09_material/hls/mmult_accel.cpp:36
branch14:0  %a_14_addr = getelementptr [32 x float]* %a_14, i32 0, i32 %i_0_i_cast8_mid2

ST_3: StgValue_169 (186)  [1/1] 2.71ns  loc: Lab09_material/hls/mmult.h:141->Lab09_material/hls/mmult_accel.cpp:36
branch14:1  store float %ret, float* %a_14_addr, align 4

ST_3: StgValue_170 (187)  [1/1] 0.00ns  loc: Lab09_material/hls/mmult.h:141->Lab09_material/hls/mmult_accel.cpp:36
branch14:2  br label %1

ST_3: a_13_addr (189)  [1/1] 0.00ns  loc: Lab09_material/hls/mmult.h:141->Lab09_material/hls/mmult_accel.cpp:36
branch13:0  %a_13_addr = getelementptr [32 x float]* %a_13, i32 0, i32 %i_0_i_cast8_mid2

ST_3: StgValue_172 (190)  [1/1] 2.71ns  loc: Lab09_material/hls/mmult.h:141->Lab09_material/hls/mmult_accel.cpp:36
branch13:1  store float %ret, float* %a_13_addr, align 4

ST_3: StgValue_173 (191)  [1/1] 0.00ns  loc: Lab09_material/hls/mmult.h:141->Lab09_material/hls/mmult_accel.cpp:36
branch13:2  br label %1

ST_3: a_12_addr (193)  [1/1] 0.00ns  loc: Lab09_material/hls/mmult.h:141->Lab09_material/hls/mmult_accel.cpp:36
branch12:0  %a_12_addr = getelementptr [32 x float]* %a_12, i32 0, i32 %i_0_i_cast8_mid2

ST_3: StgValue_175 (194)  [1/1] 2.71ns  loc: Lab09_material/hls/mmult.h:141->Lab09_material/hls/mmult_accel.cpp:36
branch12:1  store float %ret, float* %a_12_addr, align 4

ST_3: StgValue_176 (195)  [1/1] 0.00ns  loc: Lab09_material/hls/mmult.h:141->Lab09_material/hls/mmult_accel.cpp:36
branch12:2  br label %1

ST_3: a_11_addr (197)  [1/1] 0.00ns  loc: Lab09_material/hls/mmult.h:141->Lab09_material/hls/mmult_accel.cpp:36
branch11:0  %a_11_addr = getelementptr [32 x float]* %a_11, i32 0, i32 %i_0_i_cast8_mid2

ST_3: StgValue_178 (198)  [1/1] 2.71ns  loc: Lab09_material/hls/mmult.h:141->Lab09_material/hls/mmult_accel.cpp:36
branch11:1  store float %ret, float* %a_11_addr, align 4

ST_3: StgValue_179 (199)  [1/1] 0.00ns  loc: Lab09_material/hls/mmult.h:141->Lab09_material/hls/mmult_accel.cpp:36
branch11:2  br label %1

ST_3: a_10_addr (201)  [1/1] 0.00ns  loc: Lab09_material/hls/mmult.h:141->Lab09_material/hls/mmult_accel.cpp:36
branch10:0  %a_10_addr = getelementptr [32 x float]* %a_10, i32 0, i32 %i_0_i_cast8_mid2

ST_3: StgValue_181 (202)  [1/1] 2.71ns  loc: Lab09_material/hls/mmult.h:141->Lab09_material/hls/mmult_accel.cpp:36
branch10:1  store float %ret, float* %a_10_addr, align 4

ST_3: StgValue_182 (203)  [1/1] 0.00ns  loc: Lab09_material/hls/mmult.h:141->Lab09_material/hls/mmult_accel.cpp:36
branch10:2  br label %1

ST_3: a_9_addr (205)  [1/1] 0.00ns  loc: Lab09_material/hls/mmult.h:141->Lab09_material/hls/mmult_accel.cpp:36
branch9:0  %a_9_addr = getelementptr [32 x float]* %a_9, i32 0, i32 %i_0_i_cast8_mid2

ST_3: StgValue_184 (206)  [1/1] 2.71ns  loc: Lab09_material/hls/mmult.h:141->Lab09_material/hls/mmult_accel.cpp:36
branch9:1  store float %ret, float* %a_9_addr, align 4

ST_3: StgValue_185 (207)  [1/1] 0.00ns  loc: Lab09_material/hls/mmult.h:141->Lab09_material/hls/mmult_accel.cpp:36
branch9:2  br label %1

ST_3: a_8_addr (209)  [1/1] 0.00ns  loc: Lab09_material/hls/mmult.h:141->Lab09_material/hls/mmult_accel.cpp:36
branch8:0  %a_8_addr = getelementptr [32 x float]* %a_8, i32 0, i32 %i_0_i_cast8_mid2

ST_3: StgValue_187 (210)  [1/1] 2.71ns  loc: Lab09_material/hls/mmult.h:141->Lab09_material/hls/mmult_accel.cpp:36
branch8:1  store float %ret, float* %a_8_addr, align 4

ST_3: StgValue_188 (211)  [1/1] 0.00ns  loc: Lab09_material/hls/mmult.h:141->Lab09_material/hls/mmult_accel.cpp:36
branch8:2  br label %1

ST_3: a_7_addr (213)  [1/1] 0.00ns  loc: Lab09_material/hls/mmult.h:141->Lab09_material/hls/mmult_accel.cpp:36
branch7:0  %a_7_addr = getelementptr [32 x float]* %a_7, i32 0, i32 %i_0_i_cast8_mid2

ST_3: StgValue_190 (214)  [1/1] 2.71ns  loc: Lab09_material/hls/mmult.h:141->Lab09_material/hls/mmult_accel.cpp:36
branch7:1  store float %ret, float* %a_7_addr, align 4

ST_3: StgValue_191 (215)  [1/1] 0.00ns  loc: Lab09_material/hls/mmult.h:141->Lab09_material/hls/mmult_accel.cpp:36
branch7:2  br label %1

ST_3: a_6_addr (217)  [1/1] 0.00ns  loc: Lab09_material/hls/mmult.h:141->Lab09_material/hls/mmult_accel.cpp:36
branch6:0  %a_6_addr = getelementptr [32 x float]* %a_6, i32 0, i32 %i_0_i_cast8_mid2

ST_3: StgValue_193 (218)  [1/1] 2.71ns  loc: Lab09_material/hls/mmult.h:141->Lab09_material/hls/mmult_accel.cpp:36
branch6:1  store float %ret, float* %a_6_addr, align 4

ST_3: StgValue_194 (219)  [1/1] 0.00ns  loc: Lab09_material/hls/mmult.h:141->Lab09_material/hls/mmult_accel.cpp:36
branch6:2  br label %1

ST_3: a_5_addr (221)  [1/1] 0.00ns  loc: Lab09_material/hls/mmult.h:141->Lab09_material/hls/mmult_accel.cpp:36
branch5:0  %a_5_addr = getelementptr [32 x float]* %a_5, i32 0, i32 %i_0_i_cast8_mid2

ST_3: StgValue_196 (222)  [1/1] 2.71ns  loc: Lab09_material/hls/mmult.h:141->Lab09_material/hls/mmult_accel.cpp:36
branch5:1  store float %ret, float* %a_5_addr, align 4

ST_3: StgValue_197 (223)  [1/1] 0.00ns  loc: Lab09_material/hls/mmult.h:141->Lab09_material/hls/mmult_accel.cpp:36
branch5:2  br label %1

ST_3: a_4_addr (225)  [1/1] 0.00ns  loc: Lab09_material/hls/mmult.h:141->Lab09_material/hls/mmult_accel.cpp:36
branch4:0  %a_4_addr = getelementptr [32 x float]* %a_4, i32 0, i32 %i_0_i_cast8_mid2

ST_3: StgValue_199 (226)  [1/1] 2.71ns  loc: Lab09_material/hls/mmult.h:141->Lab09_material/hls/mmult_accel.cpp:36
branch4:1  store float %ret, float* %a_4_addr, align 4

ST_3: StgValue_200 (227)  [1/1] 0.00ns  loc: Lab09_material/hls/mmult.h:141->Lab09_material/hls/mmult_accel.cpp:36
branch4:2  br label %1

ST_3: a_3_addr (229)  [1/1] 0.00ns  loc: Lab09_material/hls/mmult.h:141->Lab09_material/hls/mmult_accel.cpp:36
branch3:0  %a_3_addr = getelementptr [32 x float]* %a_3, i32 0, i32 %i_0_i_cast8_mid2

ST_3: StgValue_202 (230)  [1/1] 2.71ns  loc: Lab09_material/hls/mmult.h:141->Lab09_material/hls/mmult_accel.cpp:36
branch3:1  store float %ret, float* %a_3_addr, align 4

ST_3: StgValue_203 (231)  [1/1] 0.00ns  loc: Lab09_material/hls/mmult.h:141->Lab09_material/hls/mmult_accel.cpp:36
branch3:2  br label %1

ST_3: a_2_addr (233)  [1/1] 0.00ns  loc: Lab09_material/hls/mmult.h:141->Lab09_material/hls/mmult_accel.cpp:36
branch2:0  %a_2_addr = getelementptr [32 x float]* %a_2, i32 0, i32 %i_0_i_cast8_mid2

ST_3: StgValue_205 (234)  [1/1] 2.71ns  loc: Lab09_material/hls/mmult.h:141->Lab09_material/hls/mmult_accel.cpp:36
branch2:1  store float %ret, float* %a_2_addr, align 4

ST_3: StgValue_206 (235)  [1/1] 0.00ns  loc: Lab09_material/hls/mmult.h:141->Lab09_material/hls/mmult_accel.cpp:36
branch2:2  br label %1

ST_3: a_1_addr (237)  [1/1] 0.00ns  loc: Lab09_material/hls/mmult.h:141->Lab09_material/hls/mmult_accel.cpp:36
branch1:0  %a_1_addr = getelementptr [32 x float]* %a_1, i32 0, i32 %i_0_i_cast8_mid2

ST_3: StgValue_208 (238)  [1/1] 2.71ns  loc: Lab09_material/hls/mmult.h:141->Lab09_material/hls/mmult_accel.cpp:36
branch1:1  store float %ret, float* %a_1_addr, align 4

ST_3: StgValue_209 (239)  [1/1] 0.00ns  loc: Lab09_material/hls/mmult.h:141->Lab09_material/hls/mmult_accel.cpp:36
branch1:2  br label %1

ST_3: a_0_addr (241)  [1/1] 0.00ns  loc: Lab09_material/hls/mmult.h:141->Lab09_material/hls/mmult_accel.cpp:36
branch0:0  %a_0_addr = getelementptr [32 x float]* %a_0, i32 0, i32 %i_0_i_cast8_mid2

ST_3: StgValue_211 (242)  [1/1] 2.71ns  loc: Lab09_material/hls/mmult.h:141->Lab09_material/hls/mmult_accel.cpp:36
branch0:1  store float %ret, float* %a_0_addr, align 4

ST_3: StgValue_212 (243)  [1/1] 0.00ns  loc: Lab09_material/hls/mmult.h:141->Lab09_material/hls/mmult_accel.cpp:36
branch0:2  br label %1

ST_3: a_31_addr (245)  [1/1] 0.00ns  loc: Lab09_material/hls/mmult.h:141->Lab09_material/hls/mmult_accel.cpp:36
branch31:0  %a_31_addr = getelementptr [32 x float]* %a_31, i32 0, i32 %i_0_i_cast8_mid2

ST_3: StgValue_214 (246)  [1/1] 2.71ns  loc: Lab09_material/hls/mmult.h:141->Lab09_material/hls/mmult_accel.cpp:36
branch31:1  store float %ret, float* %a_31_addr, align 4

ST_3: StgValue_215 (247)  [1/1] 0.00ns  loc: Lab09_material/hls/mmult.h:141->Lab09_material/hls/mmult_accel.cpp:36
branch31:2  br label %1


 <State 4>: 1.57ns
ST_4: StgValue_216 (253)  [1/1] 1.57ns  loc: Lab09_material/hls/mmult.h:146->Lab09_material/hls/mmult_accel.cpp:36
.preheader6.i.preheader:0  br label %.preheader6.i


 <State 5>: 5.28ns
ST_5: indvar_flatten1 (255)  [1/1] 0.00ns
.preheader6.i:0  %indvar_flatten1 = phi i11 [ %indvar_flatten_next2, %2 ], [ 0, %.preheader6.i.preheader ]

ST_5: i1_0_i (256)  [1/1] 0.00ns  loc: Lab09_material/hls/mmult.h:147->Lab09_material/hls/mmult_accel.cpp:36
.preheader6.i:1  %i1_0_i = phi i6 [ %i1_0_i_t_mid2_v, %2 ], [ 0, %.preheader6.i.preheader ]

ST_5: j2_0_i (257)  [1/1] 0.00ns
.preheader6.i:2  %j2_0_i = phi i6 [ %j_1, %2 ], [ 0, %.preheader6.i.preheader ]

ST_5: exitcond_flatten1 (258)  [1/1] 2.11ns
.preheader6.i:3  %exitcond_flatten1 = icmp eq i11 %indvar_flatten1, -1024

ST_5: indvar_flatten_next2 (259)  [1/1] 1.84ns
.preheader6.i:4  %indvar_flatten_next2 = add i11 %indvar_flatten1, 1

ST_5: StgValue_222 (260)  [1/1] 0.00ns
.preheader6.i:5  br i1 %exitcond_flatten1, label %3, label %.preheader7.i

ST_5: i_1 (262)  [1/1] 1.72ns  loc: Lab09_material/hls/mmult.h:146->Lab09_material/hls/mmult_accel.cpp:36
.preheader7.i:0  %i_1 = add i6 1, %i1_0_i

ST_5: exitcond2_i (264)  [1/1] 1.94ns  loc: Lab09_material/hls/mmult.h:147->Lab09_material/hls/mmult_accel.cpp:36
.preheader7.i:2  %exitcond2_i = icmp eq i6 %j2_0_i, -32

ST_5: j2_0_i_mid2 (265)  [1/1] 1.37ns  loc: Lab09_material/hls/mmult.h:147->Lab09_material/hls/mmult_accel.cpp:36
.preheader7.i:3  %j2_0_i_mid2 = select i1 %exitcond2_i, i6 0, i6 %j2_0_i

ST_5: i1_0_i_t_mid2_v (266)  [1/1] 1.37ns  loc: Lab09_material/hls/mmult.h:147->Lab09_material/hls/mmult_accel.cpp:36
.preheader7.i:4  %i1_0_i_t_mid2_v = select i1 %exitcond2_i, i6 %i_1, i6 %i1_0_i

ST_5: tmp_2 (267)  [1/1] 0.00ns  loc: Lab09_material/hls/mmult.h:147->Lab09_material/hls/mmult_accel.cpp:36
.preheader7.i:5  %tmp_2 = trunc i6 %i1_0_i_t_mid2_v to i5

ST_5: tmp_32 (269)  [1/1] 0.00ns  loc: Lab09_material/hls/mmult.h:148->Lab09_material/hls/mmult_accel.cpp:36
.preheader7.i:7  %tmp_32 = call i32 (...)* @_ssdm_op_SpecRegionBegin([12 x i8]* @p_str6)

ST_5: empty_20 (271)  [2/2] 0.00ns
.preheader7.i:9  %empty_20 = call { i32, i4, i4, i4, i1, i5, i5 } @_ssdm_op_Read.axis.volatile.i32P.i4P.i4P.i4P.i1P.i5P.i5P(i32* %INPUT_STREAM_data_V, i4* %INPUT_STREAM_keep_V, i4* %INPUT_STREAM_strb_V, i4* %INPUT_STREAM_user_V, i1* %INPUT_STREAM_last_V, i5* %INPUT_STREAM_id_V, i5* %INPUT_STREAM_dest_V)

ST_5: StgValue_230 (306)  [1/1] 1.97ns  loc: Lab09_material/hls/mmult.h:151->Lab09_material/hls/mmult_accel.cpp:36
.preheader7.i:44  switch i5 %tmp_2, label %branch63 [
    i5 0, label %branch32
    i5 1, label %branch33
    i5 2, label %branch34
    i5 3, label %branch35
    i5 4, label %branch36
    i5 5, label %branch37
    i5 6, label %branch38
    i5 7, label %branch39
    i5 8, label %branch40
    i5 9, label %branch41
    i5 10, label %branch42
    i5 11, label %branch43
    i5 12, label %branch44
    i5 13, label %branch45
    i5 14, label %branch46
    i5 15, label %branch47
    i5 -16, label %branch48
    i5 -15, label %branch49
    i5 -14, label %branch50
    i5 -13, label %branch51
    i5 -12, label %branch52
    i5 -11, label %branch53
    i5 -10, label %branch54
    i5 -9, label %branch55
    i5 -8, label %branch56
    i5 -7, label %branch57
    i5 -6, label %branch58
    i5 -5, label %branch59
    i5 -4, label %branch60
    i5 -3, label %branch61
    i5 -2, label %branch62
  ]

ST_5: empty_18 (404)  [1/1] 0.00ns  loc: Lab09_material/hls/mmult.h:152->Lab09_material/hls/mmult_accel.cpp:36
:0  %empty_18 = call i32 (...)* @_ssdm_op_SpecRegionEnd([12 x i8]* @p_str6, i32 %tmp_32)

ST_5: j_1 (405)  [1/1] 1.72ns  loc: Lab09_material/hls/mmult.h:147->Lab09_material/hls/mmult_accel.cpp:36
:1  %j_1 = add i6 %j2_0_i_mid2, 1

ST_5: StgValue_233 (406)  [1/1] 0.00ns  loc: Lab09_material/hls/mmult.h:147->Lab09_material/hls/mmult_accel.cpp:36
:2  br label %.preheader6.i


 <State 6>: 2.71ns
ST_6: empty_19 (263)  [1/1] 0.00ns
.preheader7.i:1  %empty_19 = call i32 (...)* @_ssdm_op_SpecLoopTripCount(i64 1024, i64 1024, i64 1024)

ST_6: j2_0_i_cast5 (268)  [1/1] 0.00ns  loc: Lab09_material/hls/mmult.h:147->Lab09_material/hls/mmult_accel.cpp:36
.preheader7.i:6  %j2_0_i_cast5 = zext i6 %j2_0_i_mid2 to i32

ST_6: StgValue_236 (270)  [1/1] 0.00ns  loc: Lab09_material/hls/mmult.h:149->Lab09_material/hls/mmult_accel.cpp:36
.preheader7.i:8  call void (...)* @_ssdm_op_SpecPipeline(i32 1, i32 1, i32 1, i32 0, [1 x i8]* @p_str1) nounwind

ST_6: empty_20 (271)  [1/2] 0.00ns
.preheader7.i:9  %empty_20 = call { i32, i4, i4, i4, i1, i5, i5 } @_ssdm_op_Read.axis.volatile.i32P.i4P.i4P.i4P.i1P.i5P.i5P(i32* %INPUT_STREAM_data_V, i4* %INPUT_STREAM_keep_V, i4* %INPUT_STREAM_strb_V, i4* %INPUT_STREAM_user_V, i1* %INPUT_STREAM_last_V, i5* %INPUT_STREAM_id_V, i5* %INPUT_STREAM_dest_V)

ST_6: INPUT_STREAM_data_V_1 (272)  [1/1] 0.00ns
.preheader7.i:10  %INPUT_STREAM_data_V_1 = extractvalue { i32, i4, i4, i4, i1, i5, i5 } %empty_20, 0

ST_6: ret_1 (273)  [1/1] 0.00ns  loc: Lab09_material/hls/mmult.h:82->Lab09_material/hls/mmult.h:151->Lab09_material/hls/mmult_accel.cpp:36
.preheader7.i:11  %ret_1 = bitcast i32 %INPUT_STREAM_data_V_1 to float

ST_6: b_0_addr (274)  [1/1] 0.00ns  loc: Lab09_material/hls/mmult.h:151->Lab09_material/hls/mmult_accel.cpp:36
.preheader7.i:12  %b_0_addr = getelementptr [32 x float]* %b_0, i32 0, i32 %j2_0_i_cast5

ST_6: b_1_addr (275)  [1/1] 0.00ns  loc: Lab09_material/hls/mmult.h:151->Lab09_material/hls/mmult_accel.cpp:36
.preheader7.i:13  %b_1_addr = getelementptr [32 x float]* %b_1, i32 0, i32 %j2_0_i_cast5

ST_6: b_2_addr (276)  [1/1] 0.00ns  loc: Lab09_material/hls/mmult.h:151->Lab09_material/hls/mmult_accel.cpp:36
.preheader7.i:14  %b_2_addr = getelementptr [32 x float]* %b_2, i32 0, i32 %j2_0_i_cast5

ST_6: b_3_addr (277)  [1/1] 0.00ns  loc: Lab09_material/hls/mmult.h:151->Lab09_material/hls/mmult_accel.cpp:36
.preheader7.i:15  %b_3_addr = getelementptr [32 x float]* %b_3, i32 0, i32 %j2_0_i_cast5

ST_6: b_4_addr (278)  [1/1] 0.00ns  loc: Lab09_material/hls/mmult.h:151->Lab09_material/hls/mmult_accel.cpp:36
.preheader7.i:16  %b_4_addr = getelementptr [32 x float]* %b_4, i32 0, i32 %j2_0_i_cast5

ST_6: b_5_addr (279)  [1/1] 0.00ns  loc: Lab09_material/hls/mmult.h:151->Lab09_material/hls/mmult_accel.cpp:36
.preheader7.i:17  %b_5_addr = getelementptr [32 x float]* %b_5, i32 0, i32 %j2_0_i_cast5

ST_6: b_6_addr (280)  [1/1] 0.00ns  loc: Lab09_material/hls/mmult.h:151->Lab09_material/hls/mmult_accel.cpp:36
.preheader7.i:18  %b_6_addr = getelementptr [32 x float]* %b_6, i32 0, i32 %j2_0_i_cast5

ST_6: b_7_addr (281)  [1/1] 0.00ns  loc: Lab09_material/hls/mmult.h:151->Lab09_material/hls/mmult_accel.cpp:36
.preheader7.i:19  %b_7_addr = getelementptr [32 x float]* %b_7, i32 0, i32 %j2_0_i_cast5

ST_6: b_8_addr (282)  [1/1] 0.00ns  loc: Lab09_material/hls/mmult.h:151->Lab09_material/hls/mmult_accel.cpp:36
.preheader7.i:20  %b_8_addr = getelementptr [32 x float]* %b_8, i32 0, i32 %j2_0_i_cast5

ST_6: b_9_addr (283)  [1/1] 0.00ns  loc: Lab09_material/hls/mmult.h:151->Lab09_material/hls/mmult_accel.cpp:36
.preheader7.i:21  %b_9_addr = getelementptr [32 x float]* %b_9, i32 0, i32 %j2_0_i_cast5

ST_6: b_10_addr (284)  [1/1] 0.00ns  loc: Lab09_material/hls/mmult.h:151->Lab09_material/hls/mmult_accel.cpp:36
.preheader7.i:22  %b_10_addr = getelementptr [32 x float]* %b_10, i32 0, i32 %j2_0_i_cast5

ST_6: b_11_addr (285)  [1/1] 0.00ns  loc: Lab09_material/hls/mmult.h:151->Lab09_material/hls/mmult_accel.cpp:36
.preheader7.i:23  %b_11_addr = getelementptr [32 x float]* %b_11, i32 0, i32 %j2_0_i_cast5

ST_6: b_12_addr (286)  [1/1] 0.00ns  loc: Lab09_material/hls/mmult.h:151->Lab09_material/hls/mmult_accel.cpp:36
.preheader7.i:24  %b_12_addr = getelementptr [32 x float]* %b_12, i32 0, i32 %j2_0_i_cast5

ST_6: b_13_addr (287)  [1/1] 0.00ns  loc: Lab09_material/hls/mmult.h:151->Lab09_material/hls/mmult_accel.cpp:36
.preheader7.i:25  %b_13_addr = getelementptr [32 x float]* %b_13, i32 0, i32 %j2_0_i_cast5

ST_6: b_14_addr (288)  [1/1] 0.00ns  loc: Lab09_material/hls/mmult.h:151->Lab09_material/hls/mmult_accel.cpp:36
.preheader7.i:26  %b_14_addr = getelementptr [32 x float]* %b_14, i32 0, i32 %j2_0_i_cast5

ST_6: b_15_addr (289)  [1/1] 0.00ns  loc: Lab09_material/hls/mmult.h:151->Lab09_material/hls/mmult_accel.cpp:36
.preheader7.i:27  %b_15_addr = getelementptr [32 x float]* %b_15, i32 0, i32 %j2_0_i_cast5

ST_6: b_16_addr (290)  [1/1] 0.00ns  loc: Lab09_material/hls/mmult.h:151->Lab09_material/hls/mmult_accel.cpp:36
.preheader7.i:28  %b_16_addr = getelementptr [32 x float]* %b_16, i32 0, i32 %j2_0_i_cast5

ST_6: b_17_addr (291)  [1/1] 0.00ns  loc: Lab09_material/hls/mmult.h:151->Lab09_material/hls/mmult_accel.cpp:36
.preheader7.i:29  %b_17_addr = getelementptr [32 x float]* %b_17, i32 0, i32 %j2_0_i_cast5

ST_6: b_18_addr (292)  [1/1] 0.00ns  loc: Lab09_material/hls/mmult.h:151->Lab09_material/hls/mmult_accel.cpp:36
.preheader7.i:30  %b_18_addr = getelementptr [32 x float]* %b_18, i32 0, i32 %j2_0_i_cast5

ST_6: b_19_addr (293)  [1/1] 0.00ns  loc: Lab09_material/hls/mmult.h:151->Lab09_material/hls/mmult_accel.cpp:36
.preheader7.i:31  %b_19_addr = getelementptr [32 x float]* %b_19, i32 0, i32 %j2_0_i_cast5

ST_6: b_20_addr (294)  [1/1] 0.00ns  loc: Lab09_material/hls/mmult.h:151->Lab09_material/hls/mmult_accel.cpp:36
.preheader7.i:32  %b_20_addr = getelementptr [32 x float]* %b_20, i32 0, i32 %j2_0_i_cast5

ST_6: b_21_addr (295)  [1/1] 0.00ns  loc: Lab09_material/hls/mmult.h:151->Lab09_material/hls/mmult_accel.cpp:36
.preheader7.i:33  %b_21_addr = getelementptr [32 x float]* %b_21, i32 0, i32 %j2_0_i_cast5

ST_6: b_22_addr (296)  [1/1] 0.00ns  loc: Lab09_material/hls/mmult.h:151->Lab09_material/hls/mmult_accel.cpp:36
.preheader7.i:34  %b_22_addr = getelementptr [32 x float]* %b_22, i32 0, i32 %j2_0_i_cast5

ST_6: b_23_addr (297)  [1/1] 0.00ns  loc: Lab09_material/hls/mmult.h:151->Lab09_material/hls/mmult_accel.cpp:36
.preheader7.i:35  %b_23_addr = getelementptr [32 x float]* %b_23, i32 0, i32 %j2_0_i_cast5

ST_6: b_24_addr (298)  [1/1] 0.00ns  loc: Lab09_material/hls/mmult.h:151->Lab09_material/hls/mmult_accel.cpp:36
.preheader7.i:36  %b_24_addr = getelementptr [32 x float]* %b_24, i32 0, i32 %j2_0_i_cast5

ST_6: b_25_addr (299)  [1/1] 0.00ns  loc: Lab09_material/hls/mmult.h:151->Lab09_material/hls/mmult_accel.cpp:36
.preheader7.i:37  %b_25_addr = getelementptr [32 x float]* %b_25, i32 0, i32 %j2_0_i_cast5

ST_6: b_26_addr (300)  [1/1] 0.00ns  loc: Lab09_material/hls/mmult.h:151->Lab09_material/hls/mmult_accel.cpp:36
.preheader7.i:38  %b_26_addr = getelementptr [32 x float]* %b_26, i32 0, i32 %j2_0_i_cast5

ST_6: b_27_addr (301)  [1/1] 0.00ns  loc: Lab09_material/hls/mmult.h:151->Lab09_material/hls/mmult_accel.cpp:36
.preheader7.i:39  %b_27_addr = getelementptr [32 x float]* %b_27, i32 0, i32 %j2_0_i_cast5

ST_6: b_28_addr (302)  [1/1] 0.00ns  loc: Lab09_material/hls/mmult.h:151->Lab09_material/hls/mmult_accel.cpp:36
.preheader7.i:40  %b_28_addr = getelementptr [32 x float]* %b_28, i32 0, i32 %j2_0_i_cast5

ST_6: b_29_addr (303)  [1/1] 0.00ns  loc: Lab09_material/hls/mmult.h:151->Lab09_material/hls/mmult_accel.cpp:36
.preheader7.i:41  %b_29_addr = getelementptr [32 x float]* %b_29, i32 0, i32 %j2_0_i_cast5

ST_6: b_30_addr (304)  [1/1] 0.00ns  loc: Lab09_material/hls/mmult.h:151->Lab09_material/hls/mmult_accel.cpp:36
.preheader7.i:42  %b_30_addr = getelementptr [32 x float]* %b_30, i32 0, i32 %j2_0_i_cast5

ST_6: b_31_addr (305)  [1/1] 0.00ns  loc: Lab09_material/hls/mmult.h:151->Lab09_material/hls/mmult_accel.cpp:36
.preheader7.i:43  %b_31_addr = getelementptr [32 x float]* %b_31, i32 0, i32 %j2_0_i_cast5

ST_6: StgValue_272 (308)  [1/1] 2.71ns  loc: Lab09_material/hls/mmult.h:151->Lab09_material/hls/mmult_accel.cpp:36
branch62:0  store float %ret_1, float* %b_30_addr, align 4

ST_6: StgValue_273 (309)  [1/1] 0.00ns  loc: Lab09_material/hls/mmult.h:151->Lab09_material/hls/mmult_accel.cpp:36
branch62:1  br label %2

ST_6: StgValue_274 (311)  [1/1] 2.71ns  loc: Lab09_material/hls/mmult.h:151->Lab09_material/hls/mmult_accel.cpp:36
branch61:0  store float %ret_1, float* %b_29_addr, align 4

ST_6: StgValue_275 (312)  [1/1] 0.00ns  loc: Lab09_material/hls/mmult.h:151->Lab09_material/hls/mmult_accel.cpp:36
branch61:1  br label %2

ST_6: StgValue_276 (314)  [1/1] 2.71ns  loc: Lab09_material/hls/mmult.h:151->Lab09_material/hls/mmult_accel.cpp:36
branch60:0  store float %ret_1, float* %b_28_addr, align 4

ST_6: StgValue_277 (315)  [1/1] 0.00ns  loc: Lab09_material/hls/mmult.h:151->Lab09_material/hls/mmult_accel.cpp:36
branch60:1  br label %2

ST_6: StgValue_278 (317)  [1/1] 2.71ns  loc: Lab09_material/hls/mmult.h:151->Lab09_material/hls/mmult_accel.cpp:36
branch59:0  store float %ret_1, float* %b_27_addr, align 4

ST_6: StgValue_279 (318)  [1/1] 0.00ns  loc: Lab09_material/hls/mmult.h:151->Lab09_material/hls/mmult_accel.cpp:36
branch59:1  br label %2

ST_6: StgValue_280 (320)  [1/1] 2.71ns  loc: Lab09_material/hls/mmult.h:151->Lab09_material/hls/mmult_accel.cpp:36
branch58:0  store float %ret_1, float* %b_26_addr, align 4

ST_6: StgValue_281 (321)  [1/1] 0.00ns  loc: Lab09_material/hls/mmult.h:151->Lab09_material/hls/mmult_accel.cpp:36
branch58:1  br label %2

ST_6: StgValue_282 (323)  [1/1] 2.71ns  loc: Lab09_material/hls/mmult.h:151->Lab09_material/hls/mmult_accel.cpp:36
branch57:0  store float %ret_1, float* %b_25_addr, align 4

ST_6: StgValue_283 (324)  [1/1] 0.00ns  loc: Lab09_material/hls/mmult.h:151->Lab09_material/hls/mmult_accel.cpp:36
branch57:1  br label %2

ST_6: StgValue_284 (326)  [1/1] 2.71ns  loc: Lab09_material/hls/mmult.h:151->Lab09_material/hls/mmult_accel.cpp:36
branch56:0  store float %ret_1, float* %b_24_addr, align 4

ST_6: StgValue_285 (327)  [1/1] 0.00ns  loc: Lab09_material/hls/mmult.h:151->Lab09_material/hls/mmult_accel.cpp:36
branch56:1  br label %2

ST_6: StgValue_286 (329)  [1/1] 2.71ns  loc: Lab09_material/hls/mmult.h:151->Lab09_material/hls/mmult_accel.cpp:36
branch55:0  store float %ret_1, float* %b_23_addr, align 4

ST_6: StgValue_287 (330)  [1/1] 0.00ns  loc: Lab09_material/hls/mmult.h:151->Lab09_material/hls/mmult_accel.cpp:36
branch55:1  br label %2

ST_6: StgValue_288 (332)  [1/1] 2.71ns  loc: Lab09_material/hls/mmult.h:151->Lab09_material/hls/mmult_accel.cpp:36
branch54:0  store float %ret_1, float* %b_22_addr, align 4

ST_6: StgValue_289 (333)  [1/1] 0.00ns  loc: Lab09_material/hls/mmult.h:151->Lab09_material/hls/mmult_accel.cpp:36
branch54:1  br label %2

ST_6: StgValue_290 (335)  [1/1] 2.71ns  loc: Lab09_material/hls/mmult.h:151->Lab09_material/hls/mmult_accel.cpp:36
branch53:0  store float %ret_1, float* %b_21_addr, align 4

ST_6: StgValue_291 (336)  [1/1] 0.00ns  loc: Lab09_material/hls/mmult.h:151->Lab09_material/hls/mmult_accel.cpp:36
branch53:1  br label %2

ST_6: StgValue_292 (338)  [1/1] 2.71ns  loc: Lab09_material/hls/mmult.h:151->Lab09_material/hls/mmult_accel.cpp:36
branch52:0  store float %ret_1, float* %b_20_addr, align 4

ST_6: StgValue_293 (339)  [1/1] 0.00ns  loc: Lab09_material/hls/mmult.h:151->Lab09_material/hls/mmult_accel.cpp:36
branch52:1  br label %2

ST_6: StgValue_294 (341)  [1/1] 2.71ns  loc: Lab09_material/hls/mmult.h:151->Lab09_material/hls/mmult_accel.cpp:36
branch51:0  store float %ret_1, float* %b_19_addr, align 4

ST_6: StgValue_295 (342)  [1/1] 0.00ns  loc: Lab09_material/hls/mmult.h:151->Lab09_material/hls/mmult_accel.cpp:36
branch51:1  br label %2

ST_6: StgValue_296 (344)  [1/1] 2.71ns  loc: Lab09_material/hls/mmult.h:151->Lab09_material/hls/mmult_accel.cpp:36
branch50:0  store float %ret_1, float* %b_18_addr, align 4

ST_6: StgValue_297 (345)  [1/1] 0.00ns  loc: Lab09_material/hls/mmult.h:151->Lab09_material/hls/mmult_accel.cpp:36
branch50:1  br label %2

ST_6: StgValue_298 (347)  [1/1] 2.71ns  loc: Lab09_material/hls/mmult.h:151->Lab09_material/hls/mmult_accel.cpp:36
branch49:0  store float %ret_1, float* %b_17_addr, align 4

ST_6: StgValue_299 (348)  [1/1] 0.00ns  loc: Lab09_material/hls/mmult.h:151->Lab09_material/hls/mmult_accel.cpp:36
branch49:1  br label %2

ST_6: StgValue_300 (350)  [1/1] 2.71ns  loc: Lab09_material/hls/mmult.h:151->Lab09_material/hls/mmult_accel.cpp:36
branch48:0  store float %ret_1, float* %b_16_addr, align 4

ST_6: StgValue_301 (351)  [1/1] 0.00ns  loc: Lab09_material/hls/mmult.h:151->Lab09_material/hls/mmult_accel.cpp:36
branch48:1  br label %2

ST_6: StgValue_302 (353)  [1/1] 2.71ns  loc: Lab09_material/hls/mmult.h:151->Lab09_material/hls/mmult_accel.cpp:36
branch47:0  store float %ret_1, float* %b_15_addr, align 4

ST_6: StgValue_303 (354)  [1/1] 0.00ns  loc: Lab09_material/hls/mmult.h:151->Lab09_material/hls/mmult_accel.cpp:36
branch47:1  br label %2

ST_6: StgValue_304 (356)  [1/1] 2.71ns  loc: Lab09_material/hls/mmult.h:151->Lab09_material/hls/mmult_accel.cpp:36
branch46:0  store float %ret_1, float* %b_14_addr, align 4

ST_6: StgValue_305 (357)  [1/1] 0.00ns  loc: Lab09_material/hls/mmult.h:151->Lab09_material/hls/mmult_accel.cpp:36
branch46:1  br label %2

ST_6: StgValue_306 (359)  [1/1] 2.71ns  loc: Lab09_material/hls/mmult.h:151->Lab09_material/hls/mmult_accel.cpp:36
branch45:0  store float %ret_1, float* %b_13_addr, align 4

ST_6: StgValue_307 (360)  [1/1] 0.00ns  loc: Lab09_material/hls/mmult.h:151->Lab09_material/hls/mmult_accel.cpp:36
branch45:1  br label %2

ST_6: StgValue_308 (362)  [1/1] 2.71ns  loc: Lab09_material/hls/mmult.h:151->Lab09_material/hls/mmult_accel.cpp:36
branch44:0  store float %ret_1, float* %b_12_addr, align 4

ST_6: StgValue_309 (363)  [1/1] 0.00ns  loc: Lab09_material/hls/mmult.h:151->Lab09_material/hls/mmult_accel.cpp:36
branch44:1  br label %2

ST_6: StgValue_310 (365)  [1/1] 2.71ns  loc: Lab09_material/hls/mmult.h:151->Lab09_material/hls/mmult_accel.cpp:36
branch43:0  store float %ret_1, float* %b_11_addr, align 4

ST_6: StgValue_311 (366)  [1/1] 0.00ns  loc: Lab09_material/hls/mmult.h:151->Lab09_material/hls/mmult_accel.cpp:36
branch43:1  br label %2

ST_6: StgValue_312 (368)  [1/1] 2.71ns  loc: Lab09_material/hls/mmult.h:151->Lab09_material/hls/mmult_accel.cpp:36
branch42:0  store float %ret_1, float* %b_10_addr, align 4

ST_6: StgValue_313 (369)  [1/1] 0.00ns  loc: Lab09_material/hls/mmult.h:151->Lab09_material/hls/mmult_accel.cpp:36
branch42:1  br label %2

ST_6: StgValue_314 (371)  [1/1] 2.71ns  loc: Lab09_material/hls/mmult.h:151->Lab09_material/hls/mmult_accel.cpp:36
branch41:0  store float %ret_1, float* %b_9_addr, align 4

ST_6: StgValue_315 (372)  [1/1] 0.00ns  loc: Lab09_material/hls/mmult.h:151->Lab09_material/hls/mmult_accel.cpp:36
branch41:1  br label %2

ST_6: StgValue_316 (374)  [1/1] 2.71ns  loc: Lab09_material/hls/mmult.h:151->Lab09_material/hls/mmult_accel.cpp:36
branch40:0  store float %ret_1, float* %b_8_addr, align 4

ST_6: StgValue_317 (375)  [1/1] 0.00ns  loc: Lab09_material/hls/mmult.h:151->Lab09_material/hls/mmult_accel.cpp:36
branch40:1  br label %2

ST_6: StgValue_318 (377)  [1/1] 2.71ns  loc: Lab09_material/hls/mmult.h:151->Lab09_material/hls/mmult_accel.cpp:36
branch39:0  store float %ret_1, float* %b_7_addr, align 4

ST_6: StgValue_319 (378)  [1/1] 0.00ns  loc: Lab09_material/hls/mmult.h:151->Lab09_material/hls/mmult_accel.cpp:36
branch39:1  br label %2

ST_6: StgValue_320 (380)  [1/1] 2.71ns  loc: Lab09_material/hls/mmult.h:151->Lab09_material/hls/mmult_accel.cpp:36
branch38:0  store float %ret_1, float* %b_6_addr, align 4

ST_6: StgValue_321 (381)  [1/1] 0.00ns  loc: Lab09_material/hls/mmult.h:151->Lab09_material/hls/mmult_accel.cpp:36
branch38:1  br label %2

ST_6: StgValue_322 (383)  [1/1] 2.71ns  loc: Lab09_material/hls/mmult.h:151->Lab09_material/hls/mmult_accel.cpp:36
branch37:0  store float %ret_1, float* %b_5_addr, align 4

ST_6: StgValue_323 (384)  [1/1] 0.00ns  loc: Lab09_material/hls/mmult.h:151->Lab09_material/hls/mmult_accel.cpp:36
branch37:1  br label %2

ST_6: StgValue_324 (386)  [1/1] 2.71ns  loc: Lab09_material/hls/mmult.h:151->Lab09_material/hls/mmult_accel.cpp:36
branch36:0  store float %ret_1, float* %b_4_addr, align 4

ST_6: StgValue_325 (387)  [1/1] 0.00ns  loc: Lab09_material/hls/mmult.h:151->Lab09_material/hls/mmult_accel.cpp:36
branch36:1  br label %2

ST_6: StgValue_326 (389)  [1/1] 2.71ns  loc: Lab09_material/hls/mmult.h:151->Lab09_material/hls/mmult_accel.cpp:36
branch35:0  store float %ret_1, float* %b_3_addr, align 4

ST_6: StgValue_327 (390)  [1/1] 0.00ns  loc: Lab09_material/hls/mmult.h:151->Lab09_material/hls/mmult_accel.cpp:36
branch35:1  br label %2

ST_6: StgValue_328 (392)  [1/1] 2.71ns  loc: Lab09_material/hls/mmult.h:151->Lab09_material/hls/mmult_accel.cpp:36
branch34:0  store float %ret_1, float* %b_2_addr, align 4

ST_6: StgValue_329 (393)  [1/1] 0.00ns  loc: Lab09_material/hls/mmult.h:151->Lab09_material/hls/mmult_accel.cpp:36
branch34:1  br label %2

ST_6: StgValue_330 (395)  [1/1] 2.71ns  loc: Lab09_material/hls/mmult.h:151->Lab09_material/hls/mmult_accel.cpp:36
branch33:0  store float %ret_1, float* %b_1_addr, align 4

ST_6: StgValue_331 (396)  [1/1] 0.00ns  loc: Lab09_material/hls/mmult.h:151->Lab09_material/hls/mmult_accel.cpp:36
branch33:1  br label %2

ST_6: StgValue_332 (398)  [1/1] 2.71ns  loc: Lab09_material/hls/mmult.h:151->Lab09_material/hls/mmult_accel.cpp:36
branch32:0  store float %ret_1, float* %b_0_addr, align 4

ST_6: StgValue_333 (399)  [1/1] 0.00ns  loc: Lab09_material/hls/mmult.h:151->Lab09_material/hls/mmult_accel.cpp:36
branch32:1  br label %2

ST_6: StgValue_334 (401)  [1/1] 2.71ns  loc: Lab09_material/hls/mmult.h:151->Lab09_material/hls/mmult_accel.cpp:36
branch63:0  store float %ret_1, float* %b_31_addr, align 4

ST_6: StgValue_335 (402)  [1/1] 0.00ns  loc: Lab09_material/hls/mmult.h:151->Lab09_material/hls/mmult_accel.cpp:36
branch63:1  br label %2


 <State 7>: 0.00ns
ST_7: StgValue_336 (408)  [2/2] 0.00ns  loc: Lab09_material/hls/mmult.h:155->Lab09_material/hls/mmult_accel.cpp:36
:0  call fastcc void @"mmult_hw<float, 32>"([32 x float]* %a_0, [32 x float]* %a_1, [32 x float]* %a_2, [32 x float]* %a_3, [32 x float]* %a_4, [32 x float]* %a_5, [32 x float]* %a_6, [32 x float]* %a_7, [32 x float]* %a_8, [32 x float]* %a_9, [32 x float]* %a_10, [32 x float]* %a_11, [32 x float]* %a_12, [32 x float]* %a_13, [32 x float]* %a_14, [32 x float]* %a_15, [32 x float]* %a_16, [32 x float]* %a_17, [32 x float]* %a_18, [32 x float]* %a_19, [32 x float]* %a_20, [32 x float]* %a_21, [32 x float]* %a_22, [32 x float]* %a_23, [32 x float]* %a_24, [32 x float]* %a_25, [32 x float]* %a_26, [32 x float]* %a_27, [32 x float]* %a_28, [32 x float]* %a_29, [32 x float]* %a_30, [32 x float]* %a_31, [32 x float]* %b_0, [32 x float]* %b_1, [32 x float]* %b_2, [32 x float]* %b_3, [32 x float]* %b_4, [32 x float]* %b_5, [32 x float]* %b_6, [32 x float]* %b_7, [32 x float]* %b_8, [32 x float]* %b_9, [32 x float]* %b_10, [32 x float]* %b_11, [32 x float]* %b_12, [32 x float]* %b_13, [32 x float]* %b_14, [32 x float]* %b_15, [32 x float]* %b_16, [32 x float]* %b_17, [32 x float]* %b_18, [32 x float]* %b_19, [32 x float]* %b_20, [32 x float]* %b_21, [32 x float]* %b_22, [32 x float]* %b_23, [32 x float]* %b_24, [32 x float]* %b_25, [32 x float]* %b_26, [32 x float]* %b_27, [32 x float]* %b_28, [32 x float]* %b_29, [32 x float]* %b_30, [32 x float]* %b_31, [1024 x float]* %out)


 <State 8>: 1.57ns
ST_8: StgValue_337 (408)  [1/2] 0.00ns  loc: Lab09_material/hls/mmult.h:155->Lab09_material/hls/mmult_accel.cpp:36
:0  call fastcc void @"mmult_hw<float, 32>"([32 x float]* %a_0, [32 x float]* %a_1, [32 x float]* %a_2, [32 x float]* %a_3, [32 x float]* %a_4, [32 x float]* %a_5, [32 x float]* %a_6, [32 x float]* %a_7, [32 x float]* %a_8, [32 x float]* %a_9, [32 x float]* %a_10, [32 x float]* %a_11, [32 x float]* %a_12, [32 x float]* %a_13, [32 x float]* %a_14, [32 x float]* %a_15, [32 x float]* %a_16, [32 x float]* %a_17, [32 x float]* %a_18, [32 x float]* %a_19, [32 x float]* %a_20, [32 x float]* %a_21, [32 x float]* %a_22, [32 x float]* %a_23, [32 x float]* %a_24, [32 x float]* %a_25, [32 x float]* %a_26, [32 x float]* %a_27, [32 x float]* %a_28, [32 x float]* %a_29, [32 x float]* %a_30, [32 x float]* %a_31, [32 x float]* %b_0, [32 x float]* %b_1, [32 x float]* %b_2, [32 x float]* %b_3, [32 x float]* %b_4, [32 x float]* %b_5, [32 x float]* %b_6, [32 x float]* %b_7, [32 x float]* %b_8, [32 x float]* %b_9, [32 x float]* %b_10, [32 x float]* %b_11, [32 x float]* %b_12, [32 x float]* %b_13, [32 x float]* %b_14, [32 x float]* %b_15, [32 x float]* %b_16, [32 x float]* %b_17, [32 x float]* %b_18, [32 x float]* %b_19, [32 x float]* %b_20, [32 x float]* %b_21, [32 x float]* %b_22, [32 x float]* %b_23, [32 x float]* %b_24, [32 x float]* %b_25, [32 x float]* %b_26, [32 x float]* %b_27, [32 x float]* %b_28, [32 x float]* %b_29, [32 x float]* %b_30, [32 x float]* %b_31, [1024 x float]* %out)

ST_8: StgValue_338 (409)  [1/1] 1.57ns  loc: Lab09_material/hls/mmult.h:158->Lab09_material/hls/mmult_accel.cpp:36
:1  br label %.preheader.i


 <State 9>: 7.86ns
ST_9: indvar_flatten2 (411)  [1/1] 0.00ns
.preheader.i:0  %indvar_flatten2 = phi i11 [ 0, %3 ], [ %indvar_flatten_next1, %.preheader.preheader.i ]

ST_9: i4_0_i (412)  [1/1] 0.00ns  loc: Lab09_material/hls/mmult.h:158->Lab09_material/hls/mmult_accel.cpp:36
.preheader.i:1  %i4_0_i = phi i6 [ 0, %3 ], [ %i4_0_i_cast4_mid2_v, %.preheader.preheader.i ]

ST_9: j5_0_i (413)  [1/1] 0.00ns
.preheader.i:2  %j5_0_i = phi i6 [ 0, %3 ], [ %j_2, %.preheader.preheader.i ]

ST_9: exitcond_flatten2 (414)  [1/1] 2.11ns
.preheader.i:3  %exitcond_flatten2 = icmp eq i11 %indvar_flatten2, -1024

ST_9: indvar_flatten_next1 (415)  [1/1] 1.84ns
.preheader.i:4  %indvar_flatten_next1 = add i11 %indvar_flatten2, 1

ST_9: StgValue_344 (416)  [1/1] 0.00ns
.preheader.i:5  br i1 %exitcond_flatten2, label %"wrapped_mmult_hw<float, 32, 1024, 4, 5, 5>.exit", label %.preheader.preheader.i

ST_9: i_2 (418)  [1/1] 1.72ns  loc: Lab09_material/hls/mmult.h:158->Lab09_material/hls/mmult_accel.cpp:36
.preheader.preheader.i:0  %i_2 = add i6 1, %i4_0_i

ST_9: exitcond_i (420)  [1/1] 1.94ns  loc: Lab09_material/hls/mmult.h:159->Lab09_material/hls/mmult_accel.cpp:36
.preheader.preheader.i:2  %exitcond_i = icmp eq i6 %j5_0_i, -32

ST_9: j5_0_i_mid2 (421)  [1/1] 1.37ns  loc: Lab09_material/hls/mmult.h:159->Lab09_material/hls/mmult_accel.cpp:36
.preheader.preheader.i:3  %j5_0_i_mid2 = select i1 %exitcond_i, i6 0, i6 %j5_0_i

ST_9: i4_0_i_cast4_mid2_v (422)  [1/1] 1.37ns  loc: Lab09_material/hls/mmult.h:158->Lab09_material/hls/mmult_accel.cpp:36
.preheader.preheader.i:4  %i4_0_i_cast4_mid2_v = select i1 %exitcond_i, i6 %i_2, i6 %i4_0_i

ST_9: tmp (423)  [1/1] 0.00ns  loc: Lab09_material/hls/mmult.h:158->Lab09_material/hls/mmult_accel.cpp:36
.preheader.preheader.i:5  %tmp = call i11 @_ssdm_op_BitConcatenate.i11.i6.i5(i6 %i4_0_i_cast4_mid2_v, i5 0)

ST_9: tmp_34_cast (424)  [1/1] 0.00ns  loc: Lab09_material/hls/mmult.h:158->Lab09_material/hls/mmult_accel.cpp:36
.preheader.preheader.i:6  %tmp_34_cast = zext i11 %tmp to i12

ST_9: tmp_3 (425)  [1/1] 0.00ns  loc: Lab09_material/hls/mmult.h:158->Lab09_material/hls/mmult_accel.cpp:36
.preheader.preheader.i:7  %tmp_3 = trunc i6 %i4_0_i_cast4_mid2_v to i5

ST_9: tmp_7_mid2 (426)  [1/1] 0.00ns  loc: Lab09_material/hls/mmult.h:162->Lab09_material/hls/mmult_accel.cpp:36
.preheader.preheader.i:8  %tmp_7_mid2 = call i10 @_ssdm_op_BitConcatenate.i10.i5.i5(i5 %tmp_3, i5 0)

ST_9: j5_0_i_cast2 (427)  [1/1] 0.00ns  loc: Lab09_material/hls/mmult.h:159->Lab09_material/hls/mmult_accel.cpp:36
.preheader.preheader.i:9  %j5_0_i_cast2 = zext i6 %j5_0_i_mid2 to i10

ST_9: j5_0_i_cast1_cast (428)  [1/1] 0.00ns  loc: Lab09_material/hls/mmult.h:163->Lab09_material/hls/mmult_accel.cpp:36
.preheader.preheader.i:10  %j5_0_i_cast1_cast = zext i6 %j5_0_i_mid2 to i12

ST_9: tmp_34 (429)  [1/1] 1.84ns  loc: Lab09_material/hls/mmult.h:163->Lab09_material/hls/mmult_accel.cpp:36
.preheader.preheader.i:11  %tmp_34 = add i12 %tmp_34_cast, %j5_0_i_cast1_cast

ST_9: tmp_36_cast (430)  [1/1] 0.00ns  loc: Lab09_material/hls/mmult.h:163->Lab09_material/hls/mmult_accel.cpp:36
.preheader.preheader.i:12  %tmp_36_cast = zext i12 %tmp_34 to i32

ST_9: out_addr (431)  [1/1] 0.00ns  loc: Lab09_material/hls/mmult.h:163->Lab09_material/hls/mmult_accel.cpp:36
.preheader.preheader.i:13  %out_addr = getelementptr [1024 x float]* %out, i32 0, i32 %tmp_36_cast

ST_9: k (434)  [1/1] 1.84ns  loc: Lab09_material/hls/mmult.h:162->Lab09_material/hls/mmult_accel.cpp:36
.preheader.preheader.i:16  %k = add i10 %tmp_7_mid2, %j5_0_i_cast2

ST_9: last_assign (435)  [1/1] 2.07ns  loc: Lab09_material/hls/mmult.h:163->Lab09_material/hls/mmult_accel.cpp:36
.preheader.preheader.i:17  %last_assign = icmp eq i10 %k, -1

ST_9: out_load (436)  [2/2] 2.71ns  loc: Lab09_material/hls/mmult.h:105->Lab09_material/hls/mmult.h:163->Lab09_material/hls/mmult_accel.cpp:36
.preheader.preheader.i:18  %out_load = load float* %out_addr, align 4

ST_9: j_2 (440)  [1/1] 1.72ns  loc: Lab09_material/hls/mmult.h:159->Lab09_material/hls/mmult_accel.cpp:36
.preheader.preheader.i:22  %j_2 = add i6 1, %j5_0_i_mid2


 <State 10>: 2.71ns
ST_10: out_load (436)  [1/2] 2.71ns  loc: Lab09_material/hls/mmult.h:105->Lab09_material/hls/mmult.h:163->Lab09_material/hls/mmult_accel.cpp:36
.preheader.preheader.i:18  %out_load = load float* %out_addr, align 4

ST_10: val_assign (437)  [1/1] 0.00ns  loc: Lab09_material/hls/mmult.h:105->Lab09_material/hls/mmult.h:163->Lab09_material/hls/mmult_accel.cpp:36
.preheader.preheader.i:19  %val_assign = bitcast float %out_load to i32

ST_10: StgValue_364 (438)  [2/2] 0.00ns  loc: Lab09_material/hls/mmult.h:105->Lab09_material/hls/mmult.h:163->Lab09_material/hls/mmult_accel.cpp:36
.preheader.preheader.i:20  call void @_ssdm_op_Write.axis.volatile.i32P.i4P.i4P.i4P.i1P.i5P.i5P(i32* %OUTPUT_STREAM_data_V, i4* %OUTPUT_STREAM_keep_V, i4* %OUTPUT_STREAM_strb_V, i4* %OUTPUT_STREAM_user_V, i1* %OUTPUT_STREAM_last_V, i5* %OUTPUT_STREAM_id_V, i5* %OUTPUT_STREAM_dest_V, i32 %val_assign, i4 -1, i4 -1, i4 0, i1 %last_assign, i5 0, i5 0)


 <State 11>: 0.00ns
ST_11: empty_21 (419)  [1/1] 0.00ns
.preheader.preheader.i:1  %empty_21 = call i32 (...)* @_ssdm_op_SpecLoopTripCount(i64 1024, i64 1024, i64 1024)

ST_11: tmp_33 (432)  [1/1] 0.00ns  loc: Lab09_material/hls/mmult.h:160->Lab09_material/hls/mmult_accel.cpp:36
.preheader.preheader.i:14  %tmp_33 = call i32 (...)* @_ssdm_op_SpecRegionBegin([12 x i8]* @p_str7)

ST_11: StgValue_367 (433)  [1/1] 0.00ns  loc: Lab09_material/hls/mmult.h:161->Lab09_material/hls/mmult_accel.cpp:36
.preheader.preheader.i:15  call void (...)* @_ssdm_op_SpecPipeline(i32 1, i32 1, i32 1, i32 0, [1 x i8]* @p_str1) nounwind

ST_11: StgValue_368 (438)  [1/2] 0.00ns  loc: Lab09_material/hls/mmult.h:105->Lab09_material/hls/mmult.h:163->Lab09_material/hls/mmult_accel.cpp:36
.preheader.preheader.i:20  call void @_ssdm_op_Write.axis.volatile.i32P.i4P.i4P.i4P.i1P.i5P.i5P(i32* %OUTPUT_STREAM_data_V, i4* %OUTPUT_STREAM_keep_V, i4* %OUTPUT_STREAM_strb_V, i4* %OUTPUT_STREAM_user_V, i1* %OUTPUT_STREAM_last_V, i5* %OUTPUT_STREAM_id_V, i5* %OUTPUT_STREAM_dest_V, i32 %val_assign, i4 -1, i4 -1, i4 0, i1 %last_assign, i5 0, i5 0)

ST_11: empty_22 (439)  [1/1] 0.00ns  loc: Lab09_material/hls/mmult.h:164->Lab09_material/hls/mmult_accel.cpp:36
.preheader.preheader.i:21  %empty_22 = call i32 (...)* @_ssdm_op_SpecRegionEnd([12 x i8]* @p_str7, i32 %tmp_33)

ST_11: StgValue_370 (441)  [1/1] 0.00ns  loc: Lab09_material/hls/mmult.h:159->Lab09_material/hls/mmult_accel.cpp:36
.preheader.preheader.i:23  br label %.preheader.i


 <State 12>: 0.00ns
ST_12: StgValue_371 (443)  [1/1] 0.00ns  loc: Lab09_material/hls/mmult_accel.cpp:38
wrapped_mmult_hw<float, 32, 1024, 4, 5, 5>.exit:0  ret void



============================================================
+ Verbose Summary: Timing violations
============================================================
Target clock period: 10ns, clock uncertainty: 1.25ns.

 <State 1>: 1.57ns
The critical path consists of the following:
	multiplexor before 'phi' operation ('indvar_flatten') with incoming values : ('indvar_flatten_next') [100]  (1.57 ns)

 <State 2>: 5.28ns
The critical path consists of the following:
	'phi' operation ('j') with incoming values : ('j', Lab09_material/hls/mmult.h:137->Lab09_material/hls/mmult_accel.cpp:36) [102]  (0 ns)
	'icmp' operation ('exitcond4_i', Lab09_material/hls/mmult.h:137->Lab09_material/hls/mmult_accel.cpp:36) [109]  (1.94 ns)
	'select' operation ('j_0_i_mid2', Lab09_material/hls/mmult.h:137->Lab09_material/hls/mmult_accel.cpp:36) [110]  (1.37 ns)

 <State 3>: 2.71ns
The critical path consists of the following:
	'getelementptr' operation ('a_30_addr', Lab09_material/hls/mmult.h:141->Lab09_material/hls/mmult_accel.cpp:36) [121]  (0 ns)
	'store' operation (Lab09_material/hls/mmult.h:141->Lab09_material/hls/mmult_accel.cpp:36) of variable 'ret', Lab09_material/hls/mmult.h:82->Lab09_material/hls/mmult.h:141->Lab09_material/hls/mmult_accel.cpp:36 on array 'a[30]', Lab09_material/hls/mmult.h:129->Lab09_material/hls/mmult_accel.cpp:36 [122]  (2.71 ns)

 <State 4>: 1.57ns
The critical path consists of the following:
	multiplexor before 'phi' operation ('indvar_flatten1') with incoming values : ('indvar_flatten_next2') [255]  (1.57 ns)

 <State 5>: 5.28ns
The critical path consists of the following:
	'phi' operation ('j') with incoming values : ('j', Lab09_material/hls/mmult.h:147->Lab09_material/hls/mmult_accel.cpp:36) [257]  (0 ns)
	'icmp' operation ('exitcond2_i', Lab09_material/hls/mmult.h:147->Lab09_material/hls/mmult_accel.cpp:36) [264]  (1.94 ns)
	'select' operation ('i1_0_i_t_mid2_v', Lab09_material/hls/mmult.h:147->Lab09_material/hls/mmult_accel.cpp:36) [266]  (1.37 ns)

 <State 6>: 2.71ns
The critical path consists of the following:
	'getelementptr' operation ('b_23_addr', Lab09_material/hls/mmult.h:151->Lab09_material/hls/mmult_accel.cpp:36) [297]  (0 ns)
	'store' operation (Lab09_material/hls/mmult.h:151->Lab09_material/hls/mmult_accel.cpp:36) of variable 'ret', Lab09_material/hls/mmult.h:82->Lab09_material/hls/mmult.h:151->Lab09_material/hls/mmult_accel.cpp:36 on array 'b[23]', Lab09_material/hls/mmult.h:130->Lab09_material/hls/mmult_accel.cpp:36 [329]  (2.71 ns)

 <State 7>: 0ns
The critical path consists of the following:

 <State 8>: 1.57ns
The critical path consists of the following:
	multiplexor before 'phi' operation ('indvar_flatten2') with incoming values : ('indvar_flatten_next1') [411]  (1.57 ns)

 <State 9>: 7.86ns
The critical path consists of the following:
	'phi' operation ('j') with incoming values : ('j', Lab09_material/hls/mmult.h:159->Lab09_material/hls/mmult_accel.cpp:36) [413]  (0 ns)
	'icmp' operation ('exitcond_i', Lab09_material/hls/mmult.h:159->Lab09_material/hls/mmult_accel.cpp:36) [420]  (1.94 ns)
	'select' operation ('i4_0_i_cast4_mid2_v', Lab09_material/hls/mmult.h:158->Lab09_material/hls/mmult_accel.cpp:36) [422]  (1.37 ns)
	'add' operation ('tmp_34', Lab09_material/hls/mmult.h:163->Lab09_material/hls/mmult_accel.cpp:36) [429]  (1.84 ns)
	'getelementptr' operation ('v', Lab09_material/hls/mmult.h:163->Lab09_material/hls/mmult_accel.cpp:36) [431]  (0 ns)
	'load' operation ('out_load', Lab09_material/hls/mmult.h:105->Lab09_material/hls/mmult.h:163->Lab09_material/hls/mmult_accel.cpp:36) on array 'out' [436]  (2.71 ns)

 <State 10>: 2.71ns
The critical path consists of the following:
	'load' operation ('out_load', Lab09_material/hls/mmult.h:105->Lab09_material/hls/mmult.h:163->Lab09_material/hls/mmult_accel.cpp:36) on array 'out' [436]  (2.71 ns)

 <State 11>: 0ns
The critical path consists of the following:

 <State 12>: 0ns
The critical path consists of the following:


============================================================
+ Verbose Summary: Binding
============================================================
N/A
* FSMD analyzer results:
  - Output states:
 - Input state : 
  - Chain level:
	State 1
	State 2
	State 3
	State 4
	State 5
	State 6
	State 7
	State 8
	State 9
	State 10
	State 11
	State 12


============================================================
+ Verbose Summary: Datapath Resource usage 
============================================================
N/A
