
*** Running vivado
    with args -log RunningBlock.vds -m64 -product Vivado -mode batch -messageDb vivado.pb -notrace -source RunningBlock.tcl



****** Vivado v2021.2 (64-bit)
  **** SW Build 3367213 on Tue Oct 19 02:48:09 MDT 2021
  **** IP Build 3369179 on Thu Oct 21 08:25:16 MDT 2021
    ** Copyright 1986-2021 Xilinx, Inc. All Rights Reserved.

source RunningBlock.tcl -notrace
Command: read_checkpoint -auto_incremental -incremental D:/CENG3430/Final_Project/Final_Project.srcs/utils_1/imports/synth_1/RunningBlock.dcp
INFO: [Vivado 12-5825] Read reference checkpoint from D:/CENG3430/Final_Project/Final_Project.srcs/utils_1/imports/synth_1/RunningBlock.dcp for incremental synthesis
INFO: [Vivado 12-7989] Please ensure there are no constraint changes
Command: synth_design -top RunningBlock -part xc7z020clg484-1
Starting synth_design
Attempting to get a license for feature 'Synthesis' and/or device 'xc7z020'
INFO: [Common 17-349] Got license for feature 'Synthesis' and/or device 'xc7z020'
INFO: [Device 21-403] Loading part xc7z020clg484-1
WARNING: [Designutils 20-4072] Reference run did not run incremental synthesis because the design is too small; reverting to default synthesis
INFO: [Designutils 20-4379] Flow is switching to default flow due to incremental criteria not met. If you would like to alter this behaviour and have the flow terminate instead, please set the following parameter config_implementation {autoIncr.Synth.RejectBehavior Terminate}
INFO: [Synth 8-7079] Multithreading enabled for synth_design using a maximum of 2 processes.
INFO: [Synth 8-7078] Launching helper process for spawning children vivado processes
INFO: [Synth 8-7075] Helper process launched with PID 26608
---------------------------------------------------------------------------------
Starting RTL Elaboration : Time (s): cpu = 00:00:04 ; elapsed = 00:00:04 . Memory (MB): peak = 1261.312 ; gain = 0.000
---------------------------------------------------------------------------------
INFO: [Synth 8-638] synthesizing module 'RunningBlock' [D:/CENG3430/Final_Project/Final_Project.srcs/sources_1/new/Final.vhd:29]
	Parameter N bound to: 1 - type: integer 
INFO: [Synth 8-3491] module 'clock_divider' declared at 'D:/CENG3430/Lab05/Lab05.srcs/sources_1/new/clock_divider.vhd:5' bound to instance 'u_clk50mhz' of component 'clock_divider' [D:/CENG3430/Final_Project/Final_Project.srcs/sources_1/new/Final.vhd:262]
INFO: [Synth 8-638] synthesizing module 'clock_divider' [D:/CENG3430/Lab05/Lab05.srcs/sources_1/new/clock_divider.vhd:13]
	Parameter N bound to: 1 - type: integer 
INFO: [Synth 8-256] done synthesizing module 'clock_divider' (1#1) [D:/CENG3430/Lab05/Lab05.srcs/sources_1/new/clock_divider.vhd:13]
	Parameter N bound to: 50000000 - type: integer 
INFO: [Synth 8-3491] module 'clock_divider' declared at 'D:/CENG3430/Lab05/Lab05.srcs/sources_1/new/clock_divider.vhd:5' bound to instance 'u_clk1hz' of component 'clock_divider' [D:/CENG3430/Final_Project/Final_Project.srcs/sources_1/new/Final.vhd:311]
INFO: [Synth 8-638] synthesizing module 'clock_divider__parameterized1' [D:/CENG3430/Lab05/Lab05.srcs/sources_1/new/clock_divider.vhd:13]
	Parameter N bound to: 50000000 - type: integer 
INFO: [Synth 8-256] done synthesizing module 'clock_divider__parameterized1' (1#1) [D:/CENG3430/Lab05/Lab05.srcs/sources_1/new/clock_divider.vhd:13]
	Parameter N bound to: 5000000 - type: integer 
INFO: [Synth 8-3491] module 'clock_divider' declared at 'D:/CENG3430/Lab05/Lab05.srcs/sources_1/new/clock_divider.vhd:5' bound to instance 'u_clk10hz' of component 'clock_divider' [D:/CENG3430/Final_Project/Final_Project.srcs/sources_1/new/Final.vhd:312]
INFO: [Synth 8-638] synthesizing module 'clock_divider__parameterized3' [D:/CENG3430/Lab05/Lab05.srcs/sources_1/new/clock_divider.vhd:13]
	Parameter N bound to: 5000000 - type: integer 
INFO: [Synth 8-256] done synthesizing module 'clock_divider__parameterized3' (1#1) [D:/CENG3430/Lab05/Lab05.srcs/sources_1/new/clock_divider.vhd:13]
INFO: [Synth 8-3491] module 'clk_4hz' declared at 'D:/CENG3430/Lab05/Lab05.srcs/sources_1/new/clock_divider.vhd:64' bound to instance 'u4' of component 'clk_4hz' [D:/CENG3430/Final_Project/Final_Project.srcs/sources_1/new/Final.vhd:316]
INFO: [Synth 8-638] synthesizing module 'clk_4hz' [D:/CENG3430/Lab05/Lab05.srcs/sources_1/new/clock_divider.vhd:71]
INFO: [Synth 8-256] done synthesizing module 'clk_4hz' (2#1) [D:/CENG3430/Lab05/Lab05.srcs/sources_1/new/clock_divider.vhd:71]
INFO: [Synth 8-3491] module 'clk_100hz' declared at 'D:/CENG3430/Lab05/Lab05.srcs/sources_1/new/clock_divider.vhd:93' bound to instance 'u100' of component 'clk_100hz' [D:/CENG3430/Final_Project/Final_Project.srcs/sources_1/new/Final.vhd:363]
INFO: [Synth 8-638] synthesizing module 'clk_100hz' [D:/CENG3430/Lab05/Lab05.srcs/sources_1/new/clock_divider.vhd:100]
INFO: [Synth 8-256] done synthesizing module 'clk_100hz' (3#1) [D:/CENG3430/Lab05/Lab05.srcs/sources_1/new/clock_divider.vhd:100]
INFO: [Synth 8-3491] module 'clk_100hz' declared at 'D:/CENG3430/Lab05/Lab05.srcs/sources_1/new/clock_divider.vhd:93' bound to instance 'u100a' of component 'clk_100hz' [D:/CENG3430/Final_Project/Final_Project.srcs/sources_1/new/Final.vhd:364]
INFO: [Synth 8-3491] module 'clk_100hz' declared at 'D:/CENG3430/Lab05/Lab05.srcs/sources_1/new/clock_divider.vhd:93' bound to instance 'u100b' of component 'clk_100hz' [D:/CENG3430/Final_Project/Final_Project.srcs/sources_1/new/Final.vhd:365]
WARNING: [Synth 8-614] signal 's_mode' is read in the process but is not in the sensitivity list [D:/CENG3430/Final_Project/Final_Project.srcs/sources_1/new/Final.vhd:428]
WARNING: [Synth 8-614] signal 'insert' is read in the process but is not in the sensitivity list [D:/CENG3430/Final_Project/Final_Project.srcs/sources_1/new/Final.vhd:428]
WARNING: [Synth 8-614] signal 'state' is read in the process but is not in the sensitivity list [D:/CENG3430/Final_Project/Final_Project.srcs/sources_1/new/Final.vhd:428]
WARNING: [Synth 8-614] signal 'coin' is read in the process but is not in the sensitivity list [D:/CENG3430/Final_Project/Final_Project.srcs/sources_1/new/Final.vhd:428]
WARNING: [Synth 8-614] signal 'running' is read in the process but is not in the sensitivity list [D:/CENG3430/Final_Project/Final_Project.srcs/sources_1/new/Final.vhd:428]
	Parameter slaves bound to: 1 - type: integer 
	Parameter d_width bound to: 15 - type: integer 
INFO: [Synth 8-3491] module 'spi_master' declared at 'D:/CENG3430/Lab06/Lab06.srcs/sources_1/new/spi_master.vhd:30' bound to instance 'spi_master_0' of component 'spi_master' [D:/CENG3430/Final_Project/Final_Project.srcs/sources_1/new/Final.vhd:568]
INFO: [Synth 8-638] synthesizing module 'spi_master' [D:/CENG3430/Lab06/Lab06.srcs/sources_1/new/spi_master.vhd:52]
	Parameter slaves bound to: 1 - type: integer 
	Parameter d_width bound to: 15 - type: integer 
INFO: [Synth 8-256] done synthesizing module 'spi_master' (4#1) [D:/CENG3430/Lab06/Lab06.srcs/sources_1/new/spi_master.vhd:52]
INFO: [Synth 8-256] done synthesizing module 'RunningBlock' (5#1) [D:/CENG3430/Final_Project/Final_Project.srcs/sources_1/new/Final.vhd:29]
WARNING: [Synth 8-7129] Port btnd in module RunningBlock is either unconnected or has no load
WARNING: [Synth 8-7129] Port btnl in module RunningBlock is either unconnected or has no load
WARNING: [Synth 8-7129] Port Reset in module RunningBlock is either unconnected or has no load
---------------------------------------------------------------------------------
Finished RTL Elaboration : Time (s): cpu = 00:00:05 ; elapsed = 00:00:06 . Memory (MB): peak = 1261.312 ; gain = 0.000
---------------------------------------------------------------------------------
---------------------------------------------------------------------------------
Start Handling Custom Attributes
---------------------------------------------------------------------------------
---------------------------------------------------------------------------------
Finished Handling Custom Attributes : Time (s): cpu = 00:00:06 ; elapsed = 00:00:06 . Memory (MB): peak = 1261.312 ; gain = 0.000
---------------------------------------------------------------------------------
---------------------------------------------------------------------------------
Finished RTL Optimization Phase 1 : Time (s): cpu = 00:00:06 ; elapsed = 00:00:06 . Memory (MB): peak = 1261.312 ; gain = 0.000
---------------------------------------------------------------------------------
Netlist sorting complete. Time (s): cpu = 00:00:00 ; elapsed = 00:00:00.023 . Memory (MB): peak = 1261.312 ; gain = 0.000
INFO: [Project 1-570] Preparing netlist for logic optimization

Processing XDC Constraints
Initializing timing engine
Parsing XDC File [D:/CENG3430/Final_Project/Final_Project.srcs/constrs_1/new/Final.xdc]
WARNING: [Vivado 12-584] No ports matched '[get_ports -of_objects [get_iobanks 33]]'. [D:/CENG3430/Final_Project/Final_Project.srcs/constrs_1/new/Final.xdc:65]
Finished Parsing XDC File [D:/CENG3430/Final_Project/Final_Project.srcs/constrs_1/new/Final.xdc]
INFO: [Project 1-236] Implementation specific constraints were found while reading constraint file [D:/CENG3430/Final_Project/Final_Project.srcs/constrs_1/new/Final.xdc]. These constraints will be ignored for synthesis but will be used in implementation. Impacted constraints are listed in the file [.Xil/RunningBlock_propImpl.xdc].
Resolution: To avoid this warning, move constraints listed in [.Xil/RunningBlock_propImpl.xdc] to another XDC file and exclude this new file from synthesis with the used_in_synthesis property (File Properties dialog in GUI) and re-run elaboration/synthesis.
Completed Processing XDC Constraints

Netlist sorting complete. Time (s): cpu = 00:00:00 ; elapsed = 00:00:00 . Memory (MB): peak = 1261.312 ; gain = 0.000
INFO: [Project 1-111] Unisim Transformation Summary:
No Unisim elements were transformed.

Constraint Validation Runtime : Time (s): cpu = 00:00:00 ; elapsed = 00:00:00.007 . Memory (MB): peak = 1261.312 ; gain = 0.000
WARNING: [Designutils 20-4072] Reference run did not run incremental synthesis because the design is too small; reverting to default synthesis
INFO: [Designutils 20-4379] Flow is switching to default flow due to incremental criteria not met. If you would like to alter this behaviour and have the flow terminate instead, please set the following parameter config_implementation {autoIncr.Synth.RejectBehavior Terminate}
---------------------------------------------------------------------------------
Finished Constraint Validation : Time (s): cpu = 00:00:12 ; elapsed = 00:00:13 . Memory (MB): peak = 1261.312 ; gain = 0.000
---------------------------------------------------------------------------------
---------------------------------------------------------------------------------
Start Loading Part and Timing Information
---------------------------------------------------------------------------------
Loading part: xc7z020clg484-1
---------------------------------------------------------------------------------
Finished Loading Part and Timing Information : Time (s): cpu = 00:00:12 ; elapsed = 00:00:13 . Memory (MB): peak = 1261.312 ; gain = 0.000
---------------------------------------------------------------------------------
---------------------------------------------------------------------------------
Start Applying 'set_property' XDC Constraints
---------------------------------------------------------------------------------
---------------------------------------------------------------------------------
Finished applying 'set_property' XDC Constraints : Time (s): cpu = 00:00:12 ; elapsed = 00:00:13 . Memory (MB): peak = 1261.312 ; gain = 0.000
---------------------------------------------------------------------------------
---------------------------------------------------------------------------------
Finished RTL Optimization Phase 2 : Time (s): cpu = 00:00:14 ; elapsed = 00:00:14 . Memory (MB): peak = 1261.312 ; gain = 0.000
---------------------------------------------------------------------------------
INFO: [Synth 8-223] decloning instance 'u100' (clk_100hz) to 'u100a'
INFO: [Synth 8-223] decloning instance 'u100' (clk_100hz) to 'u100b'
---------------------------------------------------------------------------------
Start RTL Component Statistics 
---------------------------------------------------------------------------------
Detailed RTL Component Info : 
+---Adders : 
	   2 Input   32 Bit       Adders := 24    
	   2 Input   31 Bit       Adders := 13    
	   3 Input    6 Bit       Adders := 1     
	   2 Input    5 Bit       Adders := 5     
	   2 Input    3 Bit       Adders := 12    
+---Registers : 
	               32 Bit    Registers := 12    
	               15 Bit    Registers := 3     
	                5 Bit    Registers := 2     
	                4 Bit    Registers := 4     
	                3 Bit    Registers := 1     
	                1 Bit    Registers := 15    
+---Muxes : 
	   2 Input   32 Bit        Muxes := 15    
	   4 Input   32 Bit        Muxes := 3     
	   2 Input   31 Bit        Muxes := 13    
	   2 Input   15 Bit        Muxes := 2     
	   2 Input    5 Bit        Muxes := 5     
	   2 Input    4 Bit        Muxes := 4     
	   3 Input    4 Bit        Muxes := 2     
	   4 Input    4 Bit        Muxes := 3     
	   2 Input    3 Bit        Muxes := 39    
	   6 Input    3 Bit        Muxes := 73    
	   5 Input    3 Bit        Muxes := 36    
	  10 Input    3 Bit        Muxes := 7     
	   4 Input    3 Bit        Muxes := 1     
	  12 Input    3 Bit        Muxes := 1     
	  11 Input    3 Bit        Muxes := 1     
	   2 Input    1 Bit        Muxes := 37    
---------------------------------------------------------------------------------
Finished RTL Component Statistics 
---------------------------------------------------------------------------------
---------------------------------------------------------------------------------
Start Part Resource Summary
---------------------------------------------------------------------------------
Part Resources:
DSPs: 220 (col length:60)
BRAMs: 280 (col length: RAMB18 60 RAMB36 30)
---------------------------------------------------------------------------------
Finished Part Resource Summary
---------------------------------------------------------------------------------
---------------------------------------------------------------------------------
Start Cross Boundary and Area Optimization
---------------------------------------------------------------------------------
WARNING: [Synth 8-7080] Parallel synthesis criteria is not met
WARNING: [Synth 8-7129] Port btnd in module RunningBlock is either unconnected or has no load
WARNING: [Synth 8-7129] Port btnl in module RunningBlock is either unconnected or has no load
WARNING: [Synth 8-7129] Port Reset in module RunningBlock is either unconnected or has no load
---------------------------------------------------------------------------------
Finished Cross Boundary and Area Optimization : Time (s): cpu = 00:00:29 ; elapsed = 00:00:30 . Memory (MB): peak = 1343.043 ; gain = 81.730
---------------------------------------------------------------------------------
---------------------------------------------------------------------------------
Start Applying XDC Timing Constraints
---------------------------------------------------------------------------------
---------------------------------------------------------------------------------
Finished Applying XDC Timing Constraints : Time (s): cpu = 00:00:35 ; elapsed = 00:00:35 . Memory (MB): peak = 1343.043 ; gain = 81.730
---------------------------------------------------------------------------------
---------------------------------------------------------------------------------
Start Timing Optimization
---------------------------------------------------------------------------------
---------------------------------------------------------------------------------
Finished Timing Optimization : Time (s): cpu = 00:00:36 ; elapsed = 00:00:36 . Memory (MB): peak = 1343.043 ; gain = 81.730
---------------------------------------------------------------------------------
---------------------------------------------------------------------------------
Start Technology Mapping
---------------------------------------------------------------------------------
---------------------------------------------------------------------------------
Finished Technology Mapping : Time (s): cpu = 00:00:38 ; elapsed = 00:00:38 . Memory (MB): peak = 1368.262 ; gain = 106.949
---------------------------------------------------------------------------------
---------------------------------------------------------------------------------
Start IO Insertion
---------------------------------------------------------------------------------
---------------------------------------------------------------------------------
Start Flattening Before IO Insertion
---------------------------------------------------------------------------------
---------------------------------------------------------------------------------
Finished Flattening Before IO Insertion
---------------------------------------------------------------------------------
---------------------------------------------------------------------------------
Start Final Netlist Cleanup
---------------------------------------------------------------------------------
---------------------------------------------------------------------------------
Finished Final Netlist Cleanup
---------------------------------------------------------------------------------
---------------------------------------------------------------------------------
Finished IO Insertion : Time (s): cpu = 00:00:42 ; elapsed = 00:00:42 . Memory (MB): peak = 1382.547 ; gain = 121.234
---------------------------------------------------------------------------------
---------------------------------------------------------------------------------
Start Renaming Generated Instances
---------------------------------------------------------------------------------
---------------------------------------------------------------------------------
Finished Renaming Generated Instances : Time (s): cpu = 00:00:42 ; elapsed = 00:00:42 . Memory (MB): peak = 1382.547 ; gain = 121.234
---------------------------------------------------------------------------------
---------------------------------------------------------------------------------
Start Rebuilding User Hierarchy
---------------------------------------------------------------------------------
---------------------------------------------------------------------------------
Finished Rebuilding User Hierarchy : Time (s): cpu = 00:00:42 ; elapsed = 00:00:43 . Memory (MB): peak = 1382.547 ; gain = 121.234
---------------------------------------------------------------------------------
---------------------------------------------------------------------------------
Start Renaming Generated Ports
---------------------------------------------------------------------------------
---------------------------------------------------------------------------------
Finished Renaming Generated Ports : Time (s): cpu = 00:00:42 ; elapsed = 00:00:43 . Memory (MB): peak = 1382.547 ; gain = 121.234
---------------------------------------------------------------------------------
---------------------------------------------------------------------------------
Start Handling Custom Attributes
---------------------------------------------------------------------------------
---------------------------------------------------------------------------------
Finished Handling Custom Attributes : Time (s): cpu = 00:00:43 ; elapsed = 00:00:43 . Memory (MB): peak = 1382.547 ; gain = 121.234
---------------------------------------------------------------------------------
---------------------------------------------------------------------------------
Start Renaming Generated Nets
---------------------------------------------------------------------------------
---------------------------------------------------------------------------------
Finished Renaming Generated Nets : Time (s): cpu = 00:00:43 ; elapsed = 00:00:43 . Memory (MB): peak = 1382.547 ; gain = 121.234
---------------------------------------------------------------------------------
---------------------------------------------------------------------------------
Start ROM, RAM, DSP, Shift Register and Retiming Reporting
---------------------------------------------------------------------------------

Static Shift Register Report:
+-------------+-------------------------------+--------+-------+--------------+--------------------+-------------------+--------+---------+
|Module Name  | RTL Name                      | Length | Width | Reset Signal | Pull out first Reg | Pull out last Reg | SRL16E | SRLC32E | 
+-------------+-------------------------------+--------+-------+--------------+--------------------+-------------------+--------+---------+
|RunningBlock | spi_master_0/rx_buffer_reg[5] | 6      | 1     | NO           | YES                | YES               | 1      | 0       | 
+-------------+-------------------------------+--------+-------+--------------+--------------------+-------------------+--------+---------+

---------------------------------------------------------------------------------
Finished ROM, RAM, DSP, Shift Register and Retiming Reporting
---------------------------------------------------------------------------------
---------------------------------------------------------------------------------
Start Writing Synthesis Report
---------------------------------------------------------------------------------

Report BlackBoxes: 
+-+--------------+----------+
| |BlackBox name |Instances |
+-+--------------+----------+
+-+--------------+----------+

Report Cell Usage: 
+------+-------+------+
|      |Cell   |Count |
+------+-------+------+
|1     |BUFG   |     4|
|2     |CARRY4 |  1509|
|3     |LUT1   |   780|
|4     |LUT2   |  1379|
|5     |LUT3   |  1388|
|6     |LUT4   |   624|
|7     |LUT5   |   939|
|8     |LUT6   |  4430|
|9     |SRL16E |     1|
|10    |FDRE   |   467|
|11    |IBUF   |     5|
|12    |OBUF   |    28|
|13    |OBUFT  |     1|
+------+-------+------+
---------------------------------------------------------------------------------
Finished Writing Synthesis Report : Time (s): cpu = 00:00:43 ; elapsed = 00:00:43 . Memory (MB): peak = 1382.547 ; gain = 121.234
---------------------------------------------------------------------------------
Synthesis finished with 0 errors, 0 critical warnings and 4 warnings.
Synthesis Optimization Runtime : Time (s): cpu = 00:00:35 ; elapsed = 00:00:41 . Memory (MB): peak = 1382.547 ; gain = 121.234
Synthesis Optimization Complete : Time (s): cpu = 00:00:43 ; elapsed = 00:00:43 . Memory (MB): peak = 1382.547 ; gain = 121.234
INFO: [Project 1-571] Translating synthesized netlist
Netlist sorting complete. Time (s): cpu = 00:00:00 ; elapsed = 00:00:00.112 . Memory (MB): peak = 1382.547 ; gain = 0.000
INFO: [Netlist 29-17] Analyzing 1509 Unisim elements for replacement
INFO: [Netlist 29-28] Unisim Transformation completed in 0 CPU seconds
WARNING: [Netlist 29-101] Netlist 'RunningBlock' is not ideal for floorplanning, since the cellview 'RunningBlock' contains a large number of primitives.  Please consider enabling hierarchy in synthesis if you want to do floorplanning.
INFO: [Project 1-570] Preparing netlist for logic optimization
INFO: [Opt 31-138] Pushed 0 inverter(s) to 0 load pin(s).
Netlist sorting complete. Time (s): cpu = 00:00:00 ; elapsed = 00:00:00.002 . Memory (MB): peak = 1382.547 ; gain = 0.000
INFO: [Project 1-111] Unisim Transformation Summary:
No Unisim elements were transformed.

Synth Design complete, checksum: 965609b
INFO: [Common 17-83] Releasing license: Synthesis
43 Infos, 16 Warnings, 0 Critical Warnings and 0 Errors encountered.
synth_design completed successfully
synth_design: Time (s): cpu = 00:00:48 ; elapsed = 00:00:49 . Memory (MB): peak = 1382.547 ; gain = 121.234
INFO: [Common 17-1381] The checkpoint 'D:/CENG3430/Final_Project/Final_Project.runs/synth_1/RunningBlock.dcp' has been generated.
INFO: [runtcl-4] Executing : report_utilization -file RunningBlock_utilization_synth.rpt -pb RunningBlock_utilization_synth.pb
INFO: [Common 17-206] Exiting Vivado at Tue May 17 21:04:00 2022...
