#-----------------------------------------------------------
# xsim v2016.3 (64-bit)
# SW Build 1682563 on Mon Oct 10 19:07:27 MDT 2016
# IP Build 1681267 on Mon Oct 10 21:28:31 MDT 2016
# Start of session at: Sun Mar 27 01:29:42 2022
# Process ID: 55908
# Current directory: D:/CENG3430/Lab09/solution1/sim/vhdl
# Command line: xsim.exe -mode tcl -source {xsim.dir/standalone_mmult/xsim_script.tcl}
# Log file: D:/CENG3430/Lab09/solution1/sim/vhdl/xsim.log
# Journal file: D:/CENG3430/Lab09/solution1/sim/vhdl\xsim.jou
#-----------------------------------------------------------
source xsim.dir/standalone_mmult/xsim_script.tcl
# xsim {standalone_mmult} -autoloadwcfg -tclbatch {standalone_mmult.tcl}
Vivado Simulator 2016.3
Time resolution is 1 ps
source standalone_mmult.tcl
## run all
Warning: OPMODE Input Warning : The OPMODE 0110X0X with CARRYINSEL  000 to DSP48E1 instance is invalid.
Time: 100010 ps  Iteration: 0  Process: /apatb_standalone_mmult_top/AESL_inst_standalone_mmult/grp_mmult_hw_float_32_s_fu_138/standalone_mmult_bkb_U31/standalone_mmult_ap_fadd_3_full_dsp_32_u/U0/i_synth/addsub_op/ADDSUB/speed_op/dsp/OP/dsp48e1_body/ALIGN_ADD/DSP2/DSP/prcs_opmode_drc  File: /wrk/2016.3/continuous/2016_10_10_1682563/data/vhdl/src/unisims/primitive/DSP48E1.vhd
Warning: OPMODE Input Warning : The OPMODE 0110X0X with CARRYINSEL  000 to DSP48E1 instance is invalid.
Time: 100010 ps  Iteration: 0  Process: /apatb_standalone_mmult_top/AESL_inst_standalone_mmult/grp_mmult_hw_float_32_s_fu_138/standalone_mmult_bkb_U30/standalone_mmult_ap_fadd_3_full_dsp_32_u/U0/i_synth/addsub_op/ADDSUB/speed_op/dsp/OP/dsp48e1_body/ALIGN_ADD/DSP2/DSP/prcs_opmode_drc  File: /wrk/2016.3/continuous/2016_10_10_1682563/data/vhdl/src/unisims/primitive/DSP48E1.vhd
Warning: OPMODE Input Warning : The OPMODE 0110X0X with CARRYINSEL  000 to DSP48E1 instance is invalid.
Time: 100010 ps  Iteration: 0  Process: /apatb_standalone_mmult_top/AESL_inst_standalone_mmult/grp_mmult_hw_float_32_s_fu_138/standalone_mmult_bkb_U29/standalone_mmult_ap_fadd_3_full_dsp_32_u/U0/i_synth/addsub_op/ADDSUB/speed_op/dsp/OP/dsp48e1_body/ALIGN_ADD/DSP2/DSP/prcs_opmode_drc  File: /wrk/2016.3/continuous/2016_10_10_1682563/data/vhdl/src/unisims/primitive/DSP48E1.vhd
Warning: OPMODE Input Warning : The OPMODE 0110X0X with CARRYINSEL  000 to DSP48E1 instance is invalid.
Time: 100010 ps  Iteration: 0  Process: /apatb_standalone_mmult_top/AESL_inst_standalone_mmult/grp_mmult_hw_float_32_s_fu_138/standalone_mmult_bkb_U28/standalone_mmult_ap_fadd_3_full_dsp_32_u/U0/i_synth/addsub_op/ADDSUB/speed_op/dsp/OP/dsp48e1_body/ALIGN_ADD/DSP2/DSP/prcs_opmode_drc  File: /wrk/2016.3/continuous/2016_10_10_1682563/data/vhdl/src/unisims/primitive/DSP48E1.vhd
Warning: OPMODE Input Warning : The OPMODE 0110X0X with CARRYINSEL  000 to DSP48E1 instance is invalid.
Time: 100010 ps  Iteration: 0  Process: /apatb_standalone_mmult_top/AESL_inst_standalone_mmult/grp_mmult_hw_float_32_s_fu_138/standalone_mmult_bkb_U27/standalone_mmult_ap_fadd_3_full_dsp_32_u/U0/i_synth/addsub_op/ADDSUB/speed_op/dsp/OP/dsp48e1_body/ALIGN_ADD/DSP2/DSP/prcs_opmode_drc  File: /wrk/2016.3/continuous/2016_10_10_1682563/data/vhdl/src/unisims/primitive/DSP48E1.vhd
Warning: OPMODE Input Warning : The OPMODE 0110X0X with CARRYINSEL  000 to DSP48E1 instance is invalid.
Time: 100010 ps  Iteration: 0  Process: /apatb_standalone_mmult_top/AESL_inst_standalone_mmult/grp_mmult_hw_float_32_s_fu_138/standalone_mmult_bkb_U26/standalone_mmult_ap_fadd_3_full_dsp_32_u/U0/i_synth/addsub_op/ADDSUB/speed_op/dsp/OP/dsp48e1_body/ALIGN_ADD/DSP2/DSP/prcs_opmode_drc  File: /wrk/2016.3/continuous/2016_10_10_1682563/data/vhdl/src/unisims/primitive/DSP48E1.vhd
Warning: OPMODE Input Warning : The OPMODE 0110X0X with CARRYINSEL  000 to DSP48E1 instance is invalid.
Time: 100010 ps  Iteration: 0  Process: /apatb_standalone_mmult_top/AESL_inst_standalone_mmult/grp_mmult_hw_float_32_s_fu_138/standalone_mmult_bkb_U25/standalone_mmult_ap_fadd_3_full_dsp_32_u/U0/i_synth/addsub_op/ADDSUB/speed_op/dsp/OP/dsp48e1_body/ALIGN_ADD/DSP2/DSP/prcs_opmode_drc  File: /wrk/2016.3/continuous/2016_10_10_1682563/data/vhdl/src/unisims/primitive/DSP48E1.vhd
Warning: OPMODE Input Warning : The OPMODE 0110X0X with CARRYINSEL  000 to DSP48E1 instance is invalid.
Time: 100010 ps  Iteration: 0  Process: /apatb_standalone_mmult_top/AESL_inst_standalone_mmult/grp_mmult_hw_float_32_s_fu_138/standalone_mmult_bkb_U24/standalone_mmult_ap_fadd_3_full_dsp_32_u/U0/i_synth/addsub_op/ADDSUB/speed_op/dsp/OP/dsp48e1_body/ALIGN_ADD/DSP2/DSP/prcs_opmode_drc  File: /wrk/2016.3/continuous/2016_10_10_1682563/data/vhdl/src/unisims/primitive/DSP48E1.vhd
Warning: OPMODE Input Warning : The OPMODE 0110X0X with CARRYINSEL  000 to DSP48E1 instance is invalid.
Time: 100010 ps  Iteration: 0  Process: /apatb_standalone_mmult_top/AESL_inst_standalone_mmult/grp_mmult_hw_float_32_s_fu_138/standalone_mmult_bkb_U23/standalone_mmult_ap_fadd_3_full_dsp_32_u/U0/i_synth/addsub_op/ADDSUB/speed_op/dsp/OP/dsp48e1_body/ALIGN_ADD/DSP2/DSP/prcs_opmode_drc  File: /wrk/2016.3/continuous/2016_10_10_1682563/data/vhdl/src/unisims/primitive/DSP48E1.vhd
Warning: OPMODE Input Warning : The OPMODE 0110X0X with CARRYINSEL  000 to DSP48E1 instance is invalid.
Time: 100010 ps  Iteration: 0  Process: /apatb_standalone_mmult_top/AESL_inst_standalone_mmult/grp_mmult_hw_float_32_s_fu_138/standalone_mmult_bkb_U22/standalone_mmult_ap_fadd_3_full_dsp_32_u/U0/i_synth/addsub_op/ADDSUB/speed_op/dsp/OP/dsp48e1_body/ALIGN_ADD/DSP2/DSP/prcs_opmode_drc  File: /wrk/2016.3/continuous/2016_10_10_1682563/data/vhdl/src/unisims/primitive/DSP48E1.vhd
Warning: OPMODE Input Warning : The OPMODE 0110X0X with CARRYINSEL  000 to DSP48E1 instance is invalid.
Time: 100010 ps  Iteration: 0  Process: /apatb_standalone_mmult_top/AESL_inst_standalone_mmult/grp_mmult_hw_float_32_s_fu_138/standalone_mmult_bkb_U21/standalone_mmult_ap_fadd_3_full_dsp_32_u/U0/i_synth/addsub_op/ADDSUB/speed_op/dsp/OP/dsp48e1_body/ALIGN_ADD/DSP2/DSP/prcs_opmode_drc  File: /wrk/2016.3/continuous/2016_10_10_1682563/data/vhdl/src/unisims/primitive/DSP48E1.vhd
Warning: OPMODE Input Warning : The OPMODE 0110X0X with CARRYINSEL  000 to DSP48E1 instance is invalid.
Time: 100010 ps  Iteration: 0  Process: /apatb_standalone_mmult_top/AESL_inst_standalone_mmult/grp_mmult_hw_float_32_s_fu_138/standalone_mmult_bkb_U20/standalone_mmult_ap_fadd_3_full_dsp_32_u/U0/i_synth/addsub_op/ADDSUB/speed_op/dsp/OP/dsp48e1_body/ALIGN_ADD/DSP2/DSP/prcs_opmode_drc  File: /wrk/2016.3/continuous/2016_10_10_1682563/data/vhdl/src/unisims/primitive/DSP48E1.vhd
Warning: OPMODE Input Warning : The OPMODE 0110X0X with CARRYINSEL  000 to DSP48E1 instance is invalid.
Time: 100010 ps  Iteration: 0  Process: /apatb_standalone_mmult_top/AESL_inst_standalone_mmult/grp_mmult_hw_float_32_s_fu_138/standalone_mmult_bkb_U19/standalone_mmult_ap_fadd_3_full_dsp_32_u/U0/i_synth/addsub_op/ADDSUB/speed_op/dsp/OP/dsp48e1_body/ALIGN_ADD/DSP2/DSP/prcs_opmode_drc  File: /wrk/2016.3/continuous/2016_10_10_1682563/data/vhdl/src/unisims/primitive/DSP48E1.vhd
Warning: OPMODE Input Warning : The OPMODE 0110X0X with CARRYINSEL  000 to DSP48E1 instance is invalid.
Time: 100010 ps  Iteration: 0  Process: /apatb_standalone_mmult_top/AESL_inst_standalone_mmult/grp_mmult_hw_float_32_s_fu_138/standalone_mmult_bkb_U18/standalone_mmult_ap_fadd_3_full_dsp_32_u/U0/i_synth/addsub_op/ADDSUB/speed_op/dsp/OP/dsp48e1_body/ALIGN_ADD/DSP2/DSP/prcs_opmode_drc  File: /wrk/2016.3/continuous/2016_10_10_1682563/data/vhdl/src/unisims/primitive/DSP48E1.vhd
Warning: OPMODE Input Warning : The OPMODE 0110X0X with CARRYINSEL  000 to DSP48E1 instance is invalid.
Time: 100010 ps  Iteration: 0  Process: /apatb_standalone_mmult_top/AESL_inst_standalone_mmult/grp_mmult_hw_float_32_s_fu_138/standalone_mmult_bkb_U17/standalone_mmult_ap_fadd_3_full_dsp_32_u/U0/i_synth/addsub_op/ADDSUB/speed_op/dsp/OP/dsp48e1_body/ALIGN_ADD/DSP2/DSP/prcs_opmode_drc  File: /wrk/2016.3/continuous/2016_10_10_1682563/data/vhdl/src/unisims/primitive/DSP48E1.vhd
Warning: OPMODE Input Warning : The OPMODE 0110X0X with CARRYINSEL  000 to DSP48E1 instance is invalid.
Time: 100010 ps  Iteration: 0  Process: /apatb_standalone_mmult_top/AESL_inst_standalone_mmult/grp_mmult_hw_float_32_s_fu_138/standalone_mmult_bkb_U16/standalone_mmult_ap_fadd_3_full_dsp_32_u/U0/i_synth/addsub_op/ADDSUB/speed_op/dsp/OP/dsp48e1_body/ALIGN_ADD/DSP2/DSP/prcs_opmode_drc  File: /wrk/2016.3/continuous/2016_10_10_1682563/data/vhdl/src/unisims/primitive/DSP48E1.vhd
Warning: OPMODE Input Warning : The OPMODE 0110X0X with CARRYINSEL  000 to DSP48E1 instance is invalid.
Time: 100010 ps  Iteration: 0  Process: /apatb_standalone_mmult_top/AESL_inst_standalone_mmult/grp_mmult_hw_float_32_s_fu_138/standalone_mmult_bkb_U15/standalone_mmult_ap_fadd_3_full_dsp_32_u/U0/i_synth/addsub_op/ADDSUB/speed_op/dsp/OP/dsp48e1_body/ALIGN_ADD/DSP2/DSP/prcs_opmode_drc  File: /wrk/2016.3/continuous/2016_10_10_1682563/data/vhdl/src/unisims/primitive/DSP48E1.vhd
Warning: OPMODE Input Warning : The OPMODE 0110X0X with CARRYINSEL  000 to DSP48E1 instance is invalid.
Time: 100010 ps  Iteration: 0  Process: /apatb_standalone_mmult_top/AESL_inst_standalone_mmult/grp_mmult_hw_float_32_s_fu_138/standalone_mmult_bkb_U14/standalone_mmult_ap_fadd_3_full_dsp_32_u/U0/i_synth/addsub_op/ADDSUB/speed_op/dsp/OP/dsp48e1_body/ALIGN_ADD/DSP2/DSP/prcs_opmode_drc  File: /wrk/2016.3/continuous/2016_10_10_1682563/data/vhdl/src/unisims/primitive/DSP48E1.vhd
Warning: OPMODE Input Warning : The OPMODE 0110X0X with CARRYINSEL  000 to DSP48E1 instance is invalid.
Time: 100010 ps  Iteration: 0  Process: /apatb_standalone_mmult_top/AESL_inst_standalone_mmult/grp_mmult_hw_float_32_s_fu_138/standalone_mmult_bkb_U13/standalone_mmult_ap_fadd_3_full_dsp_32_u/U0/i_synth/addsub_op/ADDSUB/speed_op/dsp/OP/dsp48e1_body/ALIGN_ADD/DSP2/DSP/prcs_opmode_drc  File: /wrk/2016.3/continuous/2016_10_10_1682563/data/vhdl/src/unisims/primitive/DSP48E1.vhd
Warning: OPMODE Input Warning : The OPMODE 0110X0X with CARRYINSEL  000 to DSP48E1 instance is invalid.
Time: 100010 ps  Iteration: 0  Process: /apatb_standalone_mmult_top/AESL_inst_standalone_mmult/grp_mmult_hw_float_32_s_fu_138/standalone_mmult_bkb_U12/standalone_mmult_ap_fadd_3_full_dsp_32_u/U0/i_synth/addsub_op/ADDSUB/speed_op/dsp/OP/dsp48e1_body/ALIGN_ADD/DSP2/DSP/prcs_opmode_drc  File: /wrk/2016.3/continuous/2016_10_10_1682563/data/vhdl/src/unisims/primitive/DSP48E1.vhd
Warning: OPMODE Input Warning : The OPMODE 0110X0X with CARRYINSEL  000 to DSP48E1 instance is invalid.
Time: 100010 ps  Iteration: 0  Process: /apatb_standalone_mmult_top/AESL_inst_standalone_mmult/grp_mmult_hw_float_32_s_fu_138/standalone_mmult_bkb_U11/standalone_mmult_ap_fadd_3_full_dsp_32_u/U0/i_synth/addsub_op/ADDSUB/speed_op/dsp/OP/dsp48e1_body/ALIGN_ADD/DSP2/DSP/prcs_opmode_drc  File: /wrk/2016.3/continuous/2016_10_10_1682563/data/vhdl/src/unisims/primitive/DSP48E1.vhd
Warning: OPMODE Input Warning : The OPMODE 0110X0X with CARRYINSEL  000 to DSP48E1 instance is invalid.
Time: 100010 ps  Iteration: 0  Process: /apatb_standalone_mmult_top/AESL_inst_standalone_mmult/grp_mmult_hw_float_32_s_fu_138/standalone_mmult_bkb_U10/standalone_mmult_ap_fadd_3_full_dsp_32_u/U0/i_synth/addsub_op/ADDSUB/speed_op/dsp/OP/dsp48e1_body/ALIGN_ADD/DSP2/DSP/prcs_opmode_drc  File: /wrk/2016.3/continuous/2016_10_10_1682563/data/vhdl/src/unisims/primitive/DSP48E1.vhd
Warning: OPMODE Input Warning : The OPMODE 0110X0X with CARRYINSEL  000 to DSP48E1 instance is invalid.
Time: 100010 ps  Iteration: 0  Process: /apatb_standalone_mmult_top/AESL_inst_standalone_mmult/grp_mmult_hw_float_32_s_fu_138/standalone_mmult_bkb_U9/standalone_mmult_ap_fadd_3_full_dsp_32_u/U0/i_synth/addsub_op/ADDSUB/speed_op/dsp/OP/dsp48e1_body/ALIGN_ADD/DSP2/DSP/prcs_opmode_drc  File: /wrk/2016.3/continuous/2016_10_10_1682563/data/vhdl/src/unisims/primitive/DSP48E1.vhd
Warning: OPMODE Input Warning : The OPMODE 0110X0X with CARRYINSEL  000 to DSP48E1 instance is invalid.
Time: 100010 ps  Iteration: 0  Process: /apatb_standalone_mmult_top/AESL_inst_standalone_mmult/grp_mmult_hw_float_32_s_fu_138/standalone_mmult_bkb_U8/standalone_mmult_ap_fadd_3_full_dsp_32_u/U0/i_synth/addsub_op/ADDSUB/speed_op/dsp/OP/dsp48e1_body/ALIGN_ADD/DSP2/DSP/prcs_opmode_drc  File: /wrk/2016.3/continuous/2016_10_10_1682563/data/vhdl/src/unisims/primitive/DSP48E1.vhd
Warning: OPMODE Input Warning : The OPMODE 0110X0X with CARRYINSEL  000 to DSP48E1 instance is invalid.
Time: 100010 ps  Iteration: 0  Process: /apatb_standalone_mmult_top/AESL_inst_standalone_mmult/grp_mmult_hw_float_32_s_fu_138/standalone_mmult_bkb_U7/standalone_mmult_ap_fadd_3_full_dsp_32_u/U0/i_synth/addsub_op/ADDSUB/speed_op/dsp/OP/dsp48e1_body/ALIGN_ADD/DSP2/DSP/prcs_opmode_drc  File: /wrk/2016.3/continuous/2016_10_10_1682563/data/vhdl/src/unisims/primitive/DSP48E1.vhd
Warning: OPMODE Input Warning : The OPMODE 0110X0X with CARRYINSEL  000 to DSP48E1 instance is invalid.
Time: 100010 ps  Iteration: 0  Process: /apatb_standalone_mmult_top/AESL_inst_standalone_mmult/grp_mmult_hw_float_32_s_fu_138/standalone_mmult_bkb_U6/standalone_mmult_ap_fadd_3_full_dsp_32_u/U0/i_synth/addsub_op/ADDSUB/speed_op/dsp/OP/dsp48e1_body/ALIGN_ADD/DSP2/DSP/prcs_opmode_drc  File: /wrk/2016.3/continuous/2016_10_10_1682563/data/vhdl/src/unisims/primitive/DSP48E1.vhd
Warning: OPMODE Input Warning : The OPMODE 0110X0X with CARRYINSEL  000 to DSP48E1 instance is invalid.
Time: 100010 ps  Iteration: 0  Process: /apatb_standalone_mmult_top/AESL_inst_standalone_mmult/grp_mmult_hw_float_32_s_fu_138/standalone_mmult_bkb_U5/standalone_mmult_ap_fadd_3_full_dsp_32_u/U0/i_synth/addsub_op/ADDSUB/speed_op/dsp/OP/dsp48e1_body/ALIGN_ADD/DSP2/DSP/prcs_opmode_drc  File: /wrk/2016.3/continuous/2016_10_10_1682563/data/vhdl/src/unisims/primitive/DSP48E1.vhd
Warning: OPMODE Input Warning : The OPMODE 0110X0X with CARRYINSEL  000 to DSP48E1 instance is invalid.
Time: 100010 ps  Iteration: 0  Process: /apatb_standalone_mmult_top/AESL_inst_standalone_mmult/grp_mmult_hw_float_32_s_fu_138/standalone_mmult_bkb_U4/standalone_mmult_ap_fadd_3_full_dsp_32_u/U0/i_synth/addsub_op/ADDSUB/speed_op/dsp/OP/dsp48e1_body/ALIGN_ADD/DSP2/DSP/prcs_opmode_drc  File: /wrk/2016.3/continuous/2016_10_10_1682563/data/vhdl/src/unisims/primitive/DSP48E1.vhd
Warning: OPMODE Input Warning : The OPMODE 0110X0X with CARRYINSEL  000 to DSP48E1 instance is invalid.
Time: 100010 ps  Iteration: 0  Process: /apatb_standalone_mmult_top/AESL_inst_standalone_mmult/grp_mmult_hw_float_32_s_fu_138/standalone_mmult_bkb_U3/standalone_mmult_ap_fadd_3_full_dsp_32_u/U0/i_synth/addsub_op/ADDSUB/speed_op/dsp/OP/dsp48e1_body/ALIGN_ADD/DSP2/DSP/prcs_opmode_drc  File: /wrk/2016.3/continuous/2016_10_10_1682563/data/vhdl/src/unisims/primitive/DSP48E1.vhd
Warning: OPMODE Input Warning : The OPMODE 0110X0X with CARRYINSEL  000 to DSP48E1 instance is invalid.
Time: 100010 ps  Iteration: 0  Process: /apatb_standalone_mmult_top/AESL_inst_standalone_mmult/grp_mmult_hw_float_32_s_fu_138/standalone_mmult_bkb_U2/standalone_mmult_ap_fadd_3_full_dsp_32_u/U0/i_synth/addsub_op/ADDSUB/speed_op/dsp/OP/dsp48e1_body/ALIGN_ADD/DSP2/DSP/prcs_opmode_drc  File: /wrk/2016.3/continuous/2016_10_10_1682563/data/vhdl/src/unisims/primitive/DSP48E1.vhd
Warning: OPMODE Input Warning : The OPMODE 0110X0X with CARRYINSEL  000 to DSP48E1 instance is invalid.
Time: 100010 ps  Iteration: 0  Process: /apatb_standalone_mmult_top/AESL_inst_standalone_mmult/grp_mmult_hw_float_32_s_fu_138/standalone_mmult_bkb_U1/standalone_mmult_ap_fadd_3_full_dsp_32_u/U0/i_synth/addsub_op/ADDSUB/speed_op/dsp/OP/dsp48e1_body/ALIGN_ADD/DSP2/DSP/prcs_opmode_drc  File: /wrk/2016.3/continuous/2016_10_10_1682563/data/vhdl/src/unisims/primitive/DSP48E1.vhd
Note: simulation done!
Time: 12095 ns  Iteration: 1  Process: /apatb_standalone_mmult_top/generate_sim_done_proc  File: D:/CENG3430/Lab09/solution1/sim/vhdl/standalone_mmult.autotb.vhd
Failure: NORMAL EXIT (note: failure is to force the simulator to stop)
Time: 12095 ns  Iteration: 1  Process: /apatb_standalone_mmult_top/generate_sim_done_proc  File: D:/CENG3430/Lab09/solution1/sim/vhdl/standalone_mmult.autotb.vhd
$finish called at time : 12095 ns
run: Time (s): cpu = 00:00:00 ; elapsed = 00:00:09 . Memory (MB): peak = 207.195 ; gain = 0.000
## quit
INFO: [Common 17-206] Exiting xsim at Sun Mar 27 01:29:57 2022...
