
*** Running vivado
    with args -log lab06.vds -m64 -product Vivado -mode batch -messageDb vivado.pb -notrace -source lab06.tcl



****** Vivado v2021.2 (64-bit)
  **** SW Build 3367213 on Tue Oct 19 02:48:09 MDT 2021
  **** IP Build 3369179 on Thu Oct 21 08:25:16 MDT 2021
    ** Copyright 1986-2021 Xilinx, Inc. All Rights Reserved.

source lab06.tcl -notrace
Command: read_checkpoint -auto_incremental -incremental D:/CENG3430/Lab06/Lab06.srcs/utils_1/imports/synth_1/lab06.dcp
INFO: [Vivado 12-5825] Read reference checkpoint from D:/CENG3430/Lab06/Lab06.srcs/utils_1/imports/synth_1/lab06.dcp for incremental synthesis
INFO: [Vivado 12-7989] Please ensure there are no constraint changes
Command: synth_design -top lab06 -part xc7z020clg484-1
Starting synth_design
Attempting to get a license for feature 'Synthesis' and/or device 'xc7z020'
INFO: [Common 17-349] Got license for feature 'Synthesis' and/or device 'xc7z020'
INFO: [Device 21-403] Loading part xc7z020clg484-1
WARNING: [Designutils 20-4072] Reference run did not run incremental synthesis because the design is too small; reverting to default synthesis
INFO: [Designutils 20-4379] Flow is switching to default flow due to incremental criteria not met. If you would like to alter this behaviour and have the flow terminate instead, please set the following parameter config_implementation {autoIncr.Synth.RejectBehavior Terminate}
INFO: [Synth 8-7079] Multithreading enabled for synth_design using a maximum of 2 processes.
INFO: [Synth 8-7078] Launching helper process for spawning children vivado processes
INFO: [Synth 8-7075] Helper process launched with PID 17656
---------------------------------------------------------------------------------
Starting RTL Elaboration : Time (s): cpu = 00:00:04 ; elapsed = 00:00:04 . Memory (MB): peak = 1262.812 ; gain = 0.000
---------------------------------------------------------------------------------
INFO: [Synth 8-638] synthesizing module 'lab06' [D:/CENG3430/Lab06/Lab06.srcs/sources_1/new/lab06.vhd:22]
INFO: [Synth 8-3491] module 'ssd_controller' declared at 'D:/CENG3430/Lab06/Lab06.srcs/sources_1/new/ssd_controller.vhd:4' bound to instance 'ssd_controller_0' of component 'ssd_controller' [D:/CENG3430/Lab06/Lab06.srcs/sources_1/new/lab06.vhd:63]
INFO: [Synth 8-638] synthesizing module 'ssd_controller' [D:/CENG3430/Lab06/Lab06.srcs/sources_1/new/ssd_controller.vhd:13]
WARNING: [Synth 8-614] signal 'data' is read in the process but is not in the sensitivity list [D:/CENG3430/Lab06/Lab06.srcs/sources_1/new/ssd_controller.vhd:39]
INFO: [Synth 8-226] default block is never used [D:/CENG3430/Lab06/Lab06.srcs/sources_1/new/ssd_controller.vhd:51]
INFO: [Synth 8-256] done synthesizing module 'ssd_controller' (1#1) [D:/CENG3430/Lab06/Lab06.srcs/sources_1/new/ssd_controller.vhd:13]
	Parameter slaves bound to: 1 - type: integer 
	Parameter d_width bound to: 15 - type: integer 
INFO: [Synth 8-3491] module 'spi_master' declared at 'D:/CENG3430/Lab06/Lab06.srcs/sources_1/new/spi_master.vhd:30' bound to instance 'spi_master_0' of component 'spi_master' [D:/CENG3430/Lab06/Lab06.srcs/sources_1/new/lab06.vhd:74]
INFO: [Synth 8-638] synthesizing module 'spi_master' [D:/CENG3430/Lab06/Lab06.srcs/sources_1/new/spi_master.vhd:52]
	Parameter slaves bound to: 1 - type: integer 
	Parameter d_width bound to: 15 - type: integer 
INFO: [Synth 8-256] done synthesizing module 'spi_master' (2#1) [D:/CENG3430/Lab06/Lab06.srcs/sources_1/new/spi_master.vhd:52]
INFO: [Synth 8-256] done synthesizing module 'lab06' (3#1) [D:/CENG3430/Lab06/Lab06.srcs/sources_1/new/lab06.vhd:22]
WARNING: [Synth 8-7129] Port data[7] in module lab06 is either unconnected or has no load
WARNING: [Synth 8-7129] Port data[6] in module lab06 is either unconnected or has no load
WARNING: [Synth 8-7129] Port data[5] in module lab06 is either unconnected or has no load
WARNING: [Synth 8-7129] Port data[4] in module lab06 is either unconnected or has no load
WARNING: [Synth 8-7129] Port data[3] in module lab06 is either unconnected or has no load
WARNING: [Synth 8-7129] Port data[2] in module lab06 is either unconnected or has no load
WARNING: [Synth 8-7129] Port data[1] in module lab06 is either unconnected or has no load
WARNING: [Synth 8-7129] Port data[0] in module lab06 is either unconnected or has no load
WARNING: [Synth 8-7129] Port switch[7] in module lab06 is either unconnected or has no load
WARNING: [Synth 8-7129] Port switch[6] in module lab06 is either unconnected or has no load
WARNING: [Synth 8-7129] Port switch[5] in module lab06 is either unconnected or has no load
WARNING: [Synth 8-7129] Port switch[4] in module lab06 is either unconnected or has no load
WARNING: [Synth 8-7129] Port switch[3] in module lab06 is either unconnected or has no load
WARNING: [Synth 8-7129] Port switch[2] in module lab06 is either unconnected or has no load
WARNING: [Synth 8-7129] Port switch[1] in module lab06 is either unconnected or has no load
WARNING: [Synth 8-7129] Port switch[0] in module lab06 is either unconnected or has no load
---------------------------------------------------------------------------------
Finished RTL Elaboration : Time (s): cpu = 00:00:05 ; elapsed = 00:00:05 . Memory (MB): peak = 1262.812 ; gain = 0.000
---------------------------------------------------------------------------------
---------------------------------------------------------------------------------
Start Handling Custom Attributes
---------------------------------------------------------------------------------
---------------------------------------------------------------------------------
Finished Handling Custom Attributes : Time (s): cpu = 00:00:06 ; elapsed = 00:00:06 . Memory (MB): peak = 1262.812 ; gain = 0.000
---------------------------------------------------------------------------------
---------------------------------------------------------------------------------
Finished RTL Optimization Phase 1 : Time (s): cpu = 00:00:06 ; elapsed = 00:00:06 . Memory (MB): peak = 1262.812 ; gain = 0.000
---------------------------------------------------------------------------------
Netlist sorting complete. Time (s): cpu = 00:00:00 ; elapsed = 00:00:00.004 . Memory (MB): peak = 1262.812 ; gain = 0.000
INFO: [Project 1-570] Preparing netlist for logic optimization

Processing XDC Constraints
Initializing timing engine
Parsing XDC File [D:/CENG3430/Lab06/Lab06.srcs/constrs_1/new/lab06.xdc]
Finished Parsing XDC File [D:/CENG3430/Lab06/Lab06.srcs/constrs_1/new/lab06.xdc]
INFO: [Project 1-236] Implementation specific constraints were found while reading constraint file [D:/CENG3430/Lab06/Lab06.srcs/constrs_1/new/lab06.xdc]. These constraints will be ignored for synthesis but will be used in implementation. Impacted constraints are listed in the file [.Xil/lab06_propImpl.xdc].
Resolution: To avoid this warning, move constraints listed in [.Xil/lab06_propImpl.xdc] to another XDC file and exclude this new file from synthesis with the used_in_synthesis property (File Properties dialog in GUI) and re-run elaboration/synthesis.
Completed Processing XDC Constraints

Netlist sorting complete. Time (s): cpu = 00:00:00 ; elapsed = 00:00:00 . Memory (MB): peak = 1262.812 ; gain = 0.000
INFO: [Project 1-111] Unisim Transformation Summary:
No Unisim elements were transformed.

Constraint Validation Runtime : Time (s): cpu = 00:00:00 ; elapsed = 00:00:00.003 . Memory (MB): peak = 1262.812 ; gain = 0.000
WARNING: [Designutils 20-4072] Reference run did not run incremental synthesis because the design is too small; reverting to default synthesis
INFO: [Designutils 20-4379] Flow is switching to default flow due to incremental criteria not met. If you would like to alter this behaviour and have the flow terminate instead, please set the following parameter config_implementation {autoIncr.Synth.RejectBehavior Terminate}
---------------------------------------------------------------------------------
Finished Constraint Validation : Time (s): cpu = 00:00:12 ; elapsed = 00:00:12 . Memory (MB): peak = 1262.812 ; gain = 0.000
---------------------------------------------------------------------------------
---------------------------------------------------------------------------------
Start Loading Part and Timing Information
---------------------------------------------------------------------------------
Loading part: xc7z020clg484-1
---------------------------------------------------------------------------------
Finished Loading Part and Timing Information : Time (s): cpu = 00:00:12 ; elapsed = 00:00:12 . Memory (MB): peak = 1262.812 ; gain = 0.000
---------------------------------------------------------------------------------
---------------------------------------------------------------------------------
Start Applying 'set_property' XDC Constraints
---------------------------------------------------------------------------------
---------------------------------------------------------------------------------
Finished applying 'set_property' XDC Constraints : Time (s): cpu = 00:00:12 ; elapsed = 00:00:12 . Memory (MB): peak = 1262.812 ; gain = 0.000
---------------------------------------------------------------------------------
---------------------------------------------------------------------------------
Finished RTL Optimization Phase 2 : Time (s): cpu = 00:00:12 ; elapsed = 00:00:13 . Memory (MB): peak = 1262.812 ; gain = 0.000
---------------------------------------------------------------------------------
---------------------------------------------------------------------------------
Start RTL Component Statistics 
---------------------------------------------------------------------------------
Detailed RTL Component Info : 
+---Adders : 
	   2 Input   32 Bit       Adders := 2     
	   3 Input    6 Bit       Adders := 1     
	   2 Input    5 Bit       Adders := 4     
+---Registers : 
	               32 Bit    Registers := 3     
	               15 Bit    Registers := 3     
	                5 Bit    Registers := 2     
	                1 Bit    Registers := 9     
+---Muxes : 
	   2 Input   32 Bit        Muxes := 4     
	   2 Input   15 Bit        Muxes := 2     
	   2 Input    5 Bit        Muxes := 2     
	   2 Input    4 Bit        Muxes := 1     
	   2 Input    1 Bit        Muxes := 28    
---------------------------------------------------------------------------------
Finished RTL Component Statistics 
---------------------------------------------------------------------------------
---------------------------------------------------------------------------------
Start Part Resource Summary
---------------------------------------------------------------------------------
Part Resources:
DSPs: 220 (col length:60)
BRAMs: 280 (col length: RAMB18 60 RAMB36 30)
---------------------------------------------------------------------------------
Finished Part Resource Summary
---------------------------------------------------------------------------------
---------------------------------------------------------------------------------
Start Cross Boundary and Area Optimization
---------------------------------------------------------------------------------
WARNING: [Synth 8-7080] Parallel synthesis criteria is not met
WARNING: [Synth 8-7129] Port data[7] in module lab06 is either unconnected or has no load
WARNING: [Synth 8-7129] Port data[6] in module lab06 is either unconnected or has no load
WARNING: [Synth 8-7129] Port data[5] in module lab06 is either unconnected or has no load
WARNING: [Synth 8-7129] Port data[4] in module lab06 is either unconnected or has no load
WARNING: [Synth 8-7129] Port data[3] in module lab06 is either unconnected or has no load
WARNING: [Synth 8-7129] Port data[2] in module lab06 is either unconnected or has no load
WARNING: [Synth 8-7129] Port data[1] in module lab06 is either unconnected or has no load
WARNING: [Synth 8-7129] Port data[0] in module lab06 is either unconnected or has no load
WARNING: [Synth 8-7129] Port switch[7] in module lab06 is either unconnected or has no load
WARNING: [Synth 8-7129] Port switch[6] in module lab06 is either unconnected or has no load
WARNING: [Synth 8-7129] Port switch[5] in module lab06 is either unconnected or has no load
WARNING: [Synth 8-7129] Port switch[4] in module lab06 is either unconnected or has no load
WARNING: [Synth 8-7129] Port switch[3] in module lab06 is either unconnected or has no load
WARNING: [Synth 8-7129] Port switch[2] in module lab06 is either unconnected or has no load
WARNING: [Synth 8-7129] Port switch[1] in module lab06 is either unconnected or has no load
WARNING: [Synth 8-7129] Port switch[0] in module lab06 is either unconnected or has no load
---------------------------------------------------------------------------------
Finished Cross Boundary and Area Optimization : Time (s): cpu = 00:00:14 ; elapsed = 00:00:15 . Memory (MB): peak = 1262.812 ; gain = 0.000
---------------------------------------------------------------------------------
---------------------------------------------------------------------------------
Start Applying XDC Timing Constraints
---------------------------------------------------------------------------------
---------------------------------------------------------------------------------
Finished Applying XDC Timing Constraints : Time (s): cpu = 00:00:20 ; elapsed = 00:00:20 . Memory (MB): peak = 1262.812 ; gain = 0.000
---------------------------------------------------------------------------------
---------------------------------------------------------------------------------
Start Timing Optimization
---------------------------------------------------------------------------------
---------------------------------------------------------------------------------
Finished Timing Optimization : Time (s): cpu = 00:00:20 ; elapsed = 00:00:20 . Memory (MB): peak = 1262.812 ; gain = 0.000
---------------------------------------------------------------------------------
---------------------------------------------------------------------------------
Start Technology Mapping
---------------------------------------------------------------------------------
---------------------------------------------------------------------------------
Finished Technology Mapping : Time (s): cpu = 00:00:20 ; elapsed = 00:00:20 . Memory (MB): peak = 1262.812 ; gain = 0.000
---------------------------------------------------------------------------------
---------------------------------------------------------------------------------
Start IO Insertion
---------------------------------------------------------------------------------
---------------------------------------------------------------------------------
Start Flattening Before IO Insertion
---------------------------------------------------------------------------------
---------------------------------------------------------------------------------
Finished Flattening Before IO Insertion
---------------------------------------------------------------------------------
---------------------------------------------------------------------------------
Start Final Netlist Cleanup
---------------------------------------------------------------------------------
---------------------------------------------------------------------------------
Finished Final Netlist Cleanup
---------------------------------------------------------------------------------
---------------------------------------------------------------------------------
Finished IO Insertion : Time (s): cpu = 00:00:24 ; elapsed = 00:00:24 . Memory (MB): peak = 1262.812 ; gain = 0.000
---------------------------------------------------------------------------------
---------------------------------------------------------------------------------
Start Renaming Generated Instances
---------------------------------------------------------------------------------
---------------------------------------------------------------------------------
Finished Renaming Generated Instances : Time (s): cpu = 00:00:24 ; elapsed = 00:00:24 . Memory (MB): peak = 1262.812 ; gain = 0.000
---------------------------------------------------------------------------------
---------------------------------------------------------------------------------
Start Rebuilding User Hierarchy
---------------------------------------------------------------------------------
---------------------------------------------------------------------------------
Finished Rebuilding User Hierarchy : Time (s): cpu = 00:00:24 ; elapsed = 00:00:24 . Memory (MB): peak = 1262.812 ; gain = 0.000
---------------------------------------------------------------------------------
---------------------------------------------------------------------------------
Start Renaming Generated Ports
---------------------------------------------------------------------------------
---------------------------------------------------------------------------------
Finished Renaming Generated Ports : Time (s): cpu = 00:00:24 ; elapsed = 00:00:24 . Memory (MB): peak = 1262.812 ; gain = 0.000
---------------------------------------------------------------------------------
---------------------------------------------------------------------------------
Start Handling Custom Attributes
---------------------------------------------------------------------------------
---------------------------------------------------------------------------------
Finished Handling Custom Attributes : Time (s): cpu = 00:00:24 ; elapsed = 00:00:24 . Memory (MB): peak = 1262.812 ; gain = 0.000
---------------------------------------------------------------------------------
---------------------------------------------------------------------------------
Start Renaming Generated Nets
---------------------------------------------------------------------------------
---------------------------------------------------------------------------------
Finished Renaming Generated Nets : Time (s): cpu = 00:00:24 ; elapsed = 00:00:24 . Memory (MB): peak = 1262.812 ; gain = 0.000
---------------------------------------------------------------------------------
---------------------------------------------------------------------------------
Start ROM, RAM, DSP, Shift Register and Retiming Reporting
---------------------------------------------------------------------------------

Static Shift Register Report:
+------------+-------------------------------+--------+-------+--------------+--------------------+-------------------+--------+---------+
|Module Name | RTL Name                      | Length | Width | Reset Signal | Pull out first Reg | Pull out last Reg | SRL16E | SRLC32E | 
+------------+-------------------------------+--------+-------+--------------+--------------------+-------------------+--------+---------+
|lab06       | spi_master_0/rx_buffer_reg[4] | 5      | 1     | NO           | YES                | YES               | 1      | 0       | 
+------------+-------------------------------+--------+-------+--------------+--------------------+-------------------+--------+---------+

---------------------------------------------------------------------------------
Finished ROM, RAM, DSP, Shift Register and Retiming Reporting
---------------------------------------------------------------------------------
---------------------------------------------------------------------------------
Start Writing Synthesis Report
---------------------------------------------------------------------------------

Report BlackBoxes: 
+-+--------------+----------+
| |BlackBox name |Instances |
+-+--------------+----------+
+-+--------------+----------+

Report Cell Usage: 
+------+-------+------+
|      |Cell   |Count |
+------+-------+------+
|1     |BUFG   |     1|
|2     |CARRY4 |    19|
|3     |LUT1   |     5|
|4     |LUT2   |     6|
|5     |LUT3   |    18|
|6     |LUT4   |     9|
|7     |LUT5   |     7|
|8     |LUT6   |    10|
|9     |SRL16E |     1|
|10    |FDRE   |    89|
|11    |FDSE   |     4|
|12    |IBUF   |     2|
|13    |OBUF   |    10|
|14    |OBUFT  |     1|
+------+-------+------+
---------------------------------------------------------------------------------
Finished Writing Synthesis Report : Time (s): cpu = 00:00:24 ; elapsed = 00:00:24 . Memory (MB): peak = 1262.812 ; gain = 0.000
---------------------------------------------------------------------------------
Synthesis finished with 0 errors, 0 critical warnings and 17 warnings.
Synthesis Optimization Runtime : Time (s): cpu = 00:00:16 ; elapsed = 00:00:22 . Memory (MB): peak = 1262.812 ; gain = 0.000
Synthesis Optimization Complete : Time (s): cpu = 00:00:24 ; elapsed = 00:00:24 . Memory (MB): peak = 1262.812 ; gain = 0.000
INFO: [Project 1-571] Translating synthesized netlist
Netlist sorting complete. Time (s): cpu = 00:00:00 ; elapsed = 00:00:00.002 . Memory (MB): peak = 1267.070 ; gain = 0.000
INFO: [Netlist 29-17] Analyzing 19 Unisim elements for replacement
INFO: [Netlist 29-28] Unisim Transformation completed in 0 CPU seconds
INFO: [Project 1-570] Preparing netlist for logic optimization
INFO: [Opt 31-138] Pushed 0 inverter(s) to 0 load pin(s).
Netlist sorting complete. Time (s): cpu = 00:00:00 ; elapsed = 00:00:00 . Memory (MB): peak = 1277.734 ; gain = 0.000
INFO: [Project 1-111] Unisim Transformation Summary:
No Unisim elements were transformed.

Synth Design complete, checksum: bf8aba8e
INFO: [Common 17-83] Releasing license: Synthesis
28 Infos, 36 Warnings, 0 Critical Warnings and 0 Errors encountered.
synth_design completed successfully
synth_design: Time (s): cpu = 00:00:28 ; elapsed = 00:00:29 . Memory (MB): peak = 1277.734 ; gain = 14.922
INFO: [Common 17-1381] The checkpoint 'D:/CENG3430/Lab06/Lab06.runs/synth_1/lab06.dcp' has been generated.
INFO: [runtcl-4] Executing : report_utilization -file lab06_utilization_synth.rpt -pb lab06_utilization_synth.pb
INFO: [Common 17-206] Exiting Vivado at Mon May 16 16:52:43 2022...
