
*** Running vivado
    with args -log system_xbar_1.vds -m64 -product Vivado -mode batch -messageDb vivado.pb -notrace -source system_xbar_1.tcl


****** Vivado v2016.3 (64-bit)
  **** SW Build 1682563 on Mon Oct 10 19:07:27 MDT 2016
  **** IP Build 1681267 on Mon Oct 10 21:28:31 MDT 2016
    ** Copyright 1986-2016 Xilinx, Inc. All Rights Reserved.

source system_xbar_1.tcl -notrace
Starting RTL Elaboration : Time (s): cpu = 00:00:09 ; elapsed = 00:00:12 . Memory (MB): peak = 346.637 ; gain = 136.484
INFO: [Synth 8-638] synthesizing module 'system_xbar_1' [d:/CENG3430/Lab09_1/Lab09_1.srcs/sources_1/bd/system/ip/system_xbar_1/synth/system_xbar_1.v:59]
INFO: [Synth 8-638] synthesizing module 'axi_crossbar_v2_1_11_axi_crossbar' [d:/CENG3430/Lab09_1/Lab09_1.srcs/sources_1/bd/system/ipshared/d552/hdl/axi_crossbar_v2_1_vl_rfs.v:4882]
INFO: [Synth 8-638] synthesizing module 'axi_crossbar_v2_1_11_crossbar_sasd' [d:/CENG3430/Lab09_1/Lab09_1.srcs/sources_1/bd/system/ipshared/d552/hdl/axi_crossbar_v2_1_vl_rfs.v:1240]
INFO: [Synth 8-638] synthesizing module 'axi_crossbar_v2_1_11_addr_decoder' [d:/CENG3430/Lab09_1/Lab09_1.srcs/sources_1/bd/system/ipshared/d552/hdl/axi_crossbar_v2_1_vl_rfs.v:794]
INFO: [Synth 8-638] synthesizing module 'generic_baseblocks_v2_1_0_comparator_static' [d:/CENG3430/Lab09_1/Lab09_1.srcs/sources_1/bd/system/ipshared/7ee0/hdl/generic_baseblocks_v2_1_vl_rfs.v:2133]
INFO: [Synth 8-638] synthesizing module 'generic_baseblocks_v2_1_0_carry_and' [d:/CENG3430/Lab09_1/Lab09_1.srcs/sources_1/bd/system/ipshared/7ee0/hdl/generic_baseblocks_v2_1_vl_rfs.v:62]
INFO: [Synth 8-256] done synthesizing module 'generic_baseblocks_v2_1_0_carry_and' (1#1) [d:/CENG3430/Lab09_1/Lab09_1.srcs/sources_1/bd/system/ipshared/7ee0/hdl/generic_baseblocks_v2_1_vl_rfs.v:62]
INFO: [Synth 8-256] done synthesizing module 'generic_baseblocks_v2_1_0_comparator_static' (2#1) [d:/CENG3430/Lab09_1/Lab09_1.srcs/sources_1/bd/system/ipshared/7ee0/hdl/generic_baseblocks_v2_1_vl_rfs.v:2133]
INFO: [Synth 8-638] synthesizing module 'generic_baseblocks_v2_1_0_comparator_static__parameterized0' [d:/CENG3430/Lab09_1/Lab09_1.srcs/sources_1/bd/system/ipshared/7ee0/hdl/generic_baseblocks_v2_1_vl_rfs.v:2133]
INFO: [Synth 8-256] done synthesizing module 'generic_baseblocks_v2_1_0_comparator_static__parameterized0' (2#1) [d:/CENG3430/Lab09_1/Lab09_1.srcs/sources_1/bd/system/ipshared/7ee0/hdl/generic_baseblocks_v2_1_vl_rfs.v:2133]
INFO: [Synth 8-638] synthesizing module 'generic_baseblocks_v2_1_0_comparator_static__parameterized1' [d:/CENG3430/Lab09_1/Lab09_1.srcs/sources_1/bd/system/ipshared/7ee0/hdl/generic_baseblocks_v2_1_vl_rfs.v:2133]
INFO: [Synth 8-256] done synthesizing module 'generic_baseblocks_v2_1_0_comparator_static__parameterized1' (2#1) [d:/CENG3430/Lab09_1/Lab09_1.srcs/sources_1/bd/system/ipshared/7ee0/hdl/generic_baseblocks_v2_1_vl_rfs.v:2133]
INFO: [Synth 8-256] done synthesizing module 'axi_crossbar_v2_1_11_addr_decoder' (3#1) [d:/CENG3430/Lab09_1/Lab09_1.srcs/sources_1/bd/system/ipshared/d552/hdl/axi_crossbar_v2_1_vl_rfs.v:794]
INFO: [Synth 8-638] synthesizing module 'axi_crossbar_v2_1_11_decerr_slave' [d:/CENG3430/Lab09_1/Lab09_1.srcs/sources_1/bd/system/ipshared/d552/hdl/axi_crossbar_v2_1_vl_rfs.v:3500]
INFO: [Synth 8-256] done synthesizing module 'axi_crossbar_v2_1_11_decerr_slave' (4#1) [d:/CENG3430/Lab09_1/Lab09_1.srcs/sources_1/bd/system/ipshared/d552/hdl/axi_crossbar_v2_1_vl_rfs.v:3500]
INFO: [Synth 8-638] synthesizing module 'axi_crossbar_v2_1_11_addr_arbiter_sasd' [d:/CENG3430/Lab09_1/Lab09_1.srcs/sources_1/bd/system/ipshared/d552/hdl/axi_crossbar_v2_1_vl_rfs.v:65]
INFO: [Synth 8-256] done synthesizing module 'axi_crossbar_v2_1_11_addr_arbiter_sasd' (5#1) [d:/CENG3430/Lab09_1/Lab09_1.srcs/sources_1/bd/system/ipshared/d552/hdl/axi_crossbar_v2_1_vl_rfs.v:65]
INFO: [Synth 8-638] synthesizing module 'axi_crossbar_v2_1_11_splitter' [d:/CENG3430/Lab09_1/Lab09_1.srcs/sources_1/bd/system/ipshared/d552/hdl/axi_crossbar_v2_1_vl_rfs.v:4459]
INFO: [Synth 8-256] done synthesizing module 'axi_crossbar_v2_1_11_splitter' (6#1) [d:/CENG3430/Lab09_1/Lab09_1.srcs/sources_1/bd/system/ipshared/d552/hdl/axi_crossbar_v2_1_vl_rfs.v:4459]
INFO: [Synth 8-638] synthesizing module 'axi_crossbar_v2_1_11_splitter__parameterized0' [d:/CENG3430/Lab09_1/Lab09_1.srcs/sources_1/bd/system/ipshared/d552/hdl/axi_crossbar_v2_1_vl_rfs.v:4459]
INFO: [Synth 8-256] done synthesizing module 'axi_crossbar_v2_1_11_splitter__parameterized0' (6#1) [d:/CENG3430/Lab09_1/Lab09_1.srcs/sources_1/bd/system/ipshared/d552/hdl/axi_crossbar_v2_1_vl_rfs.v:4459]
INFO: [Synth 8-638] synthesizing module 'generic_baseblocks_v2_1_0_mux_enc' [d:/CENG3430/Lab09_1/Lab09_1.srcs/sources_1/bd/system/ipshared/7ee0/hdl/generic_baseblocks_v2_1_vl_rfs.v:2452]
INFO: [Synth 8-256] done synthesizing module 'generic_baseblocks_v2_1_0_mux_enc' (7#1) [d:/CENG3430/Lab09_1/Lab09_1.srcs/sources_1/bd/system/ipshared/7ee0/hdl/generic_baseblocks_v2_1_vl_rfs.v:2452]
INFO: [Synth 8-638] synthesizing module 'generic_baseblocks_v2_1_0_mux_enc__parameterized0' [d:/CENG3430/Lab09_1/Lab09_1.srcs/sources_1/bd/system/ipshared/7ee0/hdl/generic_baseblocks_v2_1_vl_rfs.v:2452]
INFO: [Synth 8-256] done synthesizing module 'generic_baseblocks_v2_1_0_mux_enc__parameterized0' (7#1) [d:/CENG3430/Lab09_1/Lab09_1.srcs/sources_1/bd/system/ipshared/7ee0/hdl/generic_baseblocks_v2_1_vl_rfs.v:2452]
INFO: [Synth 8-638] synthesizing module 'generic_baseblocks_v2_1_0_mux_enc__parameterized1' [d:/CENG3430/Lab09_1/Lab09_1.srcs/sources_1/bd/system/ipshared/7ee0/hdl/generic_baseblocks_v2_1_vl_rfs.v:2452]
INFO: [Synth 8-256] done synthesizing module 'generic_baseblocks_v2_1_0_mux_enc__parameterized1' (7#1) [d:/CENG3430/Lab09_1/Lab09_1.srcs/sources_1/bd/system/ipshared/7ee0/hdl/generic_baseblocks_v2_1_vl_rfs.v:2452]
INFO: [Synth 8-638] synthesizing module 'generic_baseblocks_v2_1_0_mux_enc__parameterized2' [d:/CENG3430/Lab09_1/Lab09_1.srcs/sources_1/bd/system/ipshared/7ee0/hdl/generic_baseblocks_v2_1_vl_rfs.v:2452]
INFO: [Synth 8-256] done synthesizing module 'generic_baseblocks_v2_1_0_mux_enc__parameterized2' (7#1) [d:/CENG3430/Lab09_1/Lab09_1.srcs/sources_1/bd/system/ipshared/7ee0/hdl/generic_baseblocks_v2_1_vl_rfs.v:2452]
INFO: [Synth 8-638] synthesizing module 'axi_register_slice_v2_1_10_axic_register_slice' [d:/CENG3430/Lab09_1/Lab09_1.srcs/sources_1/bd/system/ipshared/7efe/hdl/axi_register_slice_v2_1_vl_rfs.v:85]
INFO: [Synth 8-256] done synthesizing module 'axi_register_slice_v2_1_10_axic_register_slice' (8#1) [d:/CENG3430/Lab09_1/Lab09_1.srcs/sources_1/bd/system/ipshared/7efe/hdl/axi_register_slice_v2_1_vl_rfs.v:85]
INFO: [Synth 8-638] synthesizing module 'generic_baseblocks_v2_1_0_mux_enc__parameterized3' [d:/CENG3430/Lab09_1/Lab09_1.srcs/sources_1/bd/system/ipshared/7ee0/hdl/generic_baseblocks_v2_1_vl_rfs.v:2452]
INFO: [Synth 8-256] done synthesizing module 'generic_baseblocks_v2_1_0_mux_enc__parameterized3' (8#1) [d:/CENG3430/Lab09_1/Lab09_1.srcs/sources_1/bd/system/ipshared/7ee0/hdl/generic_baseblocks_v2_1_vl_rfs.v:2452]
INFO: [Synth 8-256] done synthesizing module 'axi_crossbar_v2_1_11_crossbar_sasd' (9#1) [d:/CENG3430/Lab09_1/Lab09_1.srcs/sources_1/bd/system/ipshared/d552/hdl/axi_crossbar_v2_1_vl_rfs.v:1240]
INFO: [Synth 8-256] done synthesizing module 'axi_crossbar_v2_1_11_axi_crossbar' (10#1) [d:/CENG3430/Lab09_1/Lab09_1.srcs/sources_1/bd/system/ipshared/d552/hdl/axi_crossbar_v2_1_vl_rfs.v:4882]
INFO: [Synth 8-256] done synthesizing module 'system_xbar_1' (11#1) [d:/CENG3430/Lab09_1/Lab09_1.srcs/sources_1/bd/system/ip/system_xbar_1/synth/system_xbar_1.v:59]
Finished RTL Elaboration : Time (s): cpu = 00:00:14 ; elapsed = 00:00:18 . Memory (MB): peak = 462.914 ; gain = 252.762
Finished RTL Optimization Phase 1 : Time (s): cpu = 00:00:14 ; elapsed = 00:00:18 . Memory (MB): peak = 462.914 ; gain = 252.762
INFO: [Device 21-403] Loading part xc7z020clg484-1
Constraint Validation Runtime : Time (s): cpu = 00:00:00 ; elapsed = 00:00:00.027 . Memory (MB): peak = 704.027 ; gain = 0.000
Finished Constraint Validation : Time (s): cpu = 00:00:23 ; elapsed = 00:00:27 . Memory (MB): peak = 704.027 ; gain = 493.875
Finished Loading Part and Timing Information : Time (s): cpu = 00:00:23 ; elapsed = 00:00:27 . Memory (MB): peak = 704.027 ; gain = 493.875
Finished applying 'set_property' XDC Constraints : Time (s): cpu = 00:00:23 ; elapsed = 00:00:27 . Memory (MB): peak = 704.027 ; gain = 493.875
Finished RTL Optimization Phase 2 : Time (s): cpu = 00:00:23 ; elapsed = 00:00:27 . Memory (MB): peak = 704.027 ; gain = 493.875
Finished Cross Boundary and Area Optimization : Time (s): cpu = 00:00:24 ; elapsed = 00:00:28 . Memory (MB): peak = 704.027 ; gain = 493.875
Finished Applying XDC Timing Constraints : Time (s): cpu = 00:00:33 ; elapsed = 00:00:38 . Memory (MB): peak = 704.027 ; gain = 493.875
Finished Timing Optimization : Time (s): cpu = 00:00:33 ; elapsed = 00:00:38 . Memory (MB): peak = 704.027 ; gain = 493.875
Finished Technology Mapping : Time (s): cpu = 00:00:33 ; elapsed = 00:00:38 . Memory (MB): peak = 704.027 ; gain = 493.875
Finished IO Insertion : Time (s): cpu = 00:00:34 ; elapsed = 00:00:38 . Memory (MB): peak = 704.027 ; gain = 493.875
Finished Renaming Generated Instances : Time (s): cpu = 00:00:34 ; elapsed = 00:00:38 . Memory (MB): peak = 704.027 ; gain = 493.875
Finished Rebuilding User Hierarchy : Time (s): cpu = 00:00:34 ; elapsed = 00:00:39 . Memory (MB): peak = 704.027 ; gain = 493.875
Finished Renaming Generated Ports : Time (s): cpu = 00:00:34 ; elapsed = 00:00:39 . Memory (MB): peak = 704.027 ; gain = 493.875
Finished Handling Custom Attributes : Time (s): cpu = 00:00:34 ; elapsed = 00:00:39 . Memory (MB): peak = 704.027 ; gain = 493.875
Finished Renaming Generated Nets : Time (s): cpu = 00:00:34 ; elapsed = 00:00:39 . Memory (MB): peak = 704.027 ; gain = 493.875

Report Cell Usage: 
+------+-----+------+
|      |Cell |Count |
+------+-----+------+
|1     |LUT1 |     2|
|2     |LUT2 |     9|
|3     |LUT3 |    38|
|4     |LUT4 |    50|
|5     |LUT5 |    57|
|6     |LUT6 |    21|
|7     |FDRE |   131|
+------+-----+------+
Finished Writing Synthesis Report : Time (s): cpu = 00:00:34 ; elapsed = 00:00:39 . Memory (MB): peak = 704.027 ; gain = 493.875
synth_design: Time (s): cpu = 00:00:31 ; elapsed = 00:00:34 . Memory (MB): peak = 704.027 ; gain = 443.773
