
*** Running vivado
    with args -log stopwatch_system_wrapper.vdi -applog -m64 -product Vivado -messageDb vivado.pb -mode batch -source stopwatch_system_wrapper.tcl -notrace


****** Vivado v2016.3 (64-bit)
  **** SW Build 1682563 on Mon Oct 10 19:07:27 MDT 2016
  **** IP Build 1681267 on Mon Oct 10 21:28:31 MDT 2016
    ** Copyright 1986-2016 Xilinx, Inc. All Rights Reserved.

source stopwatch_system_wrapper.tcl -notrace
Design is defaulting to srcset: sources_1
Design is defaulting to constrset: constrs_1
INFO: [Project 1-454] Reading design checkpoint 'd:/CENG3430/Lab07/Lab07.srcs/sources_1/bd/stopwatch_system/ip/stopwatch_system_processing_system7_0_0/stopwatch_system_processing_system7_0_0.dcp' for cell 'stopwatch_system_i/processing_system7_0'
INFO: [Project 1-454] Reading design checkpoint 'd:/CENG3430/Lab07/Lab07.srcs/sources_1/bd/stopwatch_system/ip/stopwatch_system_rst_ps7_0_50M_0/stopwatch_system_rst_ps7_0_50M_0.dcp' for cell 'stopwatch_system_i/rst_ps7_0_50M'
INFO: [Project 1-454] Reading design checkpoint 'd:/CENG3430/Lab07/Lab07.srcs/sources_1/bd/stopwatch_system/ip/stopwatch_system_stopwatch_controller_0_0/stopwatch_system_stopwatch_controller_0_0.dcp' for cell 'stopwatch_system_i/stopwatch_controller_0'
INFO: [Project 1-454] Reading design checkpoint 'd:/CENG3430/Lab07/Lab07.srcs/sources_1/bd/stopwatch_system/ip/stopwatch_system_auto_pc_0/stopwatch_system_auto_pc_0.dcp' for cell 'stopwatch_system_i/ps7_0_axi_periph/s00_couplers/auto_pc'
INFO: [Netlist 29-17] Analyzing 52 Unisim elements for replacement
INFO: [Netlist 29-28] Unisim Transformation completed in 0 CPU seconds
INFO: [Project 1-479] Netlist was created with Vivado 2016.3
INFO: [Device 21-403] Loading part xc7z020clg484-1
INFO: [Project 1-570] Preparing netlist for logic optimization
Parsing XDC File [d:/CENG3430/Lab07/Lab07.srcs/sources_1/bd/stopwatch_system/ip/stopwatch_system_processing_system7_0_0/stopwatch_system_processing_system7_0_0.xdc] for cell 'stopwatch_system_i/processing_system7_0/inst'
Finished Parsing XDC File [d:/CENG3430/Lab07/Lab07.srcs/sources_1/bd/stopwatch_system/ip/stopwatch_system_processing_system7_0_0/stopwatch_system_processing_system7_0_0.xdc] for cell 'stopwatch_system_i/processing_system7_0/inst'
Parsing XDC File [d:/CENG3430/Lab07/Lab07.srcs/sources_1/bd/stopwatch_system/ip/stopwatch_system_rst_ps7_0_50M_0/stopwatch_system_rst_ps7_0_50M_0_board.xdc] for cell 'stopwatch_system_i/rst_ps7_0_50M/U0'
Finished Parsing XDC File [d:/CENG3430/Lab07/Lab07.srcs/sources_1/bd/stopwatch_system/ip/stopwatch_system_rst_ps7_0_50M_0/stopwatch_system_rst_ps7_0_50M_0_board.xdc] for cell 'stopwatch_system_i/rst_ps7_0_50M/U0'
Parsing XDC File [d:/CENG3430/Lab07/Lab07.srcs/sources_1/bd/stopwatch_system/ip/stopwatch_system_rst_ps7_0_50M_0/stopwatch_system_rst_ps7_0_50M_0.xdc] for cell 'stopwatch_system_i/rst_ps7_0_50M/U0'
Finished Parsing XDC File [d:/CENG3430/Lab07/Lab07.srcs/sources_1/bd/stopwatch_system/ip/stopwatch_system_rst_ps7_0_50M_0/stopwatch_system_rst_ps7_0_50M_0.xdc] for cell 'stopwatch_system_i/rst_ps7_0_50M/U0'
Parsing XDC File [C:/Users/kingk/Downloads/stopwatch.xdc]
Finished Parsing XDC File [C:/Users/kingk/Downloads/stopwatch.xdc]
INFO: [Project 1-538] Using original IP XDC constraints instead of the XDC constraints in dcp 'd:/CENG3430/Lab07/Lab07.srcs/sources_1/bd/stopwatch_system/ip/stopwatch_system_processing_system7_0_0/stopwatch_system_processing_system7_0_0.dcp'
INFO: [Project 1-538] Using original IP XDC constraints instead of the XDC constraints in dcp 'd:/CENG3430/Lab07/Lab07.srcs/sources_1/bd/stopwatch_system/ip/stopwatch_system_rst_ps7_0_50M_0/stopwatch_system_rst_ps7_0_50M_0.dcp'
INFO: [Project 1-538] Using original IP XDC constraints instead of the XDC constraints in dcp 'd:/CENG3430/Lab07/Lab07.srcs/sources_1/bd/stopwatch_system/ip/stopwatch_system_auto_pc_0/stopwatch_system_auto_pc_0.dcp'
INFO: [Opt 31-138] Pushed 0 inverter(s) to 0 load pin(s).
INFO: [Project 1-111] Unisim Transformation Summary:
No Unisim elements were transformed.

link_design: Time (s): cpu = 00:00:07 ; elapsed = 00:00:07 . Memory (MB): peak = 535.352 ; gain = 298.492
Command: opt_design
Attempting to get a license for feature 'Implementation' and/or device 'xc7z020'
INFO: [Common 17-349] Got license for feature 'Implementation' and/or device 'xc7z020'
Running DRC as a precondition to command opt_design

Starting DRC Task
INFO: [DRC 23-27] Running DRC with 2 threads
INFO: [Project 1-461] DRC finished with 0 Errors
INFO: [Project 1-462] Please refer to the DRC report (report_drc) for more information.

Time (s): cpu = 00:00:01 ; elapsed = 00:00:00.421 . Memory (MB): peak = 547.359 ; gain = 12.008
INFO: [Timing 38-35] Done setting XDC timing constraints.

Starting Logic Optimization Task
Implement Debug Cores | Checksum: 17f6f7d16

Phase 1 Retarget
INFO: [Opt 31-138] Pushed 0 inverter(s) to 0 load pin(s).
INFO: [Opt 31-49] Retargeted 0 cell(s).
Phase 1 Retarget | Checksum: ab8a5efa

Time (s): cpu = 00:00:00 ; elapsed = 00:00:00.155 . Memory (MB): peak = 1035.469 ; gain = 0.000

Phase 2 Constant propagation
INFO: [Opt 31-138] Pushed 0 inverter(s) to 0 load pin(s).
INFO: [Opt 31-10] Eliminated 13 cells.
Phase 2 Constant propagation | Checksum: 1284a0692

Time (s): cpu = 00:00:00 ; elapsed = 00:00:00.323 . Memory (MB): peak = 1035.469 ; gain = 0.000

Phase 3 Sweep
INFO: [Opt 31-12] Eliminated 298 unconnected nets.
INFO: [Opt 31-11] Eliminated 335 unconnected cells.
Phase 3 Sweep | Checksum: 101a61651

Time (s): cpu = 00:00:01 ; elapsed = 00:00:00.764 . Memory (MB): peak = 1035.469 ; gain = 0.000

Phase 4 BUFG optimization
INFO: [Opt 31-194] Inserted BUFG clk_IBUF_BUFG_inst to drive 90 load(s) on clock net clk_IBUF_BUFG
INFO: [Opt 31-193] Inserted 1 BUFG(s) on clock nets
INFO: [Opt 31-12] Eliminated 0 unconnected nets.
INFO: [Opt 31-11] Eliminated 0 unconnected cells.
Phase 4 BUFG optimization | Checksum: 11f4ab408

Time (s): cpu = 00:00:01 ; elapsed = 00:00:01 . Memory (MB): peak = 1035.469 ; gain = 0.000

Starting Connectivity Check Task

Time (s): cpu = 00:00:00 ; elapsed = 00:00:00.004 . Memory (MB): peak = 1035.469 ; gain = 0.000
Ending Logic Optimization Task | Checksum: 11f4ab408

Time (s): cpu = 00:00:01 ; elapsed = 00:00:01 . Memory (MB): peak = 1035.469 ; gain = 0.000

Starting Power Optimization Task
INFO: [Pwropt 34-132] Skipping clock gating for clocks with a period < 2.00 ns.
Ending Power Optimization Task | Checksum: 11f4ab408

Time (s): cpu = 00:00:00 ; elapsed = 00:00:00.011 . Memory (MB): peak = 1035.469 ; gain = 0.000
INFO: [Common 17-83] Releasing license: Implementation
31 Infos, 0 Warnings, 0 Critical Warnings and 0 Errors encountered.
opt_design completed successfully
opt_design: Time (s): cpu = 00:00:11 ; elapsed = 00:00:11 . Memory (MB): peak = 1035.469 ; gain = 500.117
Writing placer database...
Writing XDEF routing.
Writing XDEF routing logical nets.
Writing XDEF routing special nets.
Write XDEF Complete: Time (s): cpu = 00:00:00 ; elapsed = 00:00:00.073 . Memory (MB): peak = 1035.469 ; gain = 0.000
INFO: [Common 17-1381] The checkpoint 'D:/CENG3430/Lab07/Lab07.runs/impl_1/stopwatch_system_wrapper_opt.dcp' has been generated.
INFO: [DRC 23-27] Running DRC with 2 threads
INFO: [Coretcl 2-168] The results of DRC are in file D:/CENG3430/Lab07/Lab07.runs/impl_1/stopwatch_system_wrapper_drc_opted.rpt.
INFO: [Chipscope 16-241] No debug cores found in the current design.
Before running the implement_debug_core command, either use the Set Up Debug wizard (GUI mode)
or use the create_debug_core and connect_debug_core Tcl commands to insert debug cores into the design.
Command: place_design
Attempting to get a license for feature 'Implementation' and/or device 'xc7z020'
INFO: [Common 17-349] Got license for feature 'Implementation' and/or device 'xc7z020'
INFO: [DRC 23-27] Running DRC with 2 threads
INFO: [Vivado_Tcl 4-198] DRC finished with 0 Errors
INFO: [Vivado_Tcl 4-199] Please refer to the DRC report (report_drc) for more information.
Running DRC as a precondition to command place_design
INFO: [DRC 23-27] Running DRC with 2 threads
INFO: [Vivado_Tcl 4-198] DRC finished with 0 Errors
INFO: [Vivado_Tcl 4-199] Please refer to the DRC report (report_drc) for more information.

Starting Placer Task
INFO: [Place 30-611] Multithreading enabled for place_design using a maximum of 2 CPUs

Phase 1 Placer Initialization
Netlist sorting complete. Time (s): cpu = 00:00:00 ; elapsed = 00:00:00.004 . Memory (MB): peak = 1035.469 ; gain = 0.000
Netlist sorting complete. Time (s): cpu = 00:00:00 ; elapsed = 00:00:00.003 . Memory (MB): peak = 1035.469 ; gain = 0.000

Phase 1.1 IO Placement/ Clock Placement/ Build Placer Device
INFO: [Timing 38-35] Done setting XDC timing constraints.
Phase 1.1 IO Placement/ Clock Placement/ Build Placer Device | Checksum: 19d2e66d8

Time (s): cpu = 00:00:02 ; elapsed = 00:00:02 . Memory (MB): peak = 1059.680 ; gain = 24.211

Phase 1.2 Build Placer Netlist Model
Phase 1.2 Build Placer Netlist Model | Checksum: 190401803

Time (s): cpu = 00:00:02 ; elapsed = 00:00:02 . Memory (MB): peak = 1059.680 ; gain = 24.211

Phase 1.3 Constrain Clocks/Macros
Phase 1.3 Constrain Clocks/Macros | Checksum: 190401803

Time (s): cpu = 00:00:02 ; elapsed = 00:00:02 . Memory (MB): peak = 1059.680 ; gain = 24.211
Phase 1 Placer Initialization | Checksum: 190401803

Time (s): cpu = 00:00:02 ; elapsed = 00:00:02 . Memory (MB): peak = 1059.680 ; gain = 24.211

Phase 2 Global Placement
Phase 2 Global Placement | Checksum: 13585e702

Time (s): cpu = 00:00:04 ; elapsed = 00:00:03 . Memory (MB): peak = 1059.680 ; gain = 24.211

Phase 3 Detail Placement

Phase 3.1 Commit Multi Column Macros
Phase 3.1 Commit Multi Column Macros | Checksum: 13585e702

Time (s): cpu = 00:00:04 ; elapsed = 00:00:03 . Memory (MB): peak = 1059.680 ; gain = 24.211

Phase 3.2 Commit Most Macros & LUTRAMs
Phase 3.2 Commit Most Macros & LUTRAMs | Checksum: 1d12ef324

Time (s): cpu = 00:00:04 ; elapsed = 00:00:03 . Memory (MB): peak = 1059.680 ; gain = 24.211

Phase 3.3 Area Swap Optimization
Phase 3.3 Area Swap Optimization | Checksum: 16755f6dd

Time (s): cpu = 00:00:04 ; elapsed = 00:00:03 . Memory (MB): peak = 1059.680 ; gain = 24.211

Phase 3.4 Pipeline Register Optimization
Phase 3.4 Pipeline Register Optimization | Checksum: 16755f6dd

Time (s): cpu = 00:00:04 ; elapsed = 00:00:03 . Memory (MB): peak = 1059.680 ; gain = 24.211

Phase 3.5 Timing Path Optimizer
Phase 3.5 Timing Path Optimizer | Checksum: 12e6e3cd3

Time (s): cpu = 00:00:04 ; elapsed = 00:00:03 . Memory (MB): peak = 1059.680 ; gain = 24.211

Phase 3.6 Small Shape Detail Placement
Phase 3.6 Small Shape Detail Placement | Checksum: 1277e6940

Time (s): cpu = 00:00:04 ; elapsed = 00:00:03 . Memory (MB): peak = 1059.680 ; gain = 24.211

Phase 3.7 Re-assign LUT pins
Phase 3.7 Re-assign LUT pins | Checksum: 70d1f424

Time (s): cpu = 00:00:04 ; elapsed = 00:00:03 . Memory (MB): peak = 1059.680 ; gain = 24.211

Phase 3.8 Pipeline Register Optimization
Phase 3.8 Pipeline Register Optimization | Checksum: 70d1f424

Time (s): cpu = 00:00:05 ; elapsed = 00:00:04 . Memory (MB): peak = 1059.680 ; gain = 24.211
Phase 3 Detail Placement | Checksum: 70d1f424

Time (s): cpu = 00:00:05 ; elapsed = 00:00:04 . Memory (MB): peak = 1059.680 ; gain = 24.211

Phase 4 Post Placement Optimization and Clean-Up

Phase 4.1 Post Commit Optimization
INFO: [Timing 38-35] Done setting XDC timing constraints.

Phase 4.1.1 Post Placement Optimization
INFO: [Place 30-746] Post Placement Timing Summary WNS=3.493. For the most accurate timing information please run report_timing.
Phase 4.1.1 Post Placement Optimization | Checksum: d4944d80

Time (s): cpu = 00:00:05 ; elapsed = 00:00:04 . Memory (MB): peak = 1059.680 ; gain = 24.211
Phase 4.1 Post Commit Optimization | Checksum: d4944d80

Time (s): cpu = 00:00:05 ; elapsed = 00:00:04 . Memory (MB): peak = 1059.680 ; gain = 24.211

Phase 4.2 Post Placement Cleanup
Phase 4.2 Post Placement Cleanup | Checksum: d4944d80

Time (s): cpu = 00:00:05 ; elapsed = 00:00:04 . Memory (MB): peak = 1059.680 ; gain = 24.211

Phase 4.3 Placer Reporting
Phase 4.3 Placer Reporting | Checksum: d4944d80

Time (s): cpu = 00:00:05 ; elapsed = 00:00:04 . Memory (MB): peak = 1059.680 ; gain = 24.211

Phase 4.4 Final Placement Cleanup
Phase 4.4 Final Placement Cleanup | Checksum: ac88e150

Time (s): cpu = 00:00:05 ; elapsed = 00:00:04 . Memory (MB): peak = 1059.680 ; gain = 24.211
Phase 4 Post Placement Optimization and Clean-Up | Checksum: ac88e150

Time (s): cpu = 00:00:05 ; elapsed = 00:00:04 . Memory (MB): peak = 1059.680 ; gain = 24.211
Ending Placer Task | Checksum: 34f11d52

Time (s): cpu = 00:00:05 ; elapsed = 00:00:04 . Memory (MB): peak = 1059.680 ; gain = 24.211
INFO: [Common 17-83] Releasing license: Implementation
47 Infos, 0 Warnings, 0 Critical Warnings and 0 Errors encountered.
place_design completed successfully
place_design: Time (s): cpu = 00:00:07 ; elapsed = 00:00:05 . Memory (MB): peak = 1059.680 ; gain = 24.211
Writing placer database...
Writing XDEF routing.
Writing XDEF routing logical nets.
Writing XDEF routing special nets.
Write XDEF Complete: Time (s): cpu = 00:00:01 ; elapsed = 00:00:00.163 . Memory (MB): peak = 1059.680 ; gain = 0.000
INFO: [Common 17-1381] The checkpoint 'D:/CENG3430/Lab07/Lab07.runs/impl_1/stopwatch_system_wrapper_placed.dcp' has been generated.
report_io: Time (s): cpu = 00:00:00 ; elapsed = 00:00:00.104 . Memory (MB): peak = 1059.680 ; gain = 0.000
report_utilization: Time (s): cpu = 00:00:00 ; elapsed = 00:00:00.085 . Memory (MB): peak = 1059.680 ; gain = 0.000
report_control_sets: Time (s): cpu = 00:00:00 ; elapsed = 00:00:00.009 . Memory (MB): peak = 1059.680 ; gain = 0.000
Command: route_design
Attempting to get a license for feature 'Implementation' and/or device 'xc7z020'
INFO: [Common 17-349] Got license for feature 'Implementation' and/or device 'xc7z020'
Running DRC as a precondition to command route_design
INFO: [DRC 23-27] Running DRC with 2 threads
INFO: [Vivado_Tcl 4-198] DRC finished with 0 Errors
INFO: [Vivado_Tcl 4-199] Please refer to the DRC report (report_drc) for more information.


Starting Routing Task
INFO: [Route 35-254] Multithreading enabled for route_design using a maximum of 2 CPUs
Checksum: PlaceDB: 237ccc53 ConstDB: 0 ShapeSum: 117450ff RouteDB: 0

Phase 1 Build RT Design
Phase 1 Build RT Design | Checksum: 4b8b893a

Time (s): cpu = 00:00:24 ; elapsed = 00:00:21 . Memory (MB): peak = 1201.848 ; gain = 142.168

Phase 2 Router Initialization

Phase 2.1 Create Timer
Phase 2.1 Create Timer | Checksum: 4b8b893a

Time (s): cpu = 00:00:24 ; elapsed = 00:00:21 . Memory (MB): peak = 1201.848 ; gain = 142.168

Phase 2.2 Fix Topology Constraints
Phase 2.2 Fix Topology Constraints | Checksum: 4b8b893a

Time (s): cpu = 00:00:24 ; elapsed = 00:00:21 . Memory (MB): peak = 1201.848 ; gain = 142.168

Phase 2.3 Pre Route Cleanup
Phase 2.3 Pre Route Cleanup | Checksum: 4b8b893a

Time (s): cpu = 00:00:24 ; elapsed = 00:00:21 . Memory (MB): peak = 1201.848 ; gain = 142.168
 Number of Nodes with overlaps = 0

Phase 2.4 Update Timing
Phase 2.4 Update Timing | Checksum: 4b7cdecc

Time (s): cpu = 00:00:25 ; elapsed = 00:00:22 . Memory (MB): peak = 1209.961 ; gain = 150.281
INFO: [Route 35-416] Intermediate Timing Summary | WNS=3.597  | TNS=0.000  | WHS=-1.034 | THS=-19.974|

Phase 2 Router Initialization | Checksum: 8e963f1e

Time (s): cpu = 00:00:25 ; elapsed = 00:00:22 . Memory (MB): peak = 1209.961 ; gain = 150.281

Phase 3 Initial Routing
Phase 3 Initial Routing | Checksum: 16e87c67c

Time (s): cpu = 00:00:25 ; elapsed = 00:00:22 . Memory (MB): peak = 1209.961 ; gain = 150.281

Phase 4 Rip-up And Reroute

Phase 4.1 Global Iteration 0
 Number of Nodes with overlaps = 63
 Number of Nodes with overlaps = 1
 Number of Nodes with overlaps = 0

Phase 4.1.1 Update Timing
Phase 4.1.1 Update Timing | Checksum: d998de12

Time (s): cpu = 00:00:25 ; elapsed = 00:00:22 . Memory (MB): peak = 1209.961 ; gain = 150.281
INFO: [Route 35-416] Intermediate Timing Summary | WNS=3.661  | TNS=0.000  | WHS=N/A    | THS=N/A    |

Phase 4.1 Global Iteration 0 | Checksum: 15cc3bfbe

Time (s): cpu = 00:00:26 ; elapsed = 00:00:22 . Memory (MB): peak = 1209.961 ; gain = 150.281

Phase 4.2 Global Iteration 1
 Number of Nodes with overlaps = 0

Phase 4.2.1 Update Timing
Phase 4.2.1 Update Timing | Checksum: 141f84241

Time (s): cpu = 00:00:26 ; elapsed = 00:00:22 . Memory (MB): peak = 1209.961 ; gain = 150.281
INFO: [Route 35-416] Intermediate Timing Summary | WNS=3.661  | TNS=0.000  | WHS=N/A    | THS=N/A    |

Phase 4.2 Global Iteration 1 | Checksum: 1b19c07e0

Time (s): cpu = 00:00:26 ; elapsed = 00:00:22 . Memory (MB): peak = 1209.961 ; gain = 150.281
Phase 4 Rip-up And Reroute | Checksum: 1b19c07e0

Time (s): cpu = 00:00:26 ; elapsed = 00:00:22 . Memory (MB): peak = 1209.961 ; gain = 150.281

Phase 5 Delay and Skew Optimization

Phase 5.1 Delay CleanUp
Phase 5.1 Delay CleanUp | Checksum: 1b19c07e0

Time (s): cpu = 00:00:26 ; elapsed = 00:00:22 . Memory (MB): peak = 1209.961 ; gain = 150.281

Phase 5.2 Clock Skew Optimization
Phase 5.2 Clock Skew Optimization | Checksum: 1b19c07e0

Time (s): cpu = 00:00:26 ; elapsed = 00:00:22 . Memory (MB): peak = 1209.961 ; gain = 150.281
Phase 5 Delay and Skew Optimization | Checksum: 1b19c07e0

Time (s): cpu = 00:00:26 ; elapsed = 00:00:22 . Memory (MB): peak = 1209.961 ; gain = 150.281

Phase 6 Post Hold Fix

Phase 6.1 Hold Fix Iter

Phase 6.1.1 Update Timing
Phase 6.1.1 Update Timing | Checksum: 1457fc666

Time (s): cpu = 00:00:26 ; elapsed = 00:00:22 . Memory (MB): peak = 1209.961 ; gain = 150.281
INFO: [Route 35-416] Intermediate Timing Summary | WNS=3.675  | TNS=0.000  | WHS=0.068  | THS=0.000  |

Phase 6.1 Hold Fix Iter | Checksum: 16a59edf3

Time (s): cpu = 00:00:26 ; elapsed = 00:00:22 . Memory (MB): peak = 1209.961 ; gain = 150.281
Phase 6 Post Hold Fix | Checksum: 16a59edf3

Time (s): cpu = 00:00:26 ; elapsed = 00:00:22 . Memory (MB): peak = 1209.961 ; gain = 150.281

Phase 7 Route finalize

Router Utilization Summary
  Global Vertical Routing Utilization    = 0.216786 %
  Global Horizontal Routing Utilization  = 0.284652 %
  Routable Net Status*
  *Does not include unroutable nets such as driverless and loadless.
  Run report_route_status for detailed report.
  Number of Failed Nets               = 0
  Number of Unrouted Nets             = 0
  Number of Partially Routed Nets     = 0
  Number of Node Overlaps             = 0

Phase 7 Route finalize | Checksum: 10be01d92

Time (s): cpu = 00:00:26 ; elapsed = 00:00:23 . Memory (MB): peak = 1209.961 ; gain = 150.281

Phase 8 Verifying routed nets

 Verification completed successfully
Phase 8 Verifying routed nets | Checksum: 10be01d92

Time (s): cpu = 00:00:26 ; elapsed = 00:00:23 . Memory (MB): peak = 1209.961 ; gain = 150.281

Phase 9 Depositing Routes
Phase 9 Depositing Routes | Checksum: 163386e2d

Time (s): cpu = 00:00:26 ; elapsed = 00:00:23 . Memory (MB): peak = 1209.961 ; gain = 150.281

Phase 10 Post Router Timing
INFO: [Route 35-57] Estimated Timing Summary | WNS=3.675  | TNS=0.000  | WHS=0.068  | THS=0.000  |

INFO: [Route 35-327] The final timing numbers are based on the router estimated timing analysis. For a complete and accurate timing signoff, please run report_timing_summary.
Phase 10 Post Router Timing | Checksum: 163386e2d

Time (s): cpu = 00:00:26 ; elapsed = 00:00:23 . Memory (MB): peak = 1209.961 ; gain = 150.281
INFO: [Route 35-16] Router Completed Successfully

Time (s): cpu = 00:00:26 ; elapsed = 00:00:23 . Memory (MB): peak = 1209.961 ; gain = 150.281

Routing Is Done.
INFO: [Common 17-83] Releasing license: Implementation
61 Infos, 0 Warnings, 0 Critical Warnings and 0 Errors encountered.
route_design completed successfully
route_design: Time (s): cpu = 00:00:28 ; elapsed = 00:00:24 . Memory (MB): peak = 1209.961 ; gain = 150.281
Writing placer database...
Writing XDEF routing.
Writing XDEF routing logical nets.
Writing XDEF routing special nets.
Write XDEF Complete: Time (s): cpu = 00:00:01 ; elapsed = 00:00:00.211 . Memory (MB): peak = 1209.961 ; gain = 0.000
INFO: [Common 17-1381] The checkpoint 'D:/CENG3430/Lab07/Lab07.runs/impl_1/stopwatch_system_wrapper_routed.dcp' has been generated.
INFO: [DRC 23-27] Running DRC with 2 threads
INFO: [Coretcl 2-168] The results of DRC are in file D:/CENG3430/Lab07/Lab07.runs/impl_1/stopwatch_system_wrapper_drc_routed.rpt.
INFO: [Timing 38-35] Done setting XDC timing constraints.
INFO: [DRC 23-133] Running Methodology with 2 threads
INFO: [Coretcl 2-1520] The results of Report Methodology are in file D:/CENG3430/Lab07/Lab07.runs/impl_1/stopwatch_system_wrapper_methodology_drc_routed.rpt.
report_methodology: Time (s): cpu = 00:00:01 ; elapsed = 00:00:09 . Memory (MB): peak = 1209.961 ; gain = 0.000
INFO: [Timing 38-35] Done setting XDC timing constraints.
INFO: [Timing 38-91] UpdateTimingParams: Speed grade: -1, Delay Type: min_max.
INFO: [Timing 38-191] Multithreading enabled for timing update using a maximum of 2 CPUs
INFO: [Timing 38-35] Done setting XDC timing constraints.
Command: report_power -file stopwatch_system_wrapper_power_routed.rpt -pb stopwatch_system_wrapper_power_summary_routed.pb -rpx stopwatch_system_wrapper_power_routed.rpx
Running Vector-less Activity Propagation...

Finished Running Vector-less Activity Propagation
71 Infos, 0 Warnings, 0 Critical Warnings and 0 Errors encountered.
report_power completed successfully
Command: write_bitstream -force -no_partial_bitfile stopwatch_system_wrapper.bit
Attempting to get a license for feature 'Implementation' and/or device 'xc7z020'
INFO: [Common 17-349] Got license for feature 'Implementation' and/or device 'xc7z020'
Running DRC as a precondition to command write_bitstream
INFO: [DRC 23-27] Running DRC with 2 threads
INFO: [Vivado 12-3199] DRC finished with 0 Errors
INFO: [Vivado 12-3200] Please refer to the DRC report (report_drc) for more information.
Loading data files...
Loading site data...
Loading route data...
Processing options...
Creating bitmap...
Creating bitstream...
Writing bitstream ./stopwatch_system_wrapper.bit...
INFO: [Vivado 12-1842] Bitgen Completed Successfully.
INFO: [Project 1-120] WebTalk data collection is mandatory when using a WebPACK part without a full Vivado license. To see the specific WebTalk data collected for your design, open the usage_statistics_webtalk.html or usage_statistics_webtalk.xml file in the implementation directory.
INFO: [Common 17-83] Releasing license: Implementation
78 Infos, 0 Warnings, 0 Critical Warnings and 0 Errors encountered.
write_bitstream completed successfully
write_bitstream: Time (s): cpu = 00:00:17 ; elapsed = 00:00:17 . Memory (MB): peak = 1593.008 ; gain = 368.617
INFO: [Common 17-206] Exiting Vivado at Sun Mar 13 12:22:39 2022...
