#-----------------------------------------------------------
# Webtalk v2016.3 (64-bit)
# SW Build 1682563 on Mon Oct 10 19:07:27 MDT 2016
# 
# Start of session at: Sun Mar 13 12:29:46 2022
# Process ID: 2032
# Current directory: D:/CENG3430/Lab07/Lab07.sdk/webtalk
# Command line: wbtcv.exe -mode batch -source sdk_webtalk.tcl
# Log file: D:/CENG3430/Lab07/Lab07.sdk/webtalk/webtalk.log
# Journal file: D:/CENG3430/Lab07/Lab07.sdk/webtalk\webtalk.jou
#-----------------------------------------------------------
source sdk_webtalk.tcl
# webtalk_init -webtalk_dir D:\\CENG3430\\Lab07\\Lab07.sdk\\webtalk
# webtalk_register_client -client project
# webtalk_add_data -client project -key date_generated -value "2022-03-13 12:29:45" -context "software_version_and_target_device"
# webtalk_add_data -client project -key product_version -value "SDK v2016.3" -context "software_version_and_target_device"
# webtalk_add_data -client project -key build_version -value "2016.3" -context "software_version_and_target_device"
# webtalk_add_data -client project -key os_platform -value "amd64" -context "software_version_and_target_device"
# webtalk_add_data -client project -key registration_id -value "" -context "software_version_and_target_device"
# webtalk_add_data -client project -key tool_flow -value "SDK" -context "software_version_and_target_device"
# webtalk_add_data -client project -key beta -value "false" -context "software_version_and_target_device"
# webtalk_add_data -client project -key route_design -value "NA" -context "software_version_and_target_device"
# webtalk_add_data -client project -key target_family -value "NA" -context "software_version_and_target_device"
# webtalk_add_data -client project -key target_device -value "NA" -context "software_version_and_target_device"
# webtalk_add_data -client project -key target_package -value "NA" -context "software_version_and_target_device"
# webtalk_add_data -client project -key target_speed -value "NA" -context "software_version_and_target_device"
# webtalk_add_data -client project -key random_id -value "g86h4s84shtfbbgiftoqtt8spl" -context "software_version_and_target_device"
# webtalk_add_data -client project -key project_id -value "2016.3_2" -context "software_version_and_target_device"
# webtalk_add_data -client project -key project_iteration -value "2" -context "software_version_and_target_device"
# webtalk_add_data -client project -key os_name -value "Microsoft Windows 8 or later , 64-bit" -context "user_environment"
# webtalk_add_data -client project -key os_release -value "major release  (build 9200)" -context "user_environment"
# webtalk_add_data -client project -key cpu_name -value "AMD Ryzen 7 3700X 8-Core Processor             " -context "user_environment"
# webtalk_add_data -client project -key cpu_speed -value "4050 MHz" -context "user_environment"
# webtalk_add_data -client project -key total_processors -value "1" -context "user_environment"
# webtalk_add_data -client project -key system_ram -value "17.000 GB" -context "user_environment"
# webtalk_register_client -client sdk
# webtalk_add_data -client sdk -key uid -value "1647145567048" -context "sdk\\\\hardware/1647145567048"
# webtalk_add_data -client sdk -key isZynq -value "true" -context "sdk\\\\hardware/1647145567048"
# webtalk_add_data -client sdk -key isZynqMP -value "false" -context "sdk\\\\hardware/1647145567048"
# webtalk_add_data -client sdk -key Processors -value "2" -context "sdk\\\\hardware/1647145567048"
# webtalk_add_data -client sdk -key VivadoVersion -value "2016.3" -context "sdk\\\\hardware/1647145567048"
# webtalk_add_data -client sdk -key Arch -value "zynq" -context "sdk\\\\hardware/1647145567048"
# webtalk_add_data -client sdk -key Device -value "7z020" -context "sdk\\\\hardware/1647145567048"
# webtalk_add_data -client sdk -key IsHandoff -value "true" -context "sdk\\\\hardware/1647145567048"
# webtalk_add_data -client sdk -key os -value "NA" -context "sdk\\\\hardware/1647145567048"
# webtalk_add_data -client sdk -key apptemplate -value "NA" -context "sdk\\\\hardware/1647145567048"
# webtalk_add_data -client sdk -key RecordType -value "HWCreation" -context "sdk\\\\hardware/1647145567048"
# webtalk_add_data -client sdk -key uid -value "1647145617182" -context "sdk\\\\bsp/1647145617182"
# webtalk_add_data -client sdk -key hwid -value "1647145567048" -context "sdk\\\\bsp/1647145617182"
# webtalk_add_data -client sdk -key os -value "standalone" -context "sdk\\\\bsp/1647145617182"
# webtalk_add_data -client sdk -key apptemplate -value "empty_application" -context "sdk\\\\bsp/1647145617182"
# webtalk_add_data -client sdk -key RecordType -value "BSPCreation" -context "sdk\\\\bsp/1647145617182"
# webtalk_add_data -client sdk -key uid -value "1647145620942" -context "sdk\\\\application/1647145620942"
# webtalk_add_data -client sdk -key hwid -value "1647145567048" -context "sdk\\\\application/1647145620942"
# webtalk_add_data -client sdk -key bspid -value "1647145617182" -context "sdk\\\\application/1647145620942"
# webtalk_add_data -client sdk -key newbsp -value "true" -context "sdk\\\\application/1647145620942"
# webtalk_add_data -client sdk -key os -value "standalone" -context "sdk\\\\application/1647145620942"
# webtalk_add_data -client sdk -key apptemplate -value "empty_application" -context "sdk\\\\application/1647145620942"
# webtalk_add_data -client sdk -key RecordType -value "APPCreation" -context "sdk\\\\application/1647145620942"
# webtalk_add_data -client sdk -key LangUsed -value "C" -context "sdk\\\\application/1647145620942"
# webtalk_add_data -client sdk -key Procused -value "ps7_cortexa9" -context "sdk\\\\application/1647145620942"
# webtalk_add_data -client sdk -key projSize -value "191.0" -context "sdk\\\\application/1647145620942"
# webtalk_add_data -client sdk -key uid -value "NA" -context "sdk\\\\bsp/1647145785117"
# webtalk_add_data -client sdk -key RecordType -value "ToolUsage" -context "sdk\\\\bsp/1647145785117"
# webtalk_add_data -client sdk -key BootgenCount -value "0" -context "sdk\\\\bsp/1647145785117"
# webtalk_add_data -client sdk -key DebugCount -value "2" -context "sdk\\\\bsp/1647145785117"
# webtalk_add_data -client sdk -key PerfCount -value "0" -context "sdk\\\\bsp/1647145785117"
# webtalk_add_data -client sdk -key FlashCount -value "0" -context "sdk\\\\bsp/1647145785117"
# webtalk_add_data -client sdk -key CrossTriggCount -value "0" -context "sdk\\\\bsp/1647145785117"
# webtalk_add_data -client sdk -key QemuDebugCount -value "0" -context "sdk\\\\bsp/1647145785117"
# webtalk_transmit -clientid 1902615688 -regid "" -xml D:\\CENG3430\\Lab07\\Lab07.sdk\\webtalk\\usage_statistics_ext_sdk.xml -html D:\\CENG3430\\Lab07\\Lab07.sdk\\webtalk\\usage_statistics_ext_sdk.html -wdm D:\\CENG3430\\Lab07\\Lab07.sdk\\webtalk\\sdk_webtalk.wdm -intro "<H3>SDK Usage Report</H3><BR>"
# webtalk_terminate
INFO: [Common 17-206] Exiting Webtalk at Sun Mar 13 12:29:51 2022...
